L 10/31/2022 - 00:00:00: -------- Mapchange to jail_czone --------
L 10/31/2022 - 00:00:03: [gamecms_api.amxx] Reading GameCMS settings file... OK
L 10/31/2022 - 00:00:03: [AMXX] Failed to open dictionary file: cstrike/addons/amxmodx/data/lang/jb_blockct.txt
L 10/31/2022 - 00:00:03: [AdminsOnline.amxx] Файл addons/amxmodx/configs/AO/AO_31_10_2022.txt успешно создан!
L 10/31/2022 - 00:00:03: [gamecms_api.amxx] Connection to the GameCMS database is established
L 10/31/2022 - 00:00:03: [gamecms_api.amxx] "61" services was 'Loaded' from database. Total on server: "61" services.
L 10/31/2022 - 00:00:03: [pluginmenu.amxx] Can't add menu item "Plugin Cvars" from plugin "pluginmenu.amxx" to menu set because the Menus Front-End plugin itself is not loaded!
L 10/31/2022 - 00:00:03: [pluginmenu.amxx] Can't add menu item "Plugin Commands" from plugin "pluginmenu.amxx" to menu set because the Menus Front-End plugin itself is not loaded!
L 10/31/2022 - 00:56:38: -------- Mapchange to jb_mini --------
L 10/31/2022 - 00:56:40: [gamecms_api.amxx] Reading GameCMS settings file... OK
L 10/31/2022 - 00:56:40: [AMXX] Failed to open dictionary file: cstrike/addons/amxmodx/data/lang/jb_blockct.txt
L 10/31/2022 - 00:56:40: [gamecms_api.amxx] Connection to the GameCMS database is established
L 10/31/2022 - 00:56:40: [gamecms_api.amxx] "61" services was 'Loaded' from database. Total on server: "61" services.
L 10/31/2022 - 00:56:41: [pluginmenu.amxx] Can't add menu item "Plugin Cvars" from plugin "pluginmenu.amxx" to menu set because the Menus Front-End plugin itself is not loaded!
L 10/31/2022 - 00:56:41: [pluginmenu.amxx] Can't add menu item "Plugin Commands" from plugin "pluginmenu.amxx" to menu set because the Menus Front-End plugin itself is not loaded!
L 10/31/2022 - 01:53:16: -------- Mapchange to jail_buyuklise --------
L 10/31/2022 - 01:53:17: [gamecms_api.amxx] Reading GameCMS settings file... OK
L 10/31/2022 - 01:53:17: [AMXX] Failed to open dictionary file: cstrike/addons/amxmodx/data/lang/jb_blockct.txt
L 10/31/2022 - 01:53:17: [gamecms_api.amxx] Connection to the GameCMS database is established
L 10/31/2022 - 01:53:18: [gamecms_api.amxx] "61" services was 'Loaded' from database. Total on server: "61" services.
L 10/31/2022 - 01:53:18: [pluginmenu.amxx] Can't add menu item "Plugin Cvars" from plugin "pluginmenu.amxx" to menu set because the Menus Front-End plugin itself is not loaded!
L 10/31/2022 - 01:53:18: [pluginmenu.amxx] Can't add menu item "Plugin Commands" from plugin "pluginmenu.amxx" to menu set because the Menus Front-End plugin itself is not loaded!
L 10/31/2022 - 02:49:53: -------- Mapchange to jail_sebastian --------
L 10/31/2022 - 02:49:55: [gamecms_api.amxx] Reading GameCMS settings file... OK
L 10/31/2022 - 02:49:55: [AMXX] Failed to open dictionary file: cstrike/addons/amxmodx/data/lang/jb_blockct.txt
L 10/31/2022 - 02:49:55: [gamecms_api.amxx] Connection to the GameCMS database is established
L 10/31/2022 - 02:49:56: [gamecms_api.amxx] "61" services was 'Loaded' from database. Total on server: "61" services.
L 10/31/2022 - 02:49:56: [pluginmenu.amxx] Can't add menu item "Plugin Cvars" from plugin "pluginmenu.amxx" to menu set because the Menus Front-End plugin itself is not loaded!
L 10/31/2022 - 02:49:56: [pluginmenu.amxx] Can't add menu item "Plugin Commands" from plugin "pluginmenu.amxx" to menu set because the Menus Front-End plugin itself is not loaded!
L 10/31/2022 - 03:46:31: -------- Mapchange to jail_buyukmekan_fix --------
L 10/31/2022 - 03:46:33: [gamecms_api.amxx] Reading GameCMS settings file... OK
L 10/31/2022 - 03:46:33: [AMXX] Failed to open dictionary file: cstrike/addons/amxmodx/data/lang/jb_blockct.txt
L 10/31/2022 - 03:46:33: [gamecms_api.amxx] Connection to the GameCMS database is established
L 10/31/2022 - 03:46:33: [gamecms_api.amxx] "61" services was 'Loaded' from database. Total on server: "61" services.
L 10/31/2022 - 03:46:34: [pluginmenu.amxx] Can't add menu item "Plugin Cvars" from plugin "pluginmenu.amxx" to menu set because the Menus Front-End plugin itself is not loaded!
L 10/31/2022 - 03:46:34: [pluginmenu.amxx] Can't add menu item "Plugin Commands" from plugin "pluginmenu.amxx" to menu set because the Menus Front-End plugin itself is not loaded!
L 10/31/2022 - 04:43:09: -------- Mapchange to jail_buyukinfaz --------
L 10/31/2022 - 04:43:11: [gamecms_api.amxx] Reading GameCMS settings file... OK
L 10/31/2022 - 04:43:11: [AMXX] Failed to open dictionary file: cstrike/addons/amxmodx/data/lang/jb_blockct.txt
L 10/31/2022 - 04:43:11: [gamecms_api.amxx] Connection to the GameCMS database is established
L 10/31/2022 - 04:43:11: [gamecms_api.amxx] "61" services was 'Loaded' from database. Total on server: "61" services.
L 10/31/2022 - 04:43:12: [pluginmenu.amxx] Can't add menu item "Plugin Cvars" from plugin "pluginmenu.amxx" to menu set because the Menus Front-End plugin itself is not loaded!
L 10/31/2022 - 04:43:12: [pluginmenu.amxx] Can't add menu item "Plugin Commands" from plugin "pluginmenu.amxx" to menu set because the Menus Front-End plugin itself is not loaded!
L 10/31/2022 - 05:30:25: [lite_mapchooser.amxx] Vote: Voting for the nextmap started
L 10/31/2022 - 05:30:36: [lite_mapchooser.amxx] [End VoteMap] Voting for the nextmap finished. The nextmap will be jail_alayinaisyan_b5
L 10/31/2022 - 05:30:39: -------- Mapchange to jail_alayinaisyan_b5 --------
L 10/31/2022 - 05:30:41: [gamecms_api.amxx] Reading GameCMS settings file... OK
L 10/31/2022 - 05:30:41: [AMXX] Failed to open dictionary file: cstrike/addons/amxmodx/data/lang/jb_blockct.txt
L 10/31/2022 - 05:30:41: [gamecms_api.amxx] Connection to the GameCMS database is established
L 10/31/2022 - 05:30:41: [gamecms_api.amxx] "61" services was 'Loaded' from database. Total on server: "61" services.
L 10/31/2022 - 05:30:41: [pluginmenu.amxx] Can't add menu item "Plugin Cvars" from plugin "pluginmenu.amxx" to menu set because the Menus Front-End plugin itself is not loaded!
L 10/31/2022 - 05:30:41: [pluginmenu.amxx] Can't add menu item "Plugin Commands" from plugin "pluginmenu.amxx" to menu set because the Menus Front-End plugin itself is not loaded!
L 10/31/2022 - 06:27:54: -------- Mapchange to jail_alayinaisyan_b5 --------
L 10/31/2022 - 06:27:56: [gamecms_api.amxx] Reading GameCMS settings file... OK
L 10/31/2022 - 06:27:56: [AMXX] Failed to open dictionary file: cstrike/addons/amxmodx/data/lang/jb_blockct.txt
L 10/31/2022 - 06:27:56: [gamecms_api.amxx] Connection to the GameCMS database is established
L 10/31/2022 - 06:27:56: [gamecms_api.amxx] "61" services was 'Loaded' from database. Total on server: "61" services.
L 10/31/2022 - 06:27:56: [pluginmenu.amxx] Can't add menu item "Plugin Cvars" from plugin "pluginmenu.amxx" to menu set because the Menus Front-End plugin itself is not loaded!
L 10/31/2022 - 06:27:56: [pluginmenu.amxx] Can't add menu item "Plugin Commands" from plugin "pluginmenu.amxx" to menu set because the Menus Front-End plugin itself is not loaded!
L 10/31/2022 - 07:25:08: -------- Mapchange to jail_reset_v2 --------
L 10/31/2022 - 07:25:10: [gamecms_api.amxx] Reading GameCMS settings file... OK
L 10/31/2022 - 07:25:10: [AMXX] Failed to open dictionary file: cstrike/addons/amxmodx/data/lang/jb_blockct.txt
L 10/31/2022 - 07:25:10: [gamecms_api.amxx] Connection to the GameCMS database is established
L 10/31/2022 - 07:25:10: [gamecms_api.amxx] "61" services was 'Loaded' from database. Total on server: "61" services.
L 10/31/2022 - 07:25:11: [pluginmenu.amxx] Can't add menu item "Plugin Cvars" from plugin "pluginmenu.amxx" to menu set because the Menus Front-End plugin itself is not loaded!
L 10/31/2022 - 07:25:11: [pluginmenu.amxx] Can't add menu item "Plugin Commands" from plugin "pluginmenu.amxx" to menu set because the Menus Front-End plugin itself is not loaded!
L 10/31/2022 - 08:22:23: -------- Mapchange to jail_west_v2 --------
L 10/31/2022 - 08:22:24: [gamecms_api.amxx] Reading GameCMS settings file... OK
L 10/31/2022 - 08:22:24: [AMXX] Failed to open dictionary file: cstrike/addons/amxmodx/data/lang/jb_blockct.txt
L 10/31/2022 - 08:22:24: [gamecms_api.amxx] Connection to the GameCMS database is established
L 10/31/2022 - 08:22:24: [gamecms_api.amxx] "61" services was 'Loaded' from database. Total on server: "61" services.
L 10/31/2022 - 08:22:25: [pluginmenu.amxx] Can't add menu item "Plugin Cvars" from plugin "pluginmenu.amxx" to menu set because the Menus Front-End plugin itself is not loaded!
L 10/31/2022 - 08:22:25: [pluginmenu.amxx] Can't add menu item "Plugin Commands" from plugin "pluginmenu.amxx" to menu set because the Menus Front-End plugin itself is not loaded!
L 10/31/2022 - 08:46:21: [lite_mapchooser.amxx] Vote: Voting for the nextmap started
L 10/31/2022 - 08:46:31: [lite_mapchooser.amxx] [End VoteMap] Voting for the nextmap finished. The nextmap will be jail_czone
L 10/31/2022 - 08:46:34: -------- Mapchange to jail_czone --------
L 10/31/2022 - 08:46:36: [gamecms_api.amxx] Reading GameCMS settings file... OK
L 10/31/2022 - 08:46:36: [AMXX] Failed to open dictionary file: cstrike/addons/amxmodx/data/lang/jb_blockct.txt
L 10/31/2022 - 08:46:36: [gamecms_api.amxx] Connection to the GameCMS database is established
L 10/31/2022 - 08:46:36: [gamecms_api.amxx] "61" services was 'Loaded' from database. Total on server: "61" services.
L 10/31/2022 - 08:46:37: [pluginmenu.amxx] Can't add menu item "Plugin Cvars" from plugin "pluginmenu.amxx" to menu set because the Menus Front-End plugin itself is not loaded!
L 10/31/2022 - 08:46:37: [pluginmenu.amxx] Can't add menu item "Plugin Commands" from plugin "pluginmenu.amxx" to menu set because the Menus Front-End plugin itself is not loaded!
L 10/31/2022 - 08:54:58: [gamecms_api.amxx] Authentication... "<HyPe><STEAM_1:0:312021417>" (Account name "STEAM_1:0:312021417" / Admin index "10") (Service flags "stmcphufeqojwdt") (Service name "Интеллектуал + Админ*")
L 10/31/2022 - 08:54:59: [gamecms_api.amxx] Authentication... "<HyPe><STEAM_1:0:312021417>" (Account name "STEAM_1:0:312021417" / Admin index "10") (Service flags "stmcphufeqojwdt") (Service name "Интеллектуал + Админ*")
L 10/31/2022 - 09:07:01: [lite_mapchooser.amxx] Vote: Voting for the nextmap started
L 10/31/2022 - 09:07:11: [lite_mapchooser.amxx] [End VoteMap] Voting for the nextmap finished. The nextmap will be jail_buyuklise
L 10/31/2022 - 09:07:14: -------- Mapchange to jail_buyuklise --------
L 10/31/2022 - 09:07:16: [gamecms_api.amxx] Reading GameCMS settings file... OK
L 10/31/2022 - 09:07:16: [AMXX] Failed to open dictionary file: cstrike/addons/amxmodx/data/lang/jb_blockct.txt
L 10/31/2022 - 09:07:16: [gamecms_api.amxx] Connection to the GameCMS database is established
L 10/31/2022 - 09:07:16: [gamecms_api.amxx] "61" services was 'Loaded' from database. Total on server: "61" services.
L 10/31/2022 - 09:07:16: [pluginmenu.amxx] Can't add menu item "Plugin Cvars" from plugin "pluginmenu.amxx" to menu set because the Menus Front-End plugin itself is not loaded!
L 10/31/2022 - 09:07:16: [pluginmenu.amxx] Can't add menu item "Plugin Commands" from plugin "pluginmenu.amxx" to menu set because the Menus Front-End plugin itself is not loaded!
L 10/31/2022 - 10:08:17: -------- Mapchange to jail_czone --------
L 10/31/2022 - 10:08:19: [gamecms_api.amxx] Reading GameCMS settings file... OK
L 10/31/2022 - 10:08:19: [AMXX] Failed to open dictionary file: cstrike/addons/amxmodx/data/lang/jb_blockct.txt
L 10/31/2022 - 10:08:19: [gamecms_api.amxx] Connection to the GameCMS database is established
L 10/31/2022 - 10:08:19: [gamecms_api.amxx] "61" services was 'Loaded' from database. Total on server: "61" services.
L 10/31/2022 - 10:08:20: [pluginmenu.amxx] Can't add menu item "Plugin Cvars" from plugin "pluginmenu.amxx" to menu set because the Menus Front-End plugin itself is not loaded!
L 10/31/2022 - 10:08:20: [pluginmenu.amxx] Can't add menu item "Plugin Commands" from plugin "pluginmenu.amxx" to menu set because the Menus Front-End plugin itself is not loaded!
L 10/31/2022 - 11:09:21: -------- Mapchange to jb_mini --------
L 10/31/2022 - 11:09:22: [gamecms_api.amxx] Reading GameCMS settings file... OK
L 10/31/2022 - 11:09:22: [AMXX] Failed to open dictionary file: cstrike/addons/amxmodx/data/lang/jb_blockct.txt
L 10/31/2022 - 11:09:22: [gamecms_api.amxx] Connection to the GameCMS database is established
L 10/31/2022 - 11:09:23: [gamecms_api.amxx] "61" services was 'Loaded' from database. Total on server: "61" services.
L 10/31/2022 - 11:09:23: [pluginmenu.amxx] Can't add menu item "Plugin Cvars" from plugin "pluginmenu.amxx" to menu set because the Menus Front-End plugin itself is not loaded!
L 10/31/2022 - 11:09:23: [pluginmenu.amxx] Can't add menu item "Plugin Commands" from plugin "pluginmenu.amxx" to menu set because the Menus Front-End plugin itself is not loaded!
L 10/31/2022 - 11:30:12: [gamecms_api.amxx] Authentication... "<DoNt><STEAM_2:1:1115243388>" (Account name "DoNt" / Admin index "15") (Service flags "stmcpt") (Service name "Альфа")
L 10/31/2022 - 11:30:16: [gamecms_api.amxx] Authentication... "<DoNt><STEAM_2:1:1115243388>" (Account name "DoNt" / Admin index "15") (Service flags "stmcpt") (Service name "Альфа")
L 10/31/2022 - 11:30:40: [lite_mapchooser.amxx] Vote: Voting for the nextmap started
L 10/31/2022 - 11:30:50: [lite_mapchooser.amxx] [End VoteMap] Voting for the nextmap finished. The nextmap will be jail_west_v2
L 10/31/2022 - 11:30:53: -------- Mapchange to jail_west_v2 --------
L 10/31/2022 - 11:30:55: [gamecms_api.amxx] Reading GameCMS settings file... OK
L 10/31/2022 - 11:30:55: [AMXX] Failed to open dictionary file: cstrike/addons/amxmodx/data/lang/jb_blockct.txt
L 10/31/2022 - 11:30:55: [gamecms_api.amxx] Connection to the GameCMS database is established
L 10/31/2022 - 11:30:55: [gamecms_api.amxx] "61" services was 'Loaded' from database. Total on server: "61" services.
L 10/31/2022 - 11:30:56: [pluginmenu.amxx] Can't add menu item "Plugin Cvars" from plugin "pluginmenu.amxx" to menu set because the Menus Front-End plugin itself is not loaded!
L 10/31/2022 - 11:30:56: [pluginmenu.amxx] Can't add menu item "Plugin Commands" from plugin "pluginmenu.amxx" to menu set because the Menus Front-End plugin itself is not loaded!
L 10/31/2022 - 11:30:56: [gamecms_api.amxx] Authentication... "<DoNt><STEAM_2:1:1115243388>" (Account name "DoNt" / Admin index "15") (Service flags "stmcpt") (Service name "Альфа")
L 10/31/2022 - 11:30:58: [gamecms_api.amxx] Authentication... "<DoNt><STEAM_2:1:1115243388>" (Account name "DoNt" / Admin index "15") (Service flags "stmcpt") (Service name "Альфа")
L 10/31/2022 - 11:32:52: [gamecms_api.amxx] Authentication... "<DoNt><STEAM_2:1:1115243388>" (Account name "DoNt" / Admin index "15") (Service flags "stmcpt") (Service name "Альфа")
L 10/31/2022 - 11:32:57: [gamecms_api.amxx] Authentication... "<DoNt><STEAM_2:1:1115243388>" (Account name "DoNt" / Admin index "15") (Service flags "stmcpt") (Service name "Альфа")
L 10/31/2022 - 12:27:31: -------- Mapchange to jail_buyuklise --------
L 10/31/2022 - 12:27:32: [gamecms_api.amxx] Reading GameCMS settings file... OK
L 10/31/2022 - 12:27:32: [AMXX] Failed to open dictionary file: cstrike/addons/amxmodx/data/lang/jb_blockct.txt
L 10/31/2022 - 12:27:32: [gamecms_api.amxx] Connection to the GameCMS database is established
L 10/31/2022 - 12:27:33: [gamecms_api.amxx] "61" services was 'Loaded' from database. Total on server: "61" services.
L 10/31/2022 - 12:27:33: [pluginmenu.amxx] Can't add menu item "Plugin Cvars" from plugin "pluginmenu.amxx" to menu set because the Menus Front-End plugin itself is not loaded!
L 10/31/2022 - 12:27:33: [pluginmenu.amxx] Can't add menu item "Plugin Commands" from plugin "pluginmenu.amxx" to menu set because the Menus Front-End plugin itself is not loaded!
L 10/31/2022 - 13:24:08: -------- Mapchange to jail_sebastian --------
L 10/31/2022 - 13:24:10: [gamecms_api.amxx] Reading GameCMS settings file... OK
L 10/31/2022 - 13:24:10: [AMXX] Failed to open dictionary file: cstrike/addons/amxmodx/data/lang/jb_blockct.txt
L 10/31/2022 - 13:24:10: [gamecms_api.amxx] Connection to the GameCMS database is established
L 10/31/2022 - 13:24:11: [gamecms_api.amxx] "61" services was 'Loaded' from database. Total on server: "61" services.
L 10/31/2022 - 13:24:11: [pluginmenu.amxx] Can't add menu item "Plugin Cvars" from plugin "pluginmenu.amxx" to menu set because the Menus Front-End plugin itself is not loaded!
L 10/31/2022 - 13:24:11: [pluginmenu.amxx] Can't add menu item "Plugin Commands" from plugin "pluginmenu.amxx" to menu set because the Menus Front-End plugin itself is not loaded!
L 10/31/2022 - 13:49:16: [lite_mapchooser.amxx] Vote: Voting for the nextmap started
L 10/31/2022 - 13:49:26: [lite_mapchooser.amxx] [End VoteMap] Voting for the nextmap finished. The nextmap will be jaiI_xmf_v2
L 10/31/2022 - 13:49:29: -------- Mapchange to jaiI_xmf_v2 --------
L 10/31/2022 - 13:49:31: [gamecms_api.amxx] Reading GameCMS settings file... OK
L 10/31/2022 - 13:49:31: [AMXX] Failed to open dictionary file: cstrike/addons/amxmodx/data/lang/jb_blockct.txt
L 10/31/2022 - 13:49:31: [gamecms_api.amxx] Connection to the GameCMS database is established
L 10/31/2022 - 13:49:31: [gamecms_api.amxx] "61" services was 'Loaded' from database. Total on server: "61" services.
L 10/31/2022 - 13:49:31: [pluginmenu.amxx] Can't add menu item "Plugin Cvars" from plugin "pluginmenu.amxx" to menu set because the Menus Front-End plugin itself is not loaded!
L 10/31/2022 - 13:49:31: [pluginmenu.amxx] Can't add menu item "Plugin Commands" from plugin "pluginmenu.amxx" to menu set because the Menus Front-End plugin itself is not loaded!
L 10/31/2022 - 14:46:09: -------- Mapchange to jail_buyukmekan_fix --------
L 10/31/2022 - 14:46:11: [gamecms_api.amxx] Reading GameCMS settings file... OK
L 10/31/2022 - 14:46:11: [AMXX] Failed to open dictionary file: cstrike/addons/amxmodx/data/lang/jb_blockct.txt
L 10/31/2022 - 14:46:11: [gamecms_api.amxx] Connection to the GameCMS database is established
L 10/31/2022 - 14:46:11: [gamecms_api.amxx] "61" services was 'Loaded' from database. Total on server: "61" services.
L 10/31/2022 - 14:46:12: [pluginmenu.amxx] Can't add menu item "Plugin Cvars" from plugin "pluginmenu.amxx" to menu set because the Menus Front-End plugin itself is not loaded!
L 10/31/2022 - 14:46:12: [pluginmenu.amxx] Can't add menu item "Plugin Commands" from plugin "pluginmenu.amxx" to menu set because the Menus Front-End plugin itself is not loaded!
L 10/31/2022 - 15:31:36: [lite_mapchooser.amxx] Vote: Voting for the nextmap started
L 10/31/2022 - 15:31:46: [lite_mapchooser.amxx] [End VoteMap] Voting for the nextmap finished. Map jail_buyukmekan_fix extended by 15 minutes
L 10/31/2022 - 15:34:12: [lite_mapchooser.amxx] Vote: Voting for the nextmap started
L 10/31/2022 - 15:34:22: [lite_mapchooser.amxx] [End VoteMap] Voting for the nextmap finished. Map jail_buyukmekan_fix extended by 15 minutes
L 10/31/2022 - 20:34:58: -------- Mapchange to jaiI_xmf_v2 --------
L 10/31/2022 - 20:35:00: [gamecms_api.amxx] Reading GameCMS settings file... OK
L 10/31/2022 - 20:35:00: [AMXX] Failed to open dictionary file: cstrike/addons/amxmodx/data/lang/jb_blockct.txt
L 10/31/2022 - 20:35:00: [gamecms_api.amxx] Connection to the GameCMS database is established
L 10/31/2022 - 20:35:01: [gamecms_api.amxx] "61" services was 'Loaded' from database. Total on server: "61" services.
L 10/31/2022 - 20:35:01: [pluginmenu.amxx] Can't add menu item "Plugin Cvars" from plugin "pluginmenu.amxx" to menu set because the Menus Front-End plugin itself is not loaded!
L 10/31/2022 - 20:35:01: [pluginmenu.amxx] Can't add menu item "Plugin Commands" from plugin "pluginmenu.amxx" to menu set because the Menus Front-End plugin itself is not loaded!
L 10/31/2022 - 21:31:11: -------- Mapchange to jail_alayinaisyan_b5 --------
L 10/31/2022 - 21:31:12: [gamecms_api.amxx] Reading GameCMS settings file... OK
L 10/31/2022 - 21:31:12: [AMXX] Failed to open dictionary file: cstrike/addons/amxmodx/data/lang/jb_blockct.txt
L 10/31/2022 - 21:31:12: [gamecms_api.amxx] Connection to the GameCMS database is established
L 10/31/2022 - 21:31:12: [gamecms_api.amxx] "61" services was 'Loaded' from database. Total on server: "61" services.
L 10/31/2022 - 21:31:13: [pluginmenu.amxx] Can't add menu item "Plugin Cvars" from plugin "pluginmenu.amxx" to menu set because the Menus Front-End plugin itself is not loaded!
L 10/31/2022 - 21:31:13: [pluginmenu.amxx] Can't add menu item "Plugin Commands" from plugin "pluginmenu.amxx" to menu set because the Menus Front-End plugin itself is not loaded!
L 10/31/2022 - 22:11:45: [lite_mapchooser.amxx] Vote: Voting for the nextmap started
L 10/31/2022 - 22:11:55: [lite_mapchooser.amxx] [End VoteMap] Voting for the nextmap finished. The nextmap will be jail_west_v2
L 10/31/2022 - 22:11:58: -------- Mapchange to jail_west_v2 --------
L 10/31/2022 - 22:12:00: [gamecms_api.amxx] Reading GameCMS settings file... OK
L 10/31/2022 - 22:12:00: [AMXX] Failed to open dictionary file: cstrike/addons/amxmodx/data/lang/jb_blockct.txt
L 10/31/2022 - 22:12:00: [gamecms_api.amxx] Connection to the GameCMS database is established
L 10/31/2022 - 22:12:00: [gamecms_api.amxx] "61" services was 'Loaded' from database. Total on server: "61" services.
L 10/31/2022 - 22:12:00: [pluginmenu.amxx] Can't add menu item "Plugin Cvars" from plugin "pluginmenu.amxx" to menu set because the Menus Front-End plugin itself is not loaded!
L 10/31/2022 - 22:12:00: [pluginmenu.amxx] Can't add menu item "Plugin Commands" from plugin "pluginmenu.amxx" to menu set because the Menus Front-End plugin itself is not loaded!
L 10/31/2022 - 22:39:34: [lite_mapchooser.amxx] Vote: Voting for the nextmap started
L 10/31/2022 - 22:39:44: [lite_mapchooser.amxx] [End VoteMap] Nobody voted for the nextmap. Random map jail_sebastian
L 10/31/2022 - 22:39:47: -------- Mapchange to jail_sebastian --------
L 10/31/2022 - 22:39:49: [gamecms_api.amxx] Reading GameCMS settings file... OK
L 10/31/2022 - 22:39:49: [AMXX] Failed to open dictionary file: cstrike/addons/amxmodx/data/lang/jb_blockct.txt
L 10/31/2022 - 22:39:49: [gamecms_api.amxx] Connection to the GameCMS database is established
L 10/31/2022 - 22:39:49: [gamecms_api.amxx] "61" services was 'Loaded' from database. Total on server: "61" services.
L 10/31/2022 - 22:39:50: [pluginmenu.amxx] Can't add menu item "Plugin Cvars" from plugin "pluginmenu.amxx" to menu set because the Menus Front-End plugin itself is not loaded!
L 10/31/2022 - 22:39:50: [pluginmenu.amxx] Can't add menu item "Plugin Commands" from plugin "pluginmenu.amxx" to menu set because the Menus Front-End plugin itself is not loaded!
