L 10/27/2022 - 00:05:13: -------- Mapchange to jail_reset_v2 --------
L 10/27/2022 - 00:05:15: [gamecms_api.amxx] Reading GameCMS settings file... OK
L 10/27/2022 - 00:05:15: [AMXX] Failed to open dictionary file: cstrike/addons/amxmodx/data/lang/jb_blockct.txt
L 10/27/2022 - 00:05:15: [AdminsOnline.amxx] Файл addons/amxmodx/configs/AO/AO_27_10_2022.txt успешно создан!
L 10/27/2022 - 00:05:15: [gamecms_api.amxx] Connection to the GameCMS database is established
L 10/27/2022 - 00:05:15: [gamecms_api.amxx] "60" services was 'Loaded' from database. Total on server: "60" services.
L 10/27/2022 - 00:05:15: [pluginmenu.amxx] Can't add menu item "Plugin Cvars" from plugin "pluginmenu.amxx" to menu set because the Menus Front-End plugin itself is not loaded!
L 10/27/2022 - 00:05:15: [pluginmenu.amxx] Can't add menu item "Plugin Commands" from plugin "pluginmenu.amxx" to menu set because the Menus Front-End plugin itself is not loaded!
L 10/27/2022 - 01:07:08: -------- Mapchange to jail_west_v2 --------
L 10/27/2022 - 01:07:09: [gamecms_api.amxx] Reading GameCMS settings file... OK
L 10/27/2022 - 01:07:09: [AMXX] Failed to open dictionary file: cstrike/addons/amxmodx/data/lang/jb_blockct.txt
L 10/27/2022 - 01:07:09: [gamecms_api.amxx] Connection to the GameCMS database is established
L 10/27/2022 - 01:07:09: [gamecms_api.amxx] "60" services was 'Loaded' from database. Total on server: "60" services.
L 10/27/2022 - 01:07:10: [pluginmenu.amxx] Can't add menu item "Plugin Cvars" from plugin "pluginmenu.amxx" to menu set because the Menus Front-End plugin itself is not loaded!
L 10/27/2022 - 01:07:10: [pluginmenu.amxx] Can't add menu item "Plugin Commands" from plugin "pluginmenu.amxx" to menu set because the Menus Front-End plugin itself is not loaded!
L 10/27/2022 - 02:09:02: -------- Mapchange to jail_czone --------
L 10/27/2022 - 02:09:04: [gamecms_api.amxx] Reading GameCMS settings file... OK
L 10/27/2022 - 02:09:04: [AMXX] Failed to open dictionary file: cstrike/addons/amxmodx/data/lang/jb_blockct.txt
L 10/27/2022 - 02:09:04: [gamecms_api.amxx] Connection to the GameCMS database is established
L 10/27/2022 - 02:09:04: [gamecms_api.amxx] "60" services was 'Loaded' from database. Total on server: "60" services.
L 10/27/2022 - 02:09:04: [pluginmenu.amxx] Can't add menu item "Plugin Cvars" from plugin "pluginmenu.amxx" to menu set because the Menus Front-End plugin itself is not loaded!
L 10/27/2022 - 02:09:04: [pluginmenu.amxx] Can't add menu item "Plugin Commands" from plugin "pluginmenu.amxx" to menu set because the Menus Front-End plugin itself is not loaded!
L 10/27/2022 - 03:10:57: -------- Mapchange to jb_mini --------
L 10/27/2022 - 03:10:58: [gamecms_api.amxx] Reading GameCMS settings file... OK
L 10/27/2022 - 03:10:58: [AMXX] Failed to open dictionary file: cstrike/addons/amxmodx/data/lang/jb_blockct.txt
L 10/27/2022 - 03:10:58: [gamecms_api.amxx] Connection to the GameCMS database is established
L 10/27/2022 - 03:10:58: [gamecms_api.amxx] "60" services was 'Loaded' from database. Total on server: "60" services.
L 10/27/2022 - 03:10:59: [pluginmenu.amxx] Can't add menu item "Plugin Cvars" from plugin "pluginmenu.amxx" to menu set because the Menus Front-End plugin itself is not loaded!
L 10/27/2022 - 03:10:59: [pluginmenu.amxx] Can't add menu item "Plugin Commands" from plugin "pluginmenu.amxx" to menu set because the Menus Front-End plugin itself is not loaded!
L 10/27/2022 - 04:12:51: -------- Mapchange to jail_buyuklise --------
L 10/27/2022 - 04:12:53: [gamecms_api.amxx] Reading GameCMS settings file... OK
L 10/27/2022 - 04:12:53: [AMXX] Failed to open dictionary file: cstrike/addons/amxmodx/data/lang/jb_blockct.txt
L 10/27/2022 - 04:12:53: [gamecms_api.amxx] Connection to the GameCMS database is established
L 10/27/2022 - 04:12:53: [gamecms_api.amxx] "60" services was 'Loaded' from database. Total on server: "60" services.
L 10/27/2022 - 04:12:53: [pluginmenu.amxx] Can't add menu item "Plugin Cvars" from plugin "pluginmenu.amxx" to menu set because the Menus Front-End plugin itself is not loaded!
L 10/27/2022 - 04:12:53: [pluginmenu.amxx] Can't add menu item "Plugin Commands" from plugin "pluginmenu.amxx" to menu set because the Menus Front-End plugin itself is not loaded!
L 10/27/2022 - 05:14:46: -------- Mapchange to jail_sebastian --------
L 10/27/2022 - 05:14:48: [gamecms_api.amxx] Reading GameCMS settings file... OK
L 10/27/2022 - 05:14:48: [AMXX] Failed to open dictionary file: cstrike/addons/amxmodx/data/lang/jb_blockct.txt
L 10/27/2022 - 05:14:48: [gamecms_api.amxx] Connection to the GameCMS database is established
L 10/27/2022 - 05:14:48: [gamecms_api.amxx] "60" services was 'Loaded' from database. Total on server: "60" services.
L 10/27/2022 - 05:14:48: [pluginmenu.amxx] Can't add menu item "Plugin Cvars" from plugin "pluginmenu.amxx" to menu set because the Menus Front-End plugin itself is not loaded!
L 10/27/2022 - 05:14:48: [pluginmenu.amxx] Can't add menu item "Plugin Commands" from plugin "pluginmenu.amxx" to menu set because the Menus Front-End plugin itself is not loaded!
L 10/27/2022 - 06:16:41: -------- Mapchange to jail_buyukmekan_fix --------
L 10/27/2022 - 06:16:42: [gamecms_api.amxx] Reading GameCMS settings file... OK
L 10/27/2022 - 06:16:42: [AMXX] Failed to open dictionary file: cstrike/addons/amxmodx/data/lang/jb_blockct.txt
L 10/27/2022 - 06:16:42: [gamecms_api.amxx] Connection to the GameCMS database is established
L 10/27/2022 - 06:16:43: [gamecms_api.amxx] "60" services was 'Loaded' from database. Total on server: "60" services.
L 10/27/2022 - 06:16:43: [pluginmenu.amxx] Can't add menu item "Plugin Cvars" from plugin "pluginmenu.amxx" to menu set because the Menus Front-End plugin itself is not loaded!
L 10/27/2022 - 06:16:43: [pluginmenu.amxx] Can't add menu item "Plugin Commands" from plugin "pluginmenu.amxx" to menu set because the Menus Front-End plugin itself is not loaded!
L 10/27/2022 - 07:08:50: [gamecms_api.amxx] Authentication... "<maxik><STEAM_1:0:58613925>" (Account name "maxik" / Admin index "24") (Service flags "gstmcphufeqojwdt") (Service name "Анти граб* + Интеллектуал + Опер + Адм")
L 10/27/2022 - 07:08:55: [gamecms_api.amxx] Authentication... "<maxik><STEAM_1:0:58613925>" (Account name "maxik" / Admin index "24") (Service flags "gstmcphufeqojwdt") (Service name "Анти граб* + Интеллектуал + Опер + Адм")
L 10/27/2022 - 07:09:23: [lite_mapchooser.amxx] Vote: Voting for the nextmap started
L 10/27/2022 - 07:09:33: [lite_mapchooser.amxx] [End VoteMap] Nobody voted for the nextmap. Random map jail_buyuklise
L 10/27/2022 - 07:09:36: -------- Mapchange to jail_buyuklise --------
L 10/27/2022 - 07:09:38: [gamecms_api.amxx] Reading GameCMS settings file... OK
L 10/27/2022 - 07:09:38: [AMXX] Failed to open dictionary file: cstrike/addons/amxmodx/data/lang/jb_blockct.txt
L 10/27/2022 - 07:09:38: [gamecms_api.amxx] Connection to the GameCMS database is established
L 10/27/2022 - 07:09:38: [gamecms_api.amxx] "60" services was 'Loaded' from database. Total on server: "60" services.
L 10/27/2022 - 07:09:38: [pluginmenu.amxx] Can't add menu item "Plugin Cvars" from plugin "pluginmenu.amxx" to menu set because the Menus Front-End plugin itself is not loaded!
L 10/27/2022 - 07:09:38: [pluginmenu.amxx] Can't add menu item "Plugin Commands" from plugin "pluginmenu.amxx" to menu set because the Menus Front-End plugin itself is not loaded!
L 10/27/2022 - 08:42:39: [lite_mapchooser.amxx] Vote: Voting for the nextmap started
L 10/27/2022 - 08:42:49: [lite_mapchooser.amxx] Vote: Voting for the nextmap started
L 10/27/2022 - 08:42:49: [lite_mapchooser.amxx] [End VoteMap] Nobody voted for the nextmap. Random map jail_west_v2
L 10/27/2022 - 08:42:53: -------- Mapchange to jail_west_v2 --------
L 10/27/2022 - 08:42:54: [gamecms_api.amxx] Reading GameCMS settings file... OK
L 10/27/2022 - 08:42:54: [AMXX] Failed to open dictionary file: cstrike/addons/amxmodx/data/lang/jb_blockct.txt
L 10/27/2022 - 08:42:54: [gamecms_api.amxx] Connection to the GameCMS database is established
L 10/27/2022 - 08:42:54: [gamecms_api.amxx] "60" services was 'Loaded' from database. Total on server: "60" services.
L 10/27/2022 - 08:42:55: [pluginmenu.amxx] Can't add menu item "Plugin Cvars" from plugin "pluginmenu.amxx" to menu set because the Menus Front-End plugin itself is not loaded!
L 10/27/2022 - 08:42:55: [pluginmenu.amxx] Can't add menu item "Plugin Commands" from plugin "pluginmenu.amxx" to menu set because the Menus Front-End plugin itself is not loaded!
L 10/27/2022 - 09:20:03: [lite_mapchooser.amxx] Vote: Voting for the nextmap started
L 10/27/2022 - 09:20:13: [lite_mapchooser.amxx] [End VoteMap] Voting for the nextmap finished. The nextmap will be jb_mini
L 10/27/2022 - 09:20:16: -------- Mapchange to jb_mini --------
L 10/27/2022 - 09:20:17: [gamecms_api.amxx] Reading GameCMS settings file... OK
L 10/27/2022 - 09:20:17: [AMXX] Failed to open dictionary file: cstrike/addons/amxmodx/data/lang/jb_blockct.txt
L 10/27/2022 - 09:20:17: [gamecms_api.amxx] Connection to the GameCMS database is established
L 10/27/2022 - 09:20:17: [gamecms_api.amxx] "60" services was 'Loaded' from database. Total on server: "60" services.
L 10/27/2022 - 09:20:18: [pluginmenu.amxx] Can't add menu item "Plugin Cvars" from plugin "pluginmenu.amxx" to menu set because the Menus Front-End plugin itself is not loaded!
L 10/27/2022 - 09:20:18: [pluginmenu.amxx] Can't add menu item "Plugin Commands" from plugin "pluginmenu.amxx" to menu set because the Menus Front-End plugin itself is not loaded!
L 10/27/2022 - 09:53:57: [gamecms_api.amxx] Authentication... "<SleNsyy><STEAM_2:1:1786400036>" (Account name "SleNsyy" / Admin index "30") (Service flags "tdsmcphufeqt") (Service name "Админ* + Президент")
L 10/27/2022 - 09:54:00: [gamecms_api.amxx] Authentication... "<SleNsyy><STEAM_2:1:1786400036>" (Account name "SleNsyy" / Admin index "30") (Service flags "tdsmcphufeqt") (Service name "Админ* + Президент")
L 10/27/2022 - 09:54:17: [lite_mapchooser.amxx] Vote: Voting for the nextmap started
L 10/27/2022 - 09:54:27: [lite_mapchooser.amxx] [End VoteMap] Voting for the nextmap finished. The nextmap will be jaiI_xmf_v2
L 10/27/2022 - 09:54:30: -------- Mapchange to jaiI_xmf_v2 --------
L 10/27/2022 - 09:54:32: [gamecms_api.amxx] Reading GameCMS settings file... OK
L 10/27/2022 - 09:54:32: [AMXX] Failed to open dictionary file: cstrike/addons/amxmodx/data/lang/jb_blockct.txt
L 10/27/2022 - 09:54:32: [gamecms_api.amxx] Connection to the GameCMS database is established
L 10/27/2022 - 09:54:32: [gamecms_api.amxx] "60" services was 'Loaded' from database. Total on server: "60" services.
L 10/27/2022 - 09:54:33: [pluginmenu.amxx] Can't add menu item "Plugin Cvars" from plugin "pluginmenu.amxx" to menu set because the Menus Front-End plugin itself is not loaded!
L 10/27/2022 - 09:54:33: [pluginmenu.amxx] Can't add menu item "Plugin Commands" from plugin "pluginmenu.amxx" to menu set because the Menus Front-End plugin itself is not loaded!
L 10/27/2022 - 09:54:33: [gamecms_api.amxx] Authentication... "<SleNsyy><STEAM_2:1:1786400036>" (Account name "SleNsyy" / Admin index "30") (Service flags "tdsmcphufeqt") (Service name "Админ* + Президент")
L 10/27/2022 - 09:54:35: [gamecms_api.amxx] Authentication... "<SleNsyy><STEAM_2:1:1786400036>" (Account name "SleNsyy" / Admin index "30") (Service flags "tdsmcphufeqt") (Service name "Админ* + Президент")
L 10/27/2022 - 10:51:05: -------- Mapchange to jail_buyukinfaz --------
L 10/27/2022 - 10:51:07: [gamecms_api.amxx] Reading GameCMS settings file... OK
L 10/27/2022 - 10:51:07: [AMXX] Failed to open dictionary file: cstrike/addons/amxmodx/data/lang/jb_blockct.txt
L 10/27/2022 - 10:51:07: [gamecms_api.amxx] Connection to the GameCMS database is established
L 10/27/2022 - 10:51:07: [gamecms_api.amxx] "60" services was 'Loaded' from database. Total on server: "60" services.
L 10/27/2022 - 10:51:08: [pluginmenu.amxx] Can't add menu item "Plugin Cvars" from plugin "pluginmenu.amxx" to menu set because the Menus Front-End plugin itself is not loaded!
L 10/27/2022 - 10:51:08: [pluginmenu.amxx] Can't add menu item "Plugin Commands" from plugin "pluginmenu.amxx" to menu set because the Menus Front-End plugin itself is not loaded!
L 10/27/2022 - 11:24:35: [lite_mapchooser.amxx] Vote: Voting for the nextmap started
L 10/27/2022 - 11:24:45: [lite_mapchooser.amxx] [End VoteMap] Nobody voted for the nextmap. Random map jail_buyuklise
L 10/27/2022 - 11:24:49: -------- Mapchange to jail_buyuklise --------
L 10/27/2022 - 11:24:50: [gamecms_api.amxx] Reading GameCMS settings file... OK
L 10/27/2022 - 11:24:50: [AMXX] Failed to open dictionary file: cstrike/addons/amxmodx/data/lang/jb_blockct.txt
L 10/27/2022 - 11:24:50: [gamecms_api.amxx] Connection to the GameCMS database is established
L 10/27/2022 - 11:24:51: [gamecms_api.amxx] "60" services was 'Loaded' from database. Total on server: "60" services.
L 10/27/2022 - 11:24:51: [pluginmenu.amxx] Can't add menu item "Plugin Cvars" from plugin "pluginmenu.amxx" to menu set because the Menus Front-End plugin itself is not loaded!
L 10/27/2022 - 11:24:51: [pluginmenu.amxx] Can't add menu item "Plugin Commands" from plugin "pluginmenu.amxx" to menu set because the Menus Front-End plugin itself is not loaded!
L 10/27/2022 - 11:29:45: [gamecms_api.amxx] Authentication... "<ne bebra><STEAM_1:1:1931980404>" (Account name "ne bebra" / Admin index "18") (Service flags "tdsmcpht") (Service name "Админ* + Хакер + Паутинка* + Ультра")
L 10/27/2022 - 11:29:49: [gamecms_api.amxx] Authentication... "<ne bebra><STEAM_1:1:1931980404>" (Account name "ne bebra" / Admin index "18") (Service flags "tdsmcpht") (Service name "Админ* + Хакер + Паутинка* + Ультра")
L 10/27/2022 - 11:30:26: [lite_mapchooser.amxx] Vote: Voting for the nextmap started
L 10/27/2022 - 11:30:36: [lite_mapchooser.amxx] [End VoteMap] Voting for the nextmap finished. The nextmap will be jb_mini
L 10/27/2022 - 11:30:39: -------- Mapchange to jb_mini --------
L 10/27/2022 - 11:30:41: [gamecms_api.amxx] Reading GameCMS settings file... OK
L 10/27/2022 - 11:30:41: [AMXX] Failed to open dictionary file: cstrike/addons/amxmodx/data/lang/jb_blockct.txt
L 10/27/2022 - 11:30:41: [gamecms_api.amxx] Connection to the GameCMS database is established
L 10/27/2022 - 11:30:41: [gamecms_api.amxx] "60" services was 'Loaded' from database. Total on server: "60" services.
L 10/27/2022 - 11:30:42: [pluginmenu.amxx] Can't add menu item "Plugin Cvars" from plugin "pluginmenu.amxx" to menu set because the Menus Front-End plugin itself is not loaded!
L 10/27/2022 - 11:30:42: [pluginmenu.amxx] Can't add menu item "Plugin Commands" from plugin "pluginmenu.amxx" to menu set because the Menus Front-End plugin itself is not loaded!
L 10/27/2022 - 11:30:42: [gamecms_api.amxx] Authentication... "<ne bebra><STEAM_1:1:1931980404>" (Account name "ne bebra" / Admin index "18") (Service flags "tdsmcpht") (Service name "Админ* + Хакер + Паутинка* + Ультра")
L 10/27/2022 - 11:30:46: [gamecms_api.amxx] Authentication... "<ne bebra><STEAM_1:1:1931980404>" (Account name "ne bebra" / Admin index "18") (Service flags "tdsmcpht") (Service name "Админ* + Хакер + Паутинка* + Ультра")
L 10/27/2022 - 12:23:13: [gamecms_api.amxx] Authentication... "<SleNsyy><STEAM_2:1:1786400036>" (Account name "SleNsyy" / Admin index "30") (Service flags "tdsmcphufeqt") (Service name "Админ* + Президент")
L 10/27/2022 - 12:23:16: [gamecms_api.amxx] Authentication... "<SleNsyy><STEAM_2:1:1786400036>" (Account name "SleNsyy" / Admin index "30") (Service flags "tdsmcphufeqt") (Service name "Админ* + Президент")
L 10/27/2022 - 12:23:37: [lite_mapchooser.amxx] Vote: Voting for the nextmap started
L 10/27/2022 - 12:23:48: [lite_mapchooser.amxx] [End VoteMap] Nobody voted for the nextmap. Random map jail_reset_v2
L 10/27/2022 - 12:23:51: -------- Mapchange to jail_reset_v2 --------
L 10/27/2022 - 12:23:52: [gamecms_api.amxx] Reading GameCMS settings file... OK
L 10/27/2022 - 12:23:52: [AMXX] Failed to open dictionary file: cstrike/addons/amxmodx/data/lang/jb_blockct.txt
L 10/27/2022 - 12:23:52: [gamecms_api.amxx] Connection to the GameCMS database is established
L 10/27/2022 - 12:23:52: [gamecms_api.amxx] "60" services was 'Loaded' from database. Total on server: "60" services.
L 10/27/2022 - 12:23:53: [pluginmenu.amxx] Can't add menu item "Plugin Cvars" from plugin "pluginmenu.amxx" to menu set because the Menus Front-End plugin itself is not loaded!
L 10/27/2022 - 12:23:53: [pluginmenu.amxx] Can't add menu item "Plugin Commands" from plugin "pluginmenu.amxx" to menu set because the Menus Front-End plugin itself is not loaded!
L 10/27/2022 - 12:23:53: [gamecms_api.amxx] Authentication... "<SleNsyy><STEAM_2:1:1786400036>" (Account name "SleNsyy" / Admin index "30") (Service flags "tdsmcphufeqt") (Service name "Админ* + Президент")
L 10/27/2022 - 12:23:56: [gamecms_api.amxx] Authentication... "<SleNsyy><STEAM_2:1:1786400036>" (Account name "SleNsyy" / Admin index "30") (Service flags "tdsmcphufeqt") (Service name "Админ* + Президент")
L 10/27/2022 - 13:03:53: [lite_mapchooser.amxx] Vote: Voting for the nextmap started
L 10/27/2022 - 13:04:03: [lite_mapchooser.amxx] [End VoteMap] Voting for the nextmap finished. The nextmap will be jb_mini
L 10/27/2022 - 13:04:06: -------- Mapchange to jb_mini --------
L 10/27/2022 - 13:04:08: [gamecms_api.amxx] Reading GameCMS settings file... OK
L 10/27/2022 - 13:04:08: [AMXX] Failed to open dictionary file: cstrike/addons/amxmodx/data/lang/jb_blockct.txt
L 10/27/2022 - 13:04:08: [gamecms_api.amxx] Connection to the GameCMS database is established
L 10/27/2022 - 13:04:08: [gamecms_api.amxx] "60" services was 'Loaded' from database. Total on server: "60" services.
L 10/27/2022 - 13:04:09: [pluginmenu.amxx] Can't add menu item "Plugin Cvars" from plugin "pluginmenu.amxx" to menu set because the Menus Front-End plugin itself is not loaded!
L 10/27/2022 - 13:04:09: [pluginmenu.amxx] Can't add menu item "Plugin Commands" from plugin "pluginmenu.amxx" to menu set because the Menus Front-End plugin itself is not loaded!
L 10/27/2022 - 13:34:14: [lite_mapchooser.amxx] Vote: Voting for the nextmap started
L 10/27/2022 - 13:34:24: [lite_mapchooser.amxx] [End VoteMap] Voting for the nextmap finished. The nextmap will be jail_buyuklise
L 10/27/2022 - 13:34:27: -------- Mapchange to jail_buyuklise --------
L 10/27/2022 - 13:34:29: [gamecms_api.amxx] Reading GameCMS settings file... OK
L 10/27/2022 - 13:34:29: [AMXX] Failed to open dictionary file: cstrike/addons/amxmodx/data/lang/jb_blockct.txt
L 10/27/2022 - 13:34:29: [gamecms_api.amxx] Connection to the GameCMS database is established
L 10/27/2022 - 13:34:29: [gamecms_api.amxx] "60" services was 'Loaded' from database. Total on server: "60" services.
L 10/27/2022 - 13:34:29: [pluginmenu.amxx] Can't add menu item "Plugin Cvars" from plugin "pluginmenu.amxx" to menu set because the Menus Front-End plugin itself is not loaded!
L 10/27/2022 - 13:34:29: [pluginmenu.amxx] Can't add menu item "Plugin Commands" from plugin "pluginmenu.amxx" to menu set because the Menus Front-End plugin itself is not loaded!
L 10/27/2022 - 13:56:00: [lite_mapchooser.amxx] Vote: Voting for the nextmap started
L 10/27/2022 - 13:56:10: [lite_mapchooser.amxx] [End VoteMap] Voting for the nextmap finished. The nextmap will be jail_sebastian
L 10/27/2022 - 13:56:13: -------- Mapchange to jail_sebastian --------
L 10/27/2022 - 13:56:15: [gamecms_api.amxx] Reading GameCMS settings file... OK
L 10/27/2022 - 13:56:15: [AMXX] Failed to open dictionary file: cstrike/addons/amxmodx/data/lang/jb_blockct.txt
L 10/27/2022 - 13:56:15: [gamecms_api.amxx] Connection to the GameCMS database is established
L 10/27/2022 - 13:56:15: [gamecms_api.amxx] "60" services was 'Loaded' from database. Total on server: "60" services.
L 10/27/2022 - 13:56:16: [pluginmenu.amxx] Can't add menu item "Plugin Cvars" from plugin "pluginmenu.amxx" to menu set because the Menus Front-End plugin itself is not loaded!
L 10/27/2022 - 13:56:16: [pluginmenu.amxx] Can't add menu item "Plugin Commands" from plugin "pluginmenu.amxx" to menu set because the Menus Front-End plugin itself is not loaded!
L 10/27/2022 - 14:29:12: [lite_mapchooser.amxx] Vote: Voting for the nextmap started
L 10/27/2022 - 14:29:22: [lite_mapchooser.amxx] [End VoteMap] Nobody voted for the nextmap. Random map jail_reset_v2
L 10/27/2022 - 14:29:26: -------- Mapchange to jail_reset_v2 --------
L 10/27/2022 - 14:29:27: [gamecms_api.amxx] Reading GameCMS settings file... OK
L 10/27/2022 - 14:29:27: [AMXX] Failed to open dictionary file: cstrike/addons/amxmodx/data/lang/jb_blockct.txt
L 10/27/2022 - 14:29:27: [gamecms_api.amxx] Connection to the GameCMS database is established
L 10/27/2022 - 14:29:27: [gamecms_api.amxx] "60" services was 'Loaded' from database. Total on server: "60" services.
L 10/27/2022 - 14:29:28: [pluginmenu.amxx] Can't add menu item "Plugin Cvars" from plugin "pluginmenu.amxx" to menu set because the Menus Front-End plugin itself is not loaded!
L 10/27/2022 - 14:29:28: [pluginmenu.amxx] Can't add menu item "Plugin Commands" from plugin "pluginmenu.amxx" to menu set because the Menus Front-End plugin itself is not loaded!
L 10/27/2022 - 14:48:50: [gamecms_api.amxx] Authentication... "<ne bebra><STEAM_1:1:1931980404>" (Account name "ne bebra" / Admin index "18") (Service flags "tdsmcpht") (Service name "Админ* + Хакер + Паутинка* + Ультра")
L 10/27/2022 - 14:48:54: [gamecms_api.amxx] Authentication... "<ne bebra><STEAM_1:1:1931980404>" (Account name "ne bebra" / Admin index "18") (Service flags "tdsmcpht") (Service name "Админ* + Хакер + Паутинка* + Ультра")
L 10/27/2022 - 14:49:51: [plmenu.amxx] Cmd: "ne bebra<83><STEAM_1:1:1931980404><>" transfer "＃empty<80><STEAM_2:0:1809962572><>" (team "CT")
L 10/27/2022 - 14:56:29: [lite_mapchooser.amxx] Vote: Voting for the nextmap started
L 10/27/2022 - 14:56:39: [lite_mapchooser.amxx] [End VoteMap] Nobody voted for the nextmap. Random map jail_west_v2
L 10/27/2022 - 14:56:42: -------- Mapchange to jail_west_v2 --------
L 10/27/2022 - 14:56:43: [gamecms_api.amxx] Reading GameCMS settings file... OK
L 10/27/2022 - 14:56:43: [AMXX] Failed to open dictionary file: cstrike/addons/amxmodx/data/lang/jb_blockct.txt
L 10/27/2022 - 14:56:43: [gamecms_api.amxx] Connection to the GameCMS database is established
L 10/27/2022 - 14:56:43: [gamecms_api.amxx] "60" services was 'Loaded' from database. Total on server: "60" services.
L 10/27/2022 - 14:56:44: [pluginmenu.amxx] Can't add menu item "Plugin Cvars" from plugin "pluginmenu.amxx" to menu set because the Menus Front-End plugin itself is not loaded!
L 10/27/2022 - 14:56:44: [pluginmenu.amxx] Can't add menu item "Plugin Commands" from plugin "pluginmenu.amxx" to menu set because the Menus Front-End plugin itself is not loaded!
L 10/27/2022 - 15:13:19: [gamecms_api.amxx] Authentication... "<ne bebra><STEAM_1:1:1931980404>" (Account name "ne bebra" / Admin index "18") (Service flags "tdsmcpht") (Service name "Админ* + Хакер + Паутинка* + Ультра")
L 10/27/2022 - 15:13:23: [gamecms_api.amxx] Authentication... "<ne bebra><STEAM_1:1:1931980404>" (Account name "ne bebra" / Admin index "18") (Service flags "tdsmcpht") (Service name "Админ* + Хакер + Паутинка* + Ультра")
L 10/27/2022 - 15:17:16: [lite_mapchooser.amxx] Vote: Voting for the nextmap started
L 10/27/2022 - 15:17:26: [lite_mapchooser.amxx] [End VoteMap] Nobody voted for the nextmap. Random map jail_czone
L 10/27/2022 - 15:17:29: -------- Mapchange to jail_czone --------
L 10/27/2022 - 15:17:31: [gamecms_api.amxx] Reading GameCMS settings file... OK
L 10/27/2022 - 15:17:31: [AMXX] Failed to open dictionary file: cstrike/addons/amxmodx/data/lang/jb_blockct.txt
L 10/27/2022 - 15:17:31: [gamecms_api.amxx] Connection to the GameCMS database is established
L 10/27/2022 - 15:17:31: [gamecms_api.amxx] "60" services was 'Loaded' from database. Total on server: "60" services.
L 10/27/2022 - 15:17:32: [pluginmenu.amxx] Can't add menu item "Plugin Cvars" from plugin "pluginmenu.amxx" to menu set because the Menus Front-End plugin itself is not loaded!
L 10/27/2022 - 15:17:32: [pluginmenu.amxx] Can't add menu item "Plugin Commands" from plugin "pluginmenu.amxx" to menu set because the Menus Front-End plugin itself is not loaded!
L 10/27/2022 - 15:17:32: [gamecms_api.amxx] Authentication... "<ne bebra><STEAM_1:1:1931980404>" (Account name "ne bebra" / Admin index "18") (Service flags "tdsmcpht") (Service name "Админ* + Хакер + Паутинка* + Ультра")
L 10/27/2022 - 15:17:35: [gamecms_api.amxx] Authentication... "<ne bebra><STEAM_1:1:1931980404>" (Account name "ne bebra" / Admin index "18") (Service flags "tdsmcpht") (Service name "Админ* + Хакер + Паутинка* + Ультра")
L 10/27/2022 - 15:32:26: [lite_mapchooser.amxx] Vote: Voting for the nextmap started
L 10/27/2022 - 15:32:37: [lite_mapchooser.amxx] [End VoteMap] Nobody voted for the nextmap. Random map jail_west_v2
L 10/27/2022 - 15:32:40: -------- Mapchange to jail_west_v2 --------
L 10/27/2022 - 15:32:41: [gamecms_api.amxx] Reading GameCMS settings file... OK
L 10/27/2022 - 15:32:41: [AMXX] Failed to open dictionary file: cstrike/addons/amxmodx/data/lang/jb_blockct.txt
L 10/27/2022 - 15:32:41: [gamecms_api.amxx] Connection to the GameCMS database is established
L 10/27/2022 - 15:32:41: [gamecms_api.amxx] "60" services was 'Loaded' from database. Total on server: "60" services.
L 10/27/2022 - 15:32:42: [pluginmenu.amxx] Can't add menu item "Plugin Cvars" from plugin "pluginmenu.amxx" to menu set because the Menus Front-End plugin itself is not loaded!
L 10/27/2022 - 15:32:42: [pluginmenu.amxx] Can't add menu item "Plugin Commands" from plugin "pluginmenu.amxx" to menu set because the Menus Front-End plugin itself is not loaded!
L 10/27/2022 - 15:32:42: [gamecms_api.amxx] Authentication... "<ne bebra><STEAM_1:1:1931980404>" (Account name "ne bebra" / Admin index "18") (Service flags "tdsmcpht") (Service name "Админ* + Хакер + Паутинка* + Ультра")
L 10/27/2022 - 16:01:23: [lite_mapchooser.amxx] Vote: Voting for the nextmap started
L 10/27/2022 - 16:01:33: [lite_mapchooser.amxx] [End VoteMap] Nobody voted for the nextmap. Random map jail_czone
L 10/27/2022 - 16:01:37: -------- Mapchange to jail_czone --------
L 10/27/2022 - 16:01:38: [gamecms_api.amxx] Reading GameCMS settings file... OK
L 10/27/2022 - 16:01:38: [AMXX] Failed to open dictionary file: cstrike/addons/amxmodx/data/lang/jb_blockct.txt
L 10/27/2022 - 16:01:38: [gamecms_api.amxx] Connection to the GameCMS database is established
L 10/27/2022 - 16:01:38: [gamecms_api.amxx] "60" services was 'Loaded' from database. Total on server: "60" services.
L 10/27/2022 - 16:01:39: [pluginmenu.amxx] Can't add menu item "Plugin Cvars" from plugin "pluginmenu.amxx" to menu set because the Menus Front-End plugin itself is not loaded!
L 10/27/2022 - 16:01:39: [pluginmenu.amxx] Can't add menu item "Plugin Commands" from plugin "pluginmenu.amxx" to menu set because the Menus Front-End plugin itself is not loaded!
L 10/27/2022 - 16:36:52: [gamecms_api.amxx] Authentication... "<maxik><STEAM_1:0:58613925>" (Account name "maxik" / Admin index "24") (Service flags "gstmcphufeqojwdt") (Service name "Анти граб* + Интеллектуал + Опер + Адм")
L 10/27/2022 - 16:36:59: [gamecms_api.amxx] Authentication... "<maxik><STEAM_1:0:58613925>" (Account name "maxik" / Admin index "24") (Service flags "gstmcphufeqojwdt") (Service name "Анти граб* + Интеллектуал + Опер + Адм")
L 10/27/2022 - 16:37:34: [lite_mapchooser.amxx] Vote: Voting for the nextmap started
L 10/27/2022 - 16:37:44: [lite_mapchooser.amxx] [End VoteMap] Voting for the nextmap finished. Map jail_czone extended by 15 minutes
L 10/27/2022 - 16:38:27: -------- Mapchange to jail_alayinaisyan_b5 --------
L 10/27/2022 - 16:38:29: [gamecms_api.amxx] Reading GameCMS settings file... OK
L 10/27/2022 - 16:38:29: [AMXX] Failed to open dictionary file: cstrike/addons/amxmodx/data/lang/jb_blockct.txt
L 10/27/2022 - 16:38:29: [gamecms_api.amxx] Connection to the GameCMS database is established
L 10/27/2022 - 16:38:29: [gamecms_api.amxx] "60" services was 'Loaded' from database. Total on server: "60" services.
L 10/27/2022 - 16:38:29: [pluginmenu.amxx] Can't add menu item "Plugin Cvars" from plugin "pluginmenu.amxx" to menu set because the Menus Front-End plugin itself is not loaded!
L 10/27/2022 - 16:38:29: [pluginmenu.amxx] Can't add menu item "Plugin Commands" from plugin "pluginmenu.amxx" to menu set because the Menus Front-End plugin itself is not loaded!
L 10/27/2022 - 16:38:30: [gamecms_api.amxx] Authentication... "<maxik><STEAM_1:0:58613925>" (Account name "maxik" / Admin index "24") (Service flags "gstmcphufeqojwdt") (Service name "Анти граб* + Интеллектуал + Опер + Адм")
L 10/27/2022 - 16:38:37: [gamecms_api.amxx] Authentication... "<maxik><STEAM_1:0:58613925>" (Account name "maxik" / Admin index "24") (Service flags "gstmcphufeqojwdt") (Service name "Анти граб* + Интеллектуал + Опер + Адм")
L 10/27/2022 - 16:41:34: [gamecms_api.amxx] Authentication... "<SmAiL><STEAM_2:1:1977962769>" (Account name "SmAiL" / Admin index "17") (Service flags "bstmcphdt") (Service name "Ультра + Хакер + Админ*")
L 10/27/2022 - 16:41:38: [gamecms_api.amxx] Authentication... "<SmAiL><STEAM_2:1:1977962769>" (Account name "SmAiL" / Admin index "17") (Service flags "bstmcphdt") (Service name "Ультра + Хакер + Админ*")
L 10/27/2022 - 16:41:46: [gamecms_api.amxx] Authentication... "<SmAiL><STEAM_2:1:1977962769>" (Account name "SmAiL" / Admin index "17") (Service flags "bstmcphdt") (Service name "Ультра + Хакер + Админ*")
L 10/27/2022 - 17:03:57: [lite_mapchooser.amxx] Vote: Voting for the nextmap started
L 10/27/2022 - 17:04:07: [lite_mapchooser.amxx] [End VoteMap] Nobody voted for the nextmap. Random map jail_czone
L 10/27/2022 - 17:04:10: -------- Mapchange to jail_czone --------
L 10/27/2022 - 17:04:12: [gamecms_api.amxx] Reading GameCMS settings file... OK
L 10/27/2022 - 17:04:12: [AMXX] Failed to open dictionary file: cstrike/addons/amxmodx/data/lang/jb_blockct.txt
L 10/27/2022 - 17:04:12: [gamecms_api.amxx] Connection to the GameCMS database is established
L 10/27/2022 - 17:04:12: [gamecms_api.amxx] "60" services was 'Loaded' from database. Total on server: "60" services.
L 10/27/2022 - 17:04:12: [pluginmenu.amxx] Can't add menu item "Plugin Cvars" from plugin "pluginmenu.amxx" to menu set because the Menus Front-End plugin itself is not loaded!
L 10/27/2022 - 17:04:12: [pluginmenu.amxx] Can't add menu item "Plugin Commands" from plugin "pluginmenu.amxx" to menu set because the Menus Front-End plugin itself is not loaded!
L 10/27/2022 - 17:06:14: [gamecms_api.amxx] Authentication... "<DoNt><STEAM_2:1:1115243388>" (Account name "DoNt" / Admin index "15") (Service flags "stmcpt") (Service name "Альфа")
L 10/27/2022 - 17:06:17: [gamecms_api.amxx] Authentication... "<DoNt><STEAM_2:1:1115243388>" (Account name "DoNt" / Admin index "15") (Service flags "stmcpt") (Service name "Альфа")
L 10/27/2022 - 17:25:02: [lite_mapchooser.amxx] Vote: Voting for the nextmap started
L 10/27/2022 - 17:25:12: [lite_mapchooser.amxx] [End VoteMap] Voting for the nextmap finished. The nextmap will be jail_reset_v2
L 10/27/2022 - 17:25:15: -------- Mapchange to jail_reset_v2 --------
L 10/27/2022 - 17:25:17: [gamecms_api.amxx] Reading GameCMS settings file... OK
L 10/27/2022 - 17:25:17: [AMXX] Failed to open dictionary file: cstrike/addons/amxmodx/data/lang/jb_blockct.txt
L 10/27/2022 - 17:25:17: [gamecms_api.amxx] Connection to the GameCMS database is established
L 10/27/2022 - 17:25:17: [gamecms_api.amxx] "60" services was 'Loaded' from database. Total on server: "60" services.
L 10/27/2022 - 17:25:17: [pluginmenu.amxx] Can't add menu item "Plugin Cvars" from plugin "pluginmenu.amxx" to menu set because the Menus Front-End plugin itself is not loaded!
L 10/27/2022 - 17:25:17: [pluginmenu.amxx] Can't add menu item "Plugin Commands" from plugin "pluginmenu.amxx" to menu set because the Menus Front-End plugin itself is not loaded!
L 10/27/2022 - 17:39:39: [gamecms_api.amxx] Authentication... "<Star Platinum><STEAM_2:0:1262329417>" (Account name "Star Platinum" / Admin index "13") (Service flags "stmcphufeqojwt") (Service name "Интеллектуал")
L 10/27/2022 - 17:39:43: [gamecms_api.amxx] Authentication... "<Star Platinum><STEAM_2:0:1262329417>" (Account name "Star Platinum" / Admin index "13") (Service flags "stmcphufeqojwt") (Service name "Интеллектуал")
L 10/27/2022 - 17:54:39: [lite_mapchooser.amxx] Vote: Voting for the nextmap started
L 10/27/2022 - 17:54:49: [lite_mapchooser.amxx] [End VoteMap] Voting for the nextmap finished. The nextmap will be jail_buyuklise
L 10/27/2022 - 17:54:52: -------- Mapchange to jail_buyuklise --------
L 10/27/2022 - 17:54:54: [gamecms_api.amxx] Reading GameCMS settings file... OK
L 10/27/2022 - 17:54:54: [AMXX] Failed to open dictionary file: cstrike/addons/amxmodx/data/lang/jb_blockct.txt
L 10/27/2022 - 17:54:54: [gamecms_api.amxx] Connection to the GameCMS database is established
L 10/27/2022 - 17:54:54: [gamecms_api.amxx] "61" services was 'Loaded' from database. Total on server: "61" services.
L 10/27/2022 - 17:54:55: [pluginmenu.amxx] Can't add menu item "Plugin Cvars" from plugin "pluginmenu.amxx" to menu set because the Menus Front-End plugin itself is not loaded!
L 10/27/2022 - 17:54:55: [pluginmenu.amxx] Can't add menu item "Plugin Commands" from plugin "pluginmenu.amxx" to menu set because the Menus Front-End plugin itself is not loaded!
L 10/27/2022 - 17:54:55: [gamecms_api.amxx] Authentication... "<KaRishok><STEAM_1:1:1538211458>" (Account name "KaRishok" / Admin index "33") (Service flags "stmcpht") (Service name "Хакер")
L 10/27/2022 - 17:54:57: [gamecms_api.amxx] Authentication... "<KaRishok><STEAM_1:1:1538211458>" (Account name "KaRishok" / Admin index "33") (Service flags "stmcpht") (Service name "Хакер")
L 10/27/2022 - 17:56:49: [gamecms_api.amxx] Authentication... "<KaRishok><STEAM_1:1:1538211458>" (Account name "KaRishok" / Admin index "33") (Service flags "stmcpht") (Service name "Хакер")
L 10/27/2022 - 17:56:51: [gamecms_api.amxx] Authentication... "<KaRishok><STEAM_1:1:1538211458>" (Account name "KaRishok" / Admin index "33") (Service flags "stmcpht") (Service name "Хакер")
L 10/27/2022 - 18:17:34: [lite_mapchooser.amxx] Vote: Voting for the nextmap started
L 10/27/2022 - 18:17:44: [lite_mapchooser.amxx] [End VoteMap] Voting for the nextmap finished. The nextmap will be jb_mini
L 10/27/2022 - 18:17:48: -------- Mapchange to jb_mini --------
L 10/27/2022 - 18:17:49: [gamecms_api.amxx] Reading GameCMS settings file... OK
L 10/27/2022 - 18:17:49: [AMXX] Failed to open dictionary file: cstrike/addons/amxmodx/data/lang/jb_blockct.txt
L 10/27/2022 - 18:17:49: [gamecms_api.amxx] Connection to the GameCMS database is established
L 10/27/2022 - 18:17:49: [gamecms_api.amxx] "61" services was 'Loaded' from database. Total on server: "61" services.
L 10/27/2022 - 18:17:50: [pluginmenu.amxx] Can't add menu item "Plugin Cvars" from plugin "pluginmenu.amxx" to menu set because the Menus Front-End plugin itself is not loaded!
L 10/27/2022 - 18:17:50: [pluginmenu.amxx] Can't add menu item "Plugin Commands" from plugin "pluginmenu.amxx" to menu set because the Menus Front-End plugin itself is not loaded!
L 10/27/2022 - 18:26:54: [gamecms_api.amxx] Authentication... "<Ту4ка><STEAM_2:0:224549487>" (Account name "Ту4ка" / Admin index "11") (Service flags "stmcphdt") (Service name "Хакер + Паутинка* + Админ*")
L 10/27/2022 - 18:26:58: [gamecms_api.amxx] Authentication... "<Ту4ка><STEAM_2:0:224549487>" (Account name "Ту4ка" / Admin index "11") (Service flags "stmcphdt") (Service name "Хакер + Паутинка* + Админ*")
L 10/27/2022 - 18:41:15: [gamecms_api.amxx] Authentication... "<KaRishok><STEAM_1:1:1538211458>" (Account name "KaRishok" / Admin index "33") (Service flags "stmcpht") (Service name "Хакер")
L 10/27/2022 - 18:41:16: [gamecms_api.amxx] Authentication... "<KaRishok><STEAM_1:1:1538211458>" (Account name "KaRishok" / Admin index "33") (Service flags "stmcpht") (Service name "Хакер")
L 10/27/2022 - 18:41:41: [lite_mapchooser.amxx] Vote: Voting for the nextmap started
L 10/27/2022 - 18:41:51: [lite_mapchooser.amxx] [End VoteMap] Nobody voted for the nextmap. Random map jail_buyukmekan_fix
L 10/27/2022 - 18:41:54: -------- Mapchange to jail_buyukmekan_fix --------
L 10/27/2022 - 18:41:56: [gamecms_api.amxx] Reading GameCMS settings file... OK
L 10/27/2022 - 18:41:56: [AMXX] Failed to open dictionary file: cstrike/addons/amxmodx/data/lang/jb_blockct.txt
L 10/27/2022 - 18:41:56: [gamecms_api.amxx] Connection to the GameCMS database is established
L 10/27/2022 - 18:41:56: [gamecms_api.amxx] "61" services was 'Loaded' from database. Total on server: "61" services.
L 10/27/2022 - 18:41:57: [pluginmenu.amxx] Can't add menu item "Plugin Cvars" from plugin "pluginmenu.amxx" to menu set because the Menus Front-End plugin itself is not loaded!
L 10/27/2022 - 18:41:57: [pluginmenu.amxx] Can't add menu item "Plugin Commands" from plugin "pluginmenu.amxx" to menu set because the Menus Front-End plugin itself is not loaded!
L 10/27/2022 - 18:41:57: [gamecms_api.amxx] Authentication... "<KaRishok><STEAM_1:1:1538211458>" (Account name "KaRishok" / Admin index "33") (Service flags "stmcpht") (Service name "Хакер")
L 10/27/2022 - 18:41:58: [gamecms_api.amxx] Authentication... "<KaRishok><STEAM_1:1:1538211458>" (Account name "KaRishok" / Admin index "33") (Service flags "stmcpht") (Service name "Хакер")
L 10/27/2022 - 18:53:34: [gamecms_api.amxx] Authentication... "<maxik><STEAM_1:0:58613925>" (Account name "maxik" / Admin index "24") (Service flags "gstmcphufeqojwdt") (Service name "Анти граб* + Интеллектуал + Опер + Адм")
L 10/27/2022 - 18:53:37: [gamecms_api.amxx] Authentication... "<maxik><STEAM_1:0:58613925>" (Account name "maxik" / Admin index "24") (Service flags "gstmcphufeqojwdt") (Service name "Анти граб* + Интеллектуал + Опер + Адм")
L 10/27/2022 - 19:06:25: [gamecms_api.amxx] Authentication... "<ne bebra><STEAM_1:1:1931980404>" (Account name "ne bebra" / Admin index "18") (Service flags "tdsmcpht") (Service name "Админ* + Хакер + Паутинка* + Ультра")
L 10/27/2022 - 19:06:29: [gamecms_api.amxx] Authentication... "<ne bebra><STEAM_1:1:1931980404>" (Account name "ne bebra" / Admin index "18") (Service flags "tdsmcpht") (Service name "Админ* + Хакер + Паутинка* + Ультра")
L 10/27/2022 - 19:06:30: [gamecms_api.amxx] Authentication... "<ne bebra><STEAM_1:1:1931980404>" (Account name "ne bebra" / Admin index "18") (Service flags "tdsmcpht") (Service name "Админ* + Хакер + Паутинка* + Ультра")
L 10/27/2022 - 19:32:36: [lite_mapchooser.amxx] Vote: Voting for the nextmap started
L 10/27/2022 - 19:32:46: [lite_mapchooser.amxx] [End VoteMap] Voting for the nextmap finished. The nextmap will be jail_sebastian
L 10/27/2022 - 19:32:49: -------- Mapchange to jail_sebastian --------
L 10/27/2022 - 19:32:51: [gamecms_api.amxx] Reading GameCMS settings file... OK
L 10/27/2022 - 19:32:51: [AMXX] Failed to open dictionary file: cstrike/addons/amxmodx/data/lang/jb_blockct.txt
L 10/27/2022 - 19:32:51: [gamecms_api.amxx] Connection to the GameCMS database is established
L 10/27/2022 - 19:32:51: [gamecms_api.amxx] "61" services was 'Loaded' from database. Total on server: "61" services.
L 10/27/2022 - 19:32:52: [pluginmenu.amxx] Can't add menu item "Plugin Cvars" from plugin "pluginmenu.amxx" to menu set because the Menus Front-End plugin itself is not loaded!
L 10/27/2022 - 19:32:52: [pluginmenu.amxx] Can't add menu item "Plugin Commands" from plugin "pluginmenu.amxx" to menu set because the Menus Front-End plugin itself is not loaded!
L 10/27/2022 - 20:07:53: [lite_mapchooser.amxx] Vote: Voting for the nextmap started
L 10/27/2022 - 20:08:03: [lite_mapchooser.amxx] [End VoteMap] Nobody voted for the nextmap. Random map jb_mini
L 10/27/2022 - 20:08:06: -------- Mapchange to jb_mini --------
L 10/27/2022 - 20:08:08: [gamecms_api.amxx] Reading GameCMS settings file... OK
L 10/27/2022 - 20:08:08: [AMXX] Failed to open dictionary file: cstrike/addons/amxmodx/data/lang/jb_blockct.txt
L 10/27/2022 - 20:08:08: [gamecms_api.amxx] Connection to the GameCMS database is established
L 10/27/2022 - 20:08:08: [gamecms_api.amxx] "61" services was 'Loaded' from database. Total on server: "61" services.
L 10/27/2022 - 20:08:09: [pluginmenu.amxx] Can't add menu item "Plugin Cvars" from plugin "pluginmenu.amxx" to menu set because the Menus Front-End plugin itself is not loaded!
L 10/27/2022 - 20:08:09: [pluginmenu.amxx] Can't add menu item "Plugin Commands" from plugin "pluginmenu.amxx" to menu set because the Menus Front-End plugin itself is not loaded!
L 10/27/2022 - 20:29:13: [lite_mapchooser.amxx] Vote: Voting for the nextmap started
L 10/27/2022 - 20:29:23: [lite_mapchooser.amxx] [End VoteMap] Nobody voted for the nextmap. Random map jail_reset_v2
L 10/27/2022 - 20:29:26: -------- Mapchange to jail_reset_v2 --------
L 10/27/2022 - 20:29:27: [gamecms_api.amxx] Reading GameCMS settings file... OK
L 10/27/2022 - 20:29:27: [AMXX] Failed to open dictionary file: cstrike/addons/amxmodx/data/lang/jb_blockct.txt
L 10/27/2022 - 20:29:27: [gamecms_api.amxx] Connection to the GameCMS database is established
L 10/27/2022 - 20:29:28: [gamecms_api.amxx] "61" services was 'Loaded' from database. Total on server: "61" services.
L 10/27/2022 - 20:29:28: [pluginmenu.amxx] Can't add menu item "Plugin Cvars" from plugin "pluginmenu.amxx" to menu set because the Menus Front-End plugin itself is not loaded!
L 10/27/2022 - 20:29:28: [pluginmenu.amxx] Can't add menu item "Plugin Commands" from plugin "pluginmenu.amxx" to menu set because the Menus Front-End plugin itself is not loaded!
L 10/27/2022 - 20:43:24: [gamecms_api.amxx] Authentication... "<Star Platinum><STEAM_2:0:1262329417>" (Account name "Star Platinum" / Admin index "13") (Service flags "stmcphufeqojwt") (Service name "Интеллектуал")
L 10/27/2022 - 20:43:26: [gamecms_api.amxx] Authentication... "<Star Platinum><STEAM_2:0:1262329417>" (Account name "Star Platinum" / Admin index "13") (Service flags "stmcphufeqojwt") (Service name "Интеллектуал")
L 10/27/2022 - 21:13:21: [gamecms_api.amxx] Authentication... "<maxik><STEAM_1:0:58613925>" (Account name "maxik" / Admin index "24") (Service flags "gstmcphufeqojwdt") (Service name "Анти граб* + Интеллектуал + Опер + Адм")
L 10/27/2022 - 21:13:26: [gamecms_api.amxx] Authentication... "<maxik><STEAM_1:0:58613925>" (Account name "maxik" / Admin index "24") (Service flags "gstmcphufeqojwdt") (Service name "Анти граб* + Интеллектуал + Опер + Адм")
L 10/27/2022 - 21:13:53: [lite_mapchooser.amxx] Vote: Voting for the nextmap started
L 10/27/2022 - 21:14:03: [lite_mapchooser.amxx] [End VoteMap] Voting for the nextmap finished. Map jail_reset_v2 extended by 15 minutes
L 10/27/2022 - 21:19:29: [lite_mapchooser.amxx] Vote: Voting for the nextmap started
L 10/27/2022 - 21:19:39: [lite_mapchooser.amxx] [End VoteMap] Nobody voted for the nextmap. Random map jail_czone
L 10/27/2022 - 21:19:42: -------- Mapchange to jail_czone --------
L 10/27/2022 - 21:19:44: [gamecms_api.amxx] Reading GameCMS settings file... OK
L 10/27/2022 - 21:19:44: [AMXX] Failed to open dictionary file: cstrike/addons/amxmodx/data/lang/jb_blockct.txt
L 10/27/2022 - 21:19:44: [gamecms_api.amxx] Connection to the GameCMS database is established
L 10/27/2022 - 21:19:44: [gamecms_api.amxx] "61" services was 'Loaded' from database. Total on server: "61" services.
L 10/27/2022 - 21:19:45: [pluginmenu.amxx] Can't add menu item "Plugin Cvars" from plugin "pluginmenu.amxx" to menu set because the Menus Front-End plugin itself is not loaded!
L 10/27/2022 - 21:19:45: [pluginmenu.amxx] Can't add menu item "Plugin Commands" from plugin "pluginmenu.amxx" to menu set because the Menus Front-End plugin itself is not loaded!
L 10/27/2022 - 21:56:33: [lite_mapchooser.amxx] Vote: Voting for the nextmap started
L 10/27/2022 - 21:56:44: [lite_mapchooser.amxx] [End VoteMap] Nobody voted for the nextmap. Random map jail_sebastian
L 10/27/2022 - 21:56:47: -------- Mapchange to jail_sebastian --------
L 10/27/2022 - 21:56:49: [gamecms_api.amxx] Reading GameCMS settings file... OK
L 10/27/2022 - 21:56:49: [AMXX] Failed to open dictionary file: cstrike/addons/amxmodx/data/lang/jb_blockct.txt
L 10/27/2022 - 21:56:49: [gamecms_api.amxx] Connection to the GameCMS database is established
L 10/27/2022 - 21:56:49: [gamecms_api.amxx] "61" services was 'Loaded' from database. Total on server: "61" services.
L 10/27/2022 - 21:56:49: [pluginmenu.amxx] Can't add menu item "Plugin Cvars" from plugin "pluginmenu.amxx" to menu set because the Menus Front-End plugin itself is not loaded!
L 10/27/2022 - 21:56:49: [pluginmenu.amxx] Can't add menu item "Plugin Commands" from plugin "pluginmenu.amxx" to menu set because the Menus Front-End plugin itself is not loaded!
L 10/27/2022 - 23:02:29: -------- Mapchange to jail_reset_v2 --------
L 10/27/2022 - 23:02:31: [gamecms_api.amxx] Reading GameCMS settings file... OK
L 10/27/2022 - 23:02:31: [AMXX] Failed to open dictionary file: cstrike/addons/amxmodx/data/lang/jb_blockct.txt
L 10/27/2022 - 23:02:31: [gamecms_api.amxx] Connection to the GameCMS database is established
L 10/27/2022 - 23:02:31: [gamecms_api.amxx] "61" services was 'Loaded' from database. Total on server: "61" services.
L 10/27/2022 - 23:02:31: [pluginmenu.amxx] Can't add menu item "Plugin Cvars" from plugin "pluginmenu.amxx" to menu set because the Menus Front-End plugin itself is not loaded!
L 10/27/2022 - 23:02:31: [pluginmenu.amxx] Can't add menu item "Plugin Commands" from plugin "pluginmenu.amxx" to menu set because the Menus Front-End plugin itself is not loaded!
