L 11/04/2022 - 00:55:23: -------- Mapchange to jail_czone --------
L 11/04/2022 - 00:55:25: [gamecms_api.amxx] Reading GameCMS settings file... OK
L 11/04/2022 - 00:55:25: [AMXX] Failed to open dictionary file: cstrike/addons/amxmodx/data/lang/jb_blockct.txt
L 11/04/2022 - 00:55:25: [AdminsOnline.amxx] Файл addons/amxmodx/configs/AO/AO_04_11_2022.txt успешно создан!
L 11/04/2022 - 00:55:25: [gamecms_api.amxx] Connection to the GameCMS database is established
L 11/04/2022 - 00:55:25: [gamecms_api.amxx] "58" services was 'Loaded' from database. Total on server: "58" services.
L 11/04/2022 - 00:55:25: [pluginmenu.amxx] Can't add menu item "Plugin Cvars" from plugin "pluginmenu.amxx" to menu set because the Menus Front-End plugin itself is not loaded!
L 11/04/2022 - 00:55:25: [pluginmenu.amxx] Can't add menu item "Plugin Commands" from plugin "pluginmenu.amxx" to menu set because the Menus Front-End plugin itself is not loaded!
L 11/04/2022 - 01:52:02: -------- Mapchange to jb_mini --------
L 11/04/2022 - 01:52:04: [gamecms_api.amxx] Reading GameCMS settings file... OK
L 11/04/2022 - 01:52:04: [AMXX] Failed to open dictionary file: cstrike/addons/amxmodx/data/lang/jb_blockct.txt
L 11/04/2022 - 01:52:04: [gamecms_api.amxx] Connection to the GameCMS database is established
L 11/04/2022 - 01:52:04: [gamecms_api.amxx] "58" services was 'Loaded' from database. Total on server: "58" services.
L 11/04/2022 - 01:52:05: [pluginmenu.amxx] Can't add menu item "Plugin Cvars" from plugin "pluginmenu.amxx" to menu set because the Menus Front-End plugin itself is not loaded!
L 11/04/2022 - 01:52:05: [pluginmenu.amxx] Can't add menu item "Plugin Commands" from plugin "pluginmenu.amxx" to menu set because the Menus Front-End plugin itself is not loaded!
L 11/04/2022 - 02:48:42: -------- Mapchange to jail_buyuklise --------
L 11/04/2022 - 02:48:44: [gamecms_api.amxx] Reading GameCMS settings file... OK
L 11/04/2022 - 02:48:44: [AMXX] Failed to open dictionary file: cstrike/addons/amxmodx/data/lang/jb_blockct.txt
L 11/04/2022 - 02:48:44: [gamecms_api.amxx] Connection to the GameCMS database is established
L 11/04/2022 - 02:48:44: [gamecms_api.amxx] "58" services was 'Loaded' from database. Total on server: "58" services.
L 11/04/2022 - 02:48:44: [pluginmenu.amxx] Can't add menu item "Plugin Cvars" from plugin "pluginmenu.amxx" to menu set because the Menus Front-End plugin itself is not loaded!
L 11/04/2022 - 02:48:44: [pluginmenu.amxx] Can't add menu item "Plugin Commands" from plugin "pluginmenu.amxx" to menu set because the Menus Front-End plugin itself is not loaded!
L 11/04/2022 - 03:50:17: -------- Mapchange to jail_sebastian --------
L 11/04/2022 - 03:50:19: [gamecms_api.amxx] Reading GameCMS settings file... OK
L 11/04/2022 - 03:50:19: [AMXX] Failed to open dictionary file: cstrike/addons/amxmodx/data/lang/jb_blockct.txt
L 11/04/2022 - 03:50:19: [gamecms_api.amxx] Connection to the GameCMS database is established
L 11/04/2022 - 03:50:19: [gamecms_api.amxx] "58" services was 'Loaded' from database. Total on server: "58" services.
L 11/04/2022 - 03:50:20: [pluginmenu.amxx] Can't add menu item "Plugin Cvars" from plugin "pluginmenu.amxx" to menu set because the Menus Front-End plugin itself is not loaded!
L 11/04/2022 - 03:50:20: [pluginmenu.amxx] Can't add menu item "Plugin Commands" from plugin "pluginmenu.amxx" to menu set because the Menus Front-End plugin itself is not loaded!
L 11/04/2022 - 04:51:52: -------- Mapchange to jail_buyukmekan_fix --------
L 11/04/2022 - 04:51:54: [gamecms_api.amxx] Reading GameCMS settings file... OK
L 11/04/2022 - 04:51:54: [AMXX] Failed to open dictionary file: cstrike/addons/amxmodx/data/lang/jb_blockct.txt
L 11/04/2022 - 04:51:54: [gamecms_api.amxx] Connection to the GameCMS database is established
L 11/04/2022 - 04:51:54: [gamecms_api.amxx] "58" services was 'Loaded' from database. Total on server: "58" services.
L 11/04/2022 - 04:51:54: [pluginmenu.amxx] Can't add menu item "Plugin Cvars" from plugin "pluginmenu.amxx" to menu set because the Menus Front-End plugin itself is not loaded!
L 11/04/2022 - 04:51:54: [pluginmenu.amxx] Can't add menu item "Plugin Commands" from plugin "pluginmenu.amxx" to menu set because the Menus Front-End plugin itself is not loaded!
L 11/04/2022 - 05:53:26: -------- Mapchange to jail_buyukinfaz --------
L 11/04/2022 - 05:53:29: [gamecms_api.amxx] Reading GameCMS settings file... OK
L 11/04/2022 - 05:53:29: [AMXX] Failed to open dictionary file: cstrike/addons/amxmodx/data/lang/jb_blockct.txt
L 11/04/2022 - 05:53:29: [gamecms_api.amxx] Connection to the GameCMS database is established
L 11/04/2022 - 05:53:29: [gamecms_api.amxx] "58" services was 'Loaded' from database. Total on server: "58" services.
L 11/04/2022 - 05:53:29: [pluginmenu.amxx] Can't add menu item "Plugin Cvars" from plugin "pluginmenu.amxx" to menu set because the Menus Front-End plugin itself is not loaded!
L 11/04/2022 - 05:53:29: [pluginmenu.amxx] Can't add menu item "Plugin Commands" from plugin "pluginmenu.amxx" to menu set because the Menus Front-End plugin itself is not loaded!
L 11/04/2022 - 06:55:02: -------- Mapchange to jail_alayinaisyan_b5 --------
L 11/04/2022 - 06:55:04: [gamecms_api.amxx] Reading GameCMS settings file... OK
L 11/04/2022 - 06:55:04: [AMXX] Failed to open dictionary file: cstrike/addons/amxmodx/data/lang/jb_blockct.txt
L 11/04/2022 - 06:55:04: [gamecms_api.amxx] Connection to the GameCMS database is established
L 11/04/2022 - 06:55:04: [gamecms_api.amxx] "58" services was 'Loaded' from database. Total on server: "58" services.
L 11/04/2022 - 06:55:04: [pluginmenu.amxx] Can't add menu item "Plugin Cvars" from plugin "pluginmenu.amxx" to menu set because the Menus Front-End plugin itself is not loaded!
L 11/04/2022 - 06:55:04: [pluginmenu.amxx] Can't add menu item "Plugin Commands" from plugin "pluginmenu.amxx" to menu set because the Menus Front-End plugin itself is not loaded!
L 11/04/2022 - 07:39:53: [lite_mapchooser.amxx] Vote: Voting for the nextmap started
L 11/04/2022 - 07:40:03: [lite_mapchooser.amxx] [End VoteMap] Nobody voted for the nextmap. Random map jail_reset_v2
L 11/04/2022 - 07:40:06: -------- Mapchange to jail_reset_v2 --------
L 11/04/2022 - 07:40:07: [gamecms_api.amxx] Reading GameCMS settings file... OK
L 11/04/2022 - 07:40:07: [AMXX] Failed to open dictionary file: cstrike/addons/amxmodx/data/lang/jb_blockct.txt
L 11/04/2022 - 07:40:07: [gamecms_api.amxx] Connection to the GameCMS database is established
L 11/04/2022 - 07:40:08: [gamecms_api.amxx] "58" services was 'Loaded' from database. Total on server: "58" services.
L 11/04/2022 - 07:40:08: [pluginmenu.amxx] Can't add menu item "Plugin Cvars" from plugin "pluginmenu.amxx" to menu set because the Menus Front-End plugin itself is not loaded!
L 11/04/2022 - 07:40:08: [pluginmenu.amxx] Can't add menu item "Plugin Commands" from plugin "pluginmenu.amxx" to menu set because the Menus Front-End plugin itself is not loaded!
L 11/04/2022 - 08:53:59: -------- Mapchange to jail_reset_v2 --------
L 11/04/2022 - 08:54:00: [gamecms_api.amxx] Reading GameCMS settings file... OK
L 11/04/2022 - 08:54:00: [AMXX] Failed to open dictionary file: cstrike/addons/amxmodx/data/lang/jb_blockct.txt
L 11/04/2022 - 08:54:00: [gamecms_api.amxx] Connection to the GameCMS database is established
L 11/04/2022 - 08:54:00: [gamecms_api.amxx] "58" services was 'Loaded' from database. Total on server: "58" services.
L 11/04/2022 - 08:54:01: [pluginmenu.amxx] Can't add menu item "Plugin Cvars" from plugin "pluginmenu.amxx" to menu set because the Menus Front-End plugin itself is not loaded!
L 11/04/2022 - 08:54:01: [pluginmenu.amxx] Can't add menu item "Plugin Commands" from plugin "pluginmenu.amxx" to menu set because the Menus Front-End plugin itself is not loaded!
L 11/04/2022 - 09:19:35: [lite_mapchooser.amxx] Vote: Voting for the nextmap started
L 11/04/2022 - 09:19:45: [lite_mapchooser.amxx] [End VoteMap] Voting for the nextmap finished. The nextmap will be jb_mini
L 11/04/2022 - 09:19:48: -------- Mapchange to jb_mini --------
L 11/04/2022 - 09:19:49: [gamecms_api.amxx] Reading GameCMS settings file... OK
L 11/04/2022 - 09:19:49: [AMXX] Failed to open dictionary file: cstrike/addons/amxmodx/data/lang/jb_blockct.txt
L 11/04/2022 - 09:19:49: [gamecms_api.amxx] Connection to the GameCMS database is established
L 11/04/2022 - 09:19:50: [gamecms_api.amxx] "58" services was 'Loaded' from database. Total on server: "58" services.
L 11/04/2022 - 09:19:50: [pluginmenu.amxx] Can't add menu item "Plugin Cvars" from plugin "pluginmenu.amxx" to menu set because the Menus Front-End plugin itself is not loaded!
L 11/04/2022 - 09:19:50: [pluginmenu.amxx] Can't add menu item "Plugin Commands" from plugin "pluginmenu.amxx" to menu set because the Menus Front-End plugin itself is not loaded!
L 11/04/2022 - 09:20:51: [gamecms_api.amxx] Authentication... "<Ту4ка><STEAM_2:1:447931214>" (Account name "Ту4ка" / Admin index "11") (Service flags "stmcphdt") (Service name "Хакер + Паутинка* + Админ*")
L 11/04/2022 - 09:20:53: [gamecms_api.amxx] Authentication... "<Ту4ка><STEAM_2:1:447931214>" (Account name "Ту4ка" / Admin index "11") (Service flags "stmcphdt") (Service name "Хакер + Паутинка* + Админ*")
L 11/04/2022 - 09:42:20: [lite_mapchooser.amxx] Vote: Voting for the nextmap started
L 11/04/2022 - 09:42:30: [lite_mapchooser.amxx] [End VoteMap] Nobody voted for the nextmap. Random map jaiI_xmf_v2
L 11/04/2022 - 09:42:33: -------- Mapchange to jaiI_xmf_v2 --------
L 11/04/2022 - 09:42:35: [gamecms_api.amxx] Reading GameCMS settings file... OK
L 11/04/2022 - 09:42:35: [AMXX] Failed to open dictionary file: cstrike/addons/amxmodx/data/lang/jb_blockct.txt
L 11/04/2022 - 09:42:35: [gamecms_api.amxx] Connection to the GameCMS database is established
L 11/04/2022 - 09:42:35: [gamecms_api.amxx] "58" services was 'Loaded' from database. Total on server: "58" services.
L 11/04/2022 - 09:42:36: [pluginmenu.amxx] Can't add menu item "Plugin Cvars" from plugin "pluginmenu.amxx" to menu set because the Menus Front-End plugin itself is not loaded!
L 11/04/2022 - 09:42:36: [pluginmenu.amxx] Can't add menu item "Plugin Commands" from plugin "pluginmenu.amxx" to menu set because the Menus Front-End plugin itself is not loaded!
L 11/04/2022 - 10:52:25: -------- Mapchange to jail_west_v2 --------
L 11/04/2022 - 10:52:27: [gamecms_api.amxx] Reading GameCMS settings file... OK
L 11/04/2022 - 10:52:27: [AMXX] Failed to open dictionary file: cstrike/addons/amxmodx/data/lang/jb_blockct.txt
L 11/04/2022 - 10:52:27: [gamecms_api.amxx] Connection to the GameCMS database is established
L 11/04/2022 - 10:52:27: [gamecms_api.amxx] "58" services was 'Loaded' from database. Total on server: "58" services.
L 11/04/2022 - 10:52:27: [pluginmenu.amxx] Can't add menu item "Plugin Cvars" from plugin "pluginmenu.amxx" to menu set because the Menus Front-End plugin itself is not loaded!
L 11/04/2022 - 10:52:27: [pluginmenu.amxx] Can't add menu item "Plugin Commands" from plugin "pluginmenu.amxx" to menu set because the Menus Front-End plugin itself is not loaded!
L 11/04/2022 - 12:02:17: -------- Mapchange to jail_czone --------
L 11/04/2022 - 12:02:18: [gamecms_api.amxx] Reading GameCMS settings file... OK
L 11/04/2022 - 12:02:18: [AMXX] Failed to open dictionary file: cstrike/addons/amxmodx/data/lang/jb_blockct.txt
L 11/04/2022 - 12:02:18: [gamecms_api.amxx] Connection to the GameCMS database is established
L 11/04/2022 - 12:02:19: [gamecms_api.amxx] "58" services was 'Loaded' from database. Total on server: "58" services.
L 11/04/2022 - 12:02:19: [pluginmenu.amxx] Can't add menu item "Plugin Cvars" from plugin "pluginmenu.amxx" to menu set because the Menus Front-End plugin itself is not loaded!
L 11/04/2022 - 12:02:19: [pluginmenu.amxx] Can't add menu item "Plugin Commands" from plugin "pluginmenu.amxx" to menu set because the Menus Front-End plugin itself is not loaded!
L 11/04/2022 - 12:28:19: [lite_mapchooser.amxx] Vote: Voting for the nextmap started
L 11/04/2022 - 12:28:29: [lite_mapchooser.amxx] [End VoteMap] Nobody voted for the nextmap. Random map jb_mini
L 11/04/2022 - 12:28:32: -------- Mapchange to jb_mini --------
L 11/04/2022 - 12:28:34: [gamecms_api.amxx] Reading GameCMS settings file... OK
L 11/04/2022 - 12:28:34: [AMXX] Failed to open dictionary file: cstrike/addons/amxmodx/data/lang/jb_blockct.txt
L 11/04/2022 - 12:28:34: [gamecms_api.amxx] Connection to the GameCMS database is established
L 11/04/2022 - 12:28:34: [gamecms_api.amxx] "57" services was 'Loaded' from database. Total on server: "57" services.
L 11/04/2022 - 12:28:34: [pluginmenu.amxx] Can't add menu item "Plugin Cvars" from plugin "pluginmenu.amxx" to menu set because the Menus Front-End plugin itself is not loaded!
L 11/04/2022 - 12:28:34: [pluginmenu.amxx] Can't add menu item "Plugin Commands" from plugin "pluginmenu.amxx" to menu set because the Menus Front-End plugin itself is not loaded!
L 11/04/2022 - 13:27:12: [lite_mapchooser.amxx] Vote: Voting for the nextmap started
L 11/04/2022 - 13:27:22: [lite_mapchooser.amxx] [End VoteMap] Nobody voted for the nextmap. Random map jail_buyuklise
L 11/04/2022 - 13:27:25: -------- Mapchange to jail_buyuklise --------
L 11/04/2022 - 13:27:27: [gamecms_api.amxx] Reading GameCMS settings file... OK
L 11/04/2022 - 13:27:27: [AMXX] Failed to open dictionary file: cstrike/addons/amxmodx/data/lang/jb_blockct.txt
L 11/04/2022 - 13:27:27: [gamecms_api.amxx] Connection to the GameCMS database is established
L 11/04/2022 - 13:27:27: [gamecms_api.amxx] "57" services was 'Loaded' from database. Total on server: "57" services.
L 11/04/2022 - 13:27:28: [pluginmenu.amxx] Can't add menu item "Plugin Cvars" from plugin "pluginmenu.amxx" to menu set because the Menus Front-End plugin itself is not loaded!
L 11/04/2022 - 13:27:28: [pluginmenu.amxx] Can't add menu item "Plugin Commands" from plugin "pluginmenu.amxx" to menu set because the Menus Front-End plugin itself is not loaded!
L 11/04/2022 - 13:54:24: [lite_mapchooser.amxx] Vote: Voting for the nextmap started
L 11/04/2022 - 13:54:35: [lite_mapchooser.amxx] [End VoteMap] Voting for the nextmap finished. Map jail_buyuklise extended by 15 minutes
L 11/04/2022 - 14:39:04: -------- Mapchange to jb_mini --------
L 11/04/2022 - 14:39:05: [gamecms_api.amxx] Reading GameCMS settings file... OK
L 11/04/2022 - 14:39:05: [AMXX] Failed to open dictionary file: cstrike/addons/amxmodx/data/lang/jb_blockct.txt
L 11/04/2022 - 14:39:05: [gamecms_api.amxx] Connection to the GameCMS database is established
L 11/04/2022 - 14:39:05: [gamecms_api.amxx] "57" services was 'Loaded' from database. Total on server: "57" services.
L 11/04/2022 - 14:39:06: [pluginmenu.amxx] Can't add menu item "Plugin Cvars" from plugin "pluginmenu.amxx" to menu set because the Menus Front-End plugin itself is not loaded!
L 11/04/2022 - 14:39:06: [pluginmenu.amxx] Can't add menu item "Plugin Commands" from plugin "pluginmenu.amxx" to menu set because the Menus Front-End plugin itself is not loaded!
L 11/04/2022 - 15:42:51: [lite_mapchooser.amxx] Vote: Voting for the nextmap started
L 11/04/2022 - 15:43:01: [lite_mapchooser.amxx] [End VoteMap] Voting for the nextmap finished. The nextmap will be jail_reset_v2
L 11/04/2022 - 15:43:05: -------- Mapchange to jail_reset_v2 --------
L 11/04/2022 - 15:43:06: [gamecms_api.amxx] Reading GameCMS settings file... OK
L 11/04/2022 - 15:43:06: [AMXX] Failed to open dictionary file: cstrike/addons/amxmodx/data/lang/jb_blockct.txt
L 11/04/2022 - 15:43:06: [gamecms_api.amxx] Connection to the GameCMS database is established
L 11/04/2022 - 15:43:06: [gamecms_api.amxx] "56" services was 'Loaded' from database. Total on server: "56" services.
L 11/04/2022 - 15:43:07: [pluginmenu.amxx] Can't add menu item "Plugin Cvars" from plugin "pluginmenu.amxx" to menu set because the Menus Front-End plugin itself is not loaded!
L 11/04/2022 - 15:43:07: [pluginmenu.amxx] Can't add menu item "Plugin Commands" from plugin "pluginmenu.amxx" to menu set because the Menus Front-End plugin itself is not loaded!
L 11/04/2022 - 16:34:11: [lite_mapchooser.amxx] Vote: Voting for the nextmap started
L 11/04/2022 - 16:34:21: [lite_mapchooser.amxx] [End VoteMap] Voting for the nextmap finished. Map jail_reset_v2 extended by 15 minutes
L 11/04/2022 - 16:34:31: -------- Mapchange to jail_buyuklise --------
L 11/04/2022 - 16:34:32: [gamecms_api.amxx] Reading GameCMS settings file... OK
L 11/04/2022 - 16:34:32: [AMXX] Failed to open dictionary file: cstrike/addons/amxmodx/data/lang/jb_blockct.txt
L 11/04/2022 - 16:34:32: [gamecms_api.amxx] Connection to the GameCMS database is established
L 11/04/2022 - 16:34:33: [gamecms_api.amxx] "56" services was 'Loaded' from database. Total on server: "56" services.
L 11/04/2022 - 16:34:33: [pluginmenu.amxx] Can't add menu item "Plugin Cvars" from plugin "pluginmenu.amxx" to menu set because the Menus Front-End plugin itself is not loaded!
L 11/04/2022 - 16:34:33: [pluginmenu.amxx] Can't add menu item "Plugin Commands" from plugin "pluginmenu.amxx" to menu set because the Menus Front-End plugin itself is not loaded!
L 11/04/2022 - 17:13:18: [lite_mapchooser.amxx] Vote: Voting for the nextmap started
L 11/04/2022 - 17:13:28: [lite_mapchooser.amxx] [End VoteMap] Nobody voted for the nextmap. Random map jb_mini
L 11/04/2022 - 17:13:31: -------- Mapchange to jb_mini --------
L 11/04/2022 - 17:13:33: [gamecms_api.amxx] Reading GameCMS settings file... OK
L 11/04/2022 - 17:13:33: [AMXX] Failed to open dictionary file: cstrike/addons/amxmodx/data/lang/jb_blockct.txt
L 11/04/2022 - 17:13:33: [gamecms_api.amxx] Connection to the GameCMS database is established
L 11/04/2022 - 17:13:33: [gamecms_api.amxx] "56" services was 'Loaded' from database. Total on server: "56" services.
L 11/04/2022 - 17:13:34: [pluginmenu.amxx] Can't add menu item "Plugin Cvars" from plugin "pluginmenu.amxx" to menu set because the Menus Front-End plugin itself is not loaded!
L 11/04/2022 - 17:13:34: [pluginmenu.amxx] Can't add menu item "Plugin Commands" from plugin "pluginmenu.amxx" to menu set because the Menus Front-End plugin itself is not loaded!
L 11/04/2022 - 17:43:54: [lite_mapchooser.amxx] Vote: Voting for the nextmap started
L 11/04/2022 - 17:44:04: [lite_mapchooser.amxx] [End VoteMap] Voting for the nextmap finished. Map jb_mini extended by 15 minutes
L 11/04/2022 - 17:50:44: [lite_mapchooser.amxx] Vote: Voting for the nextmap started
L 11/04/2022 - 17:50:54: [lite_mapchooser.amxx] [End VoteMap] Voting for the nextmap finished. The nextmap will be jail_sebastian
L 11/04/2022 - 17:50:57: -------- Mapchange to jail_sebastian --------
L 11/04/2022 - 17:50:59: [gamecms_api.amxx] Reading GameCMS settings file... OK
L 11/04/2022 - 17:50:59: [AMXX] Failed to open dictionary file: cstrike/addons/amxmodx/data/lang/jb_blockct.txt
L 11/04/2022 - 17:50:59: [gamecms_api.amxx] Connection to the GameCMS database is established
L 11/04/2022 - 17:51:00: [gamecms_api.amxx] "56" services was 'Loaded' from database. Total on server: "56" services.
L 11/04/2022 - 17:51:00: [pluginmenu.amxx] Can't add menu item "Plugin Cvars" from plugin "pluginmenu.amxx" to menu set because the Menus Front-End plugin itself is not loaded!
L 11/04/2022 - 17:51:00: [pluginmenu.amxx] Can't add menu item "Plugin Commands" from plugin "pluginmenu.amxx" to menu set because the Menus Front-End plugin itself is not loaded!
L 11/04/2022 - 18:48:27: [lite_mapchooser.amxx] Vote: Voting for the nextmap started
L 11/04/2022 - 18:48:37: [lite_mapchooser.amxx] [End VoteMap] Voting for the nextmap finished. The nextmap will be jail_alayinaisyan_b5
L 11/04/2022 - 18:48:41: -------- Mapchange to jail_alayinaisyan_b5 --------
L 11/04/2022 - 18:48:43: [gamecms_api.amxx] Reading GameCMS settings file... OK
L 11/04/2022 - 18:48:43: [AMXX] Failed to open dictionary file: cstrike/addons/amxmodx/data/lang/jb_blockct.txt
L 11/04/2022 - 18:48:43: [gamecms_api.amxx] Connection to the GameCMS database is established
L 11/04/2022 - 18:48:43: [gamecms_api.amxx] "56" services was 'Loaded' from database. Total on server: "56" services.
L 11/04/2022 - 18:48:43: [pluginmenu.amxx] Can't add menu item "Plugin Cvars" from plugin "pluginmenu.amxx" to menu set because the Menus Front-End plugin itself is not loaded!
L 11/04/2022 - 18:48:43: [pluginmenu.amxx] Can't add menu item "Plugin Commands" from plugin "pluginmenu.amxx" to menu set because the Menus Front-End plugin itself is not loaded!
L 11/04/2022 - 19:22:12: [lite_mapchooser.amxx] Vote: Voting for the nextmap started
L 11/04/2022 - 19:22:22: [lite_mapchooser.amxx] [End VoteMap] Voting for the nextmap finished. The nextmap will be jail_sebastian
L 11/04/2022 - 19:22:25: -------- Mapchange to jail_sebastian --------
L 11/04/2022 - 19:22:27: [gamecms_api.amxx] Reading GameCMS settings file... OK
L 11/04/2022 - 19:22:27: [AMXX] Failed to open dictionary file: cstrike/addons/amxmodx/data/lang/jb_blockct.txt
L 11/04/2022 - 19:22:27: [gamecms_api.amxx] Connection to the GameCMS database is established
L 11/04/2022 - 19:22:27: [gamecms_api.amxx] "56" services was 'Loaded' from database. Total on server: "56" services.
L 11/04/2022 - 19:22:28: [pluginmenu.amxx] Can't add menu item "Plugin Cvars" from plugin "pluginmenu.amxx" to menu set because the Menus Front-End plugin itself is not loaded!
L 11/04/2022 - 19:22:28: [pluginmenu.amxx] Can't add menu item "Plugin Commands" from plugin "pluginmenu.amxx" to menu set because the Menus Front-End plugin itself is not loaded!
L 11/04/2022 - 19:42:59: [lite_mapchooser.amxx] Vote: Voting for the nextmap started
L 11/04/2022 - 19:43:09: [lite_mapchooser.amxx] [End VoteMap] Voting for the nextmap finished. The nextmap will be jail_buyuklise
L 11/04/2022 - 19:43:12: -------- Mapchange to jail_buyuklise --------
L 11/04/2022 - 19:43:14: [gamecms_api.amxx] Reading GameCMS settings file... OK
L 11/04/2022 - 19:43:14: [AMXX] Failed to open dictionary file: cstrike/addons/amxmodx/data/lang/jb_blockct.txt
L 11/04/2022 - 19:43:14: [gamecms_api.amxx] Connection to the GameCMS database is established
L 11/04/2022 - 19:43:14: [gamecms_api.amxx] "56" services was 'Loaded' from database. Total on server: "56" services.
L 11/04/2022 - 19:43:14: [pluginmenu.amxx] Can't add menu item "Plugin Cvars" from plugin "pluginmenu.amxx" to menu set because the Menus Front-End plugin itself is not loaded!
L 11/04/2022 - 19:43:14: [pluginmenu.amxx] Can't add menu item "Plugin Commands" from plugin "pluginmenu.amxx" to menu set because the Menus Front-End plugin itself is not loaded!
L 11/04/2022 - 20:40:09: -------- Mapchange to jail_sebastian --------
L 11/04/2022 - 20:40:11: [gamecms_api.amxx] Reading GameCMS settings file... OK
L 11/04/2022 - 20:40:11: [AMXX] Failed to open dictionary file: cstrike/addons/amxmodx/data/lang/jb_blockct.txt
L 11/04/2022 - 20:40:11: [gamecms_api.amxx] Connection to the GameCMS database is established
L 11/04/2022 - 20:40:12: [gamecms_api.amxx] "56" services was 'Loaded' from database. Total on server: "56" services.
L 11/04/2022 - 20:40:12: [pluginmenu.amxx] Can't add menu item "Plugin Cvars" from plugin "pluginmenu.amxx" to menu set because the Menus Front-End plugin itself is not loaded!
L 11/04/2022 - 20:40:12: [pluginmenu.amxx] Can't add menu item "Plugin Commands" from plugin "pluginmenu.amxx" to menu set because the Menus Front-End plugin itself is not loaded!
L 11/04/2022 - 21:08:08: [lite_mapchooser.amxx] Vote: Voting for the nextmap started
L 11/04/2022 - 21:08:18: [lite_mapchooser.amxx] [End VoteMap] Voting for the nextmap finished. Map jail_sebastian extended by 15 minutes
L 11/04/2022 - 21:42:16: [gamecms_api.amxx] Authentication... "<maxik><STEAM_1:0:58613925>" (Account name "maxik" / Admin index "24") (Service flags "gstmcphufeqojwdt") (Service name "Анти граб* + Интеллектуал + Опер + Адм")
L 11/04/2022 - 21:42:19: [gamecms_api.amxx] Authentication... "<maxik><STEAM_1:0:58613925>" (Account name "maxik" / Admin index "24") (Service flags "gstmcphufeqojwdt") (Service name "Анти граб* + Интеллектуал + Опер + Адм")
L 11/04/2022 - 21:42:43: [lite_mapchooser.amxx] Vote: Voting for the nextmap started
L 11/04/2022 - 21:42:53: [lite_mapchooser.amxx] [End VoteMap] Voting for the nextmap finished. Map jail_sebastian extended by 15 minutes
L 11/04/2022 - 21:44:53: -------- Mapchange to jail_buyukmekan_fix --------
L 11/04/2022 - 21:44:55: [gamecms_api.amxx] Reading GameCMS settings file... OK
L 11/04/2022 - 21:44:55: [AMXX] Failed to open dictionary file: cstrike/addons/amxmodx/data/lang/jb_blockct.txt
L 11/04/2022 - 21:44:55: [gamecms_api.amxx] Connection to the GameCMS database is established
L 11/04/2022 - 21:44:55: [gamecms_api.amxx] "56" services was 'Loaded' from database. Total on server: "56" services.
L 11/04/2022 - 21:44:55: [pluginmenu.amxx] Can't add menu item "Plugin Cvars" from plugin "pluginmenu.amxx" to menu set because the Menus Front-End plugin itself is not loaded!
L 11/04/2022 - 21:44:55: [pluginmenu.amxx] Can't add menu item "Plugin Commands" from plugin "pluginmenu.amxx" to menu set because the Menus Front-End plugin itself is not loaded!
L 11/04/2022 - 21:44:55: [gamecms_api.amxx] Authentication... "<maxik><STEAM_1:0:58613925>" (Account name "maxik" / Admin index "24") (Service flags "gstmcphufeqojwdt") (Service name "Анти граб* + Интеллектуал + Опер + Адм")
L 11/04/2022 - 21:44:58: [gamecms_api.amxx] Authentication... "<maxik><STEAM_1:0:58613925>" (Account name "maxik" / Admin index "24") (Service flags "gstmcphufeqojwdt") (Service name "Анти граб* + Интеллектуал + Опер + Адм")
L 11/04/2022 - 22:11:16: [lite_mapchooser.amxx] Vote: Voting for the nextmap started
L 11/04/2022 - 22:11:26: [lite_mapchooser.amxx] [End VoteMap] Nobody voted for the nextmap. Random map jaiI_xmf_v2
L 11/04/2022 - 22:11:29: -------- Mapchange to jaiI_xmf_v2 --------
L 11/04/2022 - 22:11:30: [gamecms_api.amxx] Reading GameCMS settings file... OK
L 11/04/2022 - 22:11:31: [AMXX] Failed to open dictionary file: cstrike/addons/amxmodx/data/lang/jb_blockct.txt
L 11/04/2022 - 22:11:31: [gamecms_api.amxx] Connection to the GameCMS database is established
L 11/04/2022 - 22:11:31: [gamecms_api.amxx] "56" services was 'Loaded' from database. Total on server: "56" services.
L 11/04/2022 - 22:11:31: [pluginmenu.amxx] Can't add menu item "Plugin Cvars" from plugin "pluginmenu.amxx" to menu set because the Menus Front-End plugin itself is not loaded!
L 11/04/2022 - 22:11:31: [pluginmenu.amxx] Can't add menu item "Plugin Commands" from plugin "pluginmenu.amxx" to menu set because the Menus Front-End plugin itself is not loaded!
L 11/04/2022 - 22:35:07: [lite_mapchooser.amxx] Vote: Voting for the nextmap started
L 11/04/2022 - 22:35:17: [lite_mapchooser.amxx] [End VoteMap] Nobody voted for the nextmap. Random map jb_mini
L 11/04/2022 - 22:35:20: -------- Mapchange to jb_mini --------
L 11/04/2022 - 22:35:22: [gamecms_api.amxx] Reading GameCMS settings file... OK
L 11/04/2022 - 22:35:22: [AMXX] Failed to open dictionary file: cstrike/addons/amxmodx/data/lang/jb_blockct.txt
L 11/04/2022 - 22:35:22: [gamecms_api.amxx] Connection to the GameCMS database is established
L 11/04/2022 - 22:35:22: [gamecms_api.amxx] "56" services was 'Loaded' from database. Total on server: "56" services.
L 11/04/2022 - 22:35:23: [pluginmenu.amxx] Can't add menu item "Plugin Cvars" from plugin "pluginmenu.amxx" to menu set because the Menus Front-End plugin itself is not loaded!
L 11/04/2022 - 22:35:23: [pluginmenu.amxx] Can't add menu item "Plugin Commands" from plugin "pluginmenu.amxx" to menu set because the Menus Front-End plugin itself is not loaded!
L 11/04/2022 - 23:28:58: [lite_mapchooser.amxx] Vote: Voting for the nextmap started
L 11/04/2022 - 23:29:08: [lite_mapchooser.amxx] [End VoteMap] Voting for the nextmap finished. Map jb_mini extended by 15 minutes
L 11/04/2022 - 23:29:18: -------- Mapchange to jail_buyukinfaz --------
L 11/04/2022 - 23:29:20: [gamecms_api.amxx] Reading GameCMS settings file... OK
L 11/04/2022 - 23:29:20: [AMXX] Failed to open dictionary file: cstrike/addons/amxmodx/data/lang/jb_blockct.txt
L 11/04/2022 - 23:29:20: [gamecms_api.amxx] Connection to the GameCMS database is established
L 11/04/2022 - 23:29:20: [gamecms_api.amxx] "56" services was 'Loaded' from database. Total on server: "56" services.
L 11/04/2022 - 23:29:21: [pluginmenu.amxx] Can't add menu item "Plugin Cvars" from plugin "pluginmenu.amxx" to menu set because the Menus Front-End plugin itself is not loaded!
L 11/04/2022 - 23:29:21: [pluginmenu.amxx] Can't add menu item "Plugin Commands" from plugin "pluginmenu.amxx" to menu set because the Menus Front-End plugin itself is not loaded!
