L 10/29/2022 - 00:02:52: -------- Mapchange to jail_czone --------
L 10/29/2022 - 00:02:54: [gamecms_api.amxx] Reading GameCMS settings file... OK
L 10/29/2022 - 00:02:54: [AMXX] Failed to open dictionary file: cstrike/addons/amxmodx/data/lang/jb_blockct.txt
L 10/29/2022 - 00:02:54: [AdminsOnline.amxx] Файл addons/amxmodx/configs/AO/AO_29_10_2022.txt успешно создан!
L 10/29/2022 - 00:02:54: [gamecms_api.amxx] Connection to the GameCMS database is established
L 10/29/2022 - 00:02:54: [gamecms_api.amxx] "61" services was 'Loaded' from database. Total on server: "61" services.
L 10/29/2022 - 00:02:54: [pluginmenu.amxx] Can't add menu item "Plugin Cvars" from plugin "pluginmenu.amxx" to menu set because the Menus Front-End plugin itself is not loaded!
L 10/29/2022 - 00:02:54: [pluginmenu.amxx] Can't add menu item "Plugin Commands" from plugin "pluginmenu.amxx" to menu set because the Menus Front-End plugin itself is not loaded!
L 10/29/2022 - 01:30:16: -------- Mapchange to jb_mini --------
L 10/29/2022 - 01:30:17: [gamecms_api.amxx] Reading GameCMS settings file... OK
L 10/29/2022 - 01:30:17: [AMXX] Failed to open dictionary file: cstrike/addons/amxmodx/data/lang/jb_blockct.txt
L 10/29/2022 - 01:30:17: [gamecms_api.amxx] Connection to the GameCMS database is established
L 10/29/2022 - 01:30:18: [gamecms_api.amxx] "61" services was 'Loaded' from database. Total on server: "61" services.
L 10/29/2022 - 01:30:18: [pluginmenu.amxx] Can't add menu item "Plugin Cvars" from plugin "pluginmenu.amxx" to menu set because the Menus Front-End plugin itself is not loaded!
L 10/29/2022 - 01:30:18: [pluginmenu.amxx] Can't add menu item "Plugin Commands" from plugin "pluginmenu.amxx" to menu set because the Menus Front-End plugin itself is not loaded!
L 10/29/2022 - 02:57:40: -------- Mapchange to jail_buyuklise --------
L 10/29/2022 - 02:57:41: [gamecms_api.amxx] Reading GameCMS settings file... OK
L 10/29/2022 - 02:57:41: [AMXX] Failed to open dictionary file: cstrike/addons/amxmodx/data/lang/jb_blockct.txt
L 10/29/2022 - 02:57:41: [gamecms_api.amxx] Connection to the GameCMS database is established
L 10/29/2022 - 02:57:42: [gamecms_api.amxx] "61" services was 'Loaded' from database. Total on server: "61" services.
L 10/29/2022 - 02:57:42: [pluginmenu.amxx] Can't add menu item "Plugin Cvars" from plugin "pluginmenu.amxx" to menu set because the Menus Front-End plugin itself is not loaded!
L 10/29/2022 - 02:57:42: [pluginmenu.amxx] Can't add menu item "Plugin Commands" from plugin "pluginmenu.amxx" to menu set because the Menus Front-End plugin itself is not loaded!
L 10/29/2022 - 04:25:04: -------- Mapchange to jail_sebastian --------
L 10/29/2022 - 04:25:06: [gamecms_api.amxx] Reading GameCMS settings file... OK
L 10/29/2022 - 04:25:06: [AMXX] Failed to open dictionary file: cstrike/addons/amxmodx/data/lang/jb_blockct.txt
L 10/29/2022 - 04:25:06: [gamecms_api.amxx] Connection to the GameCMS database is established
L 10/29/2022 - 04:25:06: [gamecms_api.amxx] "61" services was 'Loaded' from database. Total on server: "61" services.
L 10/29/2022 - 04:25:07: [pluginmenu.amxx] Can't add menu item "Plugin Cvars" from plugin "pluginmenu.amxx" to menu set because the Menus Front-End plugin itself is not loaded!
L 10/29/2022 - 04:25:07: [pluginmenu.amxx] Can't add menu item "Plugin Commands" from plugin "pluginmenu.amxx" to menu set because the Menus Front-End plugin itself is not loaded!
L 10/29/2022 - 05:52:28: -------- Mapchange to jail_buyukmekan_fix --------
L 10/29/2022 - 05:52:30: [gamecms_api.amxx] Reading GameCMS settings file... OK
L 10/29/2022 - 05:52:30: [AMXX] Failed to open dictionary file: cstrike/addons/amxmodx/data/lang/jb_blockct.txt
L 10/29/2022 - 05:52:30: [gamecms_api.amxx] Connection to the GameCMS database is established
L 10/29/2022 - 05:52:30: [gamecms_api.amxx] "61" services was 'Loaded' from database. Total on server: "61" services.
L 10/29/2022 - 05:52:30: [pluginmenu.amxx] Can't add menu item "Plugin Cvars" from plugin "pluginmenu.amxx" to menu set because the Menus Front-End plugin itself is not loaded!
L 10/29/2022 - 05:52:30: [pluginmenu.amxx] Can't add menu item "Plugin Commands" from plugin "pluginmenu.amxx" to menu set because the Menus Front-End plugin itself is not loaded!
L 10/29/2022 - 07:19:52: -------- Mapchange to jail_buyukinfaz --------
L 10/29/2022 - 07:19:54: [gamecms_api.amxx] Reading GameCMS settings file... OK
L 10/29/2022 - 07:19:54: [AMXX] Failed to open dictionary file: cstrike/addons/amxmodx/data/lang/jb_blockct.txt
L 10/29/2022 - 07:19:54: [gamecms_api.amxx] Connection to the GameCMS database is established
L 10/29/2022 - 07:19:54: [gamecms_api.amxx] "61" services was 'Loaded' from database. Total on server: "61" services.
L 10/29/2022 - 07:19:55: [pluginmenu.amxx] Can't add menu item "Plugin Cvars" from plugin "pluginmenu.amxx" to menu set because the Menus Front-End plugin itself is not loaded!
L 10/29/2022 - 07:19:55: [pluginmenu.amxx] Can't add menu item "Plugin Commands" from plugin "pluginmenu.amxx" to menu set because the Menus Front-End plugin itself is not loaded!
L 10/29/2022 - 08:47:17: -------- Mapchange to jail_alayinaisyan_b5 --------
L 10/29/2022 - 08:47:19: [gamecms_api.amxx] Reading GameCMS settings file... OK
L 10/29/2022 - 08:47:19: [AMXX] Failed to open dictionary file: cstrike/addons/amxmodx/data/lang/jb_blockct.txt
L 10/29/2022 - 08:47:19: [gamecms_api.amxx] Connection to the GameCMS database is established
L 10/29/2022 - 08:47:19: [gamecms_api.amxx] "61" services was 'Loaded' from database. Total on server: "61" services.
L 10/29/2022 - 08:47:19: [pluginmenu.amxx] Can't add menu item "Plugin Cvars" from plugin "pluginmenu.amxx" to menu set because the Menus Front-End plugin itself is not loaded!
L 10/29/2022 - 08:47:19: [pluginmenu.amxx] Can't add menu item "Plugin Commands" from plugin "pluginmenu.amxx" to menu set because the Menus Front-End plugin itself is not loaded!
L 10/29/2022 - 09:04:22: [gamecms_api.amxx] Authentication... "<Ту4ка><STEAM_2:0:224549487>" (Account name "Ту4ка" / Admin index "11") (Service flags "stmcphdt") (Service name "Хакер + Паутинка* + Админ*")
L 10/29/2022 - 09:04:25: [gamecms_api.amxx] Authentication... "<Ту4ка><STEAM_2:0:224549487>" (Account name "Ту4ка" / Admin index "11") (Service flags "stmcphdt") (Service name "Хакер + Паутинка* + Админ*")
L 10/29/2022 - 09:30:50: [lite_mapchooser.amxx] Vote: Voting for the nextmap started
L 10/29/2022 - 09:31:00: [lite_mapchooser.amxx] [End VoteMap] Nobody voted for the nextmap. Random map jb_mini
L 10/29/2022 - 09:31:03: -------- Mapchange to jb_mini --------
L 10/29/2022 - 09:31:05: [gamecms_api.amxx] Reading GameCMS settings file... OK
L 10/29/2022 - 09:31:05: [AMXX] Failed to open dictionary file: cstrike/addons/amxmodx/data/lang/jb_blockct.txt
L 10/29/2022 - 09:31:05: [gamecms_api.amxx] Connection to the GameCMS database is established
L 10/29/2022 - 09:31:05: [gamecms_api.amxx] "61" services was 'Loaded' from database. Total on server: "61" services.
L 10/29/2022 - 09:31:05: [pluginmenu.amxx] Can't add menu item "Plugin Cvars" from plugin "pluginmenu.amxx" to menu set because the Menus Front-End plugin itself is not loaded!
L 10/29/2022 - 09:31:05: [pluginmenu.amxx] Can't add menu item "Plugin Commands" from plugin "pluginmenu.amxx" to menu set because the Menus Front-End plugin itself is not loaded!
L 10/29/2022 - 09:51:43: [lite_mapchooser.amxx] Vote: Voting for the nextmap started
L 10/29/2022 - 09:51:53: [lite_mapchooser.amxx] [End VoteMap] Voting for the nextmap finished. The nextmap will be jail_west_v2
L 10/29/2022 - 09:51:56: -------- Mapchange to jail_west_v2 --------
L 10/29/2022 - 09:51:58: [gamecms_api.amxx] Reading GameCMS settings file... OK
L 10/29/2022 - 09:51:58: [AMXX] Failed to open dictionary file: cstrike/addons/amxmodx/data/lang/jb_blockct.txt
L 10/29/2022 - 09:51:58: [gamecms_api.amxx] Connection to the GameCMS database is established
L 10/29/2022 - 09:51:58: [gamecms_api.amxx] "61" services was 'Loaded' from database. Total on server: "61" services.
L 10/29/2022 - 09:51:58: [pluginmenu.amxx] Can't add menu item "Plugin Cvars" from plugin "pluginmenu.amxx" to menu set because the Menus Front-End plugin itself is not loaded!
L 10/29/2022 - 09:51:58: [pluginmenu.amxx] Can't add menu item "Plugin Commands" from plugin "pluginmenu.amxx" to menu set because the Menus Front-End plugin itself is not loaded!
L 10/29/2022 - 10:17:58: [lite_mapchooser.amxx] Vote: Voting for the nextmap started
L 10/29/2022 - 10:18:08: [lite_mapchooser.amxx] [End VoteMap] Voting for the nextmap finished. The nextmap will be jaiI_xmf_v2
L 10/29/2022 - 10:18:11: -------- Mapchange to jaiI_xmf_v2 --------
L 10/29/2022 - 10:18:13: [gamecms_api.amxx] Reading GameCMS settings file... OK
L 10/29/2022 - 10:18:13: [AMXX] Failed to open dictionary file: cstrike/addons/amxmodx/data/lang/jb_blockct.txt
L 10/29/2022 - 10:18:13: [gamecms_api.amxx] Connection to the GameCMS database is established
L 10/29/2022 - 10:18:13: [gamecms_api.amxx] "61" services was 'Loaded' from database. Total on server: "61" services.
L 10/29/2022 - 10:18:14: [pluginmenu.amxx] Can't add menu item "Plugin Cvars" from plugin "pluginmenu.amxx" to menu set because the Menus Front-End plugin itself is not loaded!
L 10/29/2022 - 10:18:14: [pluginmenu.amxx] Can't add menu item "Plugin Commands" from plugin "pluginmenu.amxx" to menu set because the Menus Front-End plugin itself is not loaded!
L 10/29/2022 - 10:56:41: [lite_mapchooser.amxx] Vote: Voting for the nextmap started
L 10/29/2022 - 10:56:51: [lite_mapchooser.amxx] [End VoteMap] Nobody voted for the nextmap. Random map jail_buyukmekan_fix
L 10/29/2022 - 10:56:54: -------- Mapchange to jail_buyukmekan_fix --------
L 10/29/2022 - 10:56:56: [gamecms_api.amxx] Reading GameCMS settings file... OK
L 10/29/2022 - 10:56:56: [AMXX] Failed to open dictionary file: cstrike/addons/amxmodx/data/lang/jb_blockct.txt
L 10/29/2022 - 10:56:56: [gamecms_api.amxx] Connection to the GameCMS database is established
L 10/29/2022 - 10:56:56: [gamecms_api.amxx] "61" services was 'Loaded' from database. Total on server: "61" services.
L 10/29/2022 - 10:56:56: [pluginmenu.amxx] Can't add menu item "Plugin Cvars" from plugin "pluginmenu.amxx" to menu set because the Menus Front-End plugin itself is not loaded!
L 10/29/2022 - 10:56:56: [pluginmenu.amxx] Can't add menu item "Plugin Commands" from plugin "pluginmenu.amxx" to menu set because the Menus Front-End plugin itself is not loaded!
L 10/29/2022 - 11:00:28: [gamecms_api.amxx] Authentication... "<Ту4ка><STEAM_2:0:224549487>" (Account name "Ту4ка" / Admin index "11") (Service flags "stmcphdt") (Service name "Хакер + Паутинка* + Админ*")
L 10/29/2022 - 11:00:31: [gamecms_api.amxx] Authentication... "<Ту4ка><STEAM_2:0:224549487>" (Account name "Ту4ка" / Admin index "11") (Service flags "stmcphdt") (Service name "Хакер + Паутинка* + Админ*")
L 10/29/2022 - 11:20:32: [lite_mapchooser.amxx] Vote: Voting for the nextmap started
L 10/29/2022 - 11:20:42: [lite_mapchooser.amxx] [End VoteMap] Nobody voted for the nextmap. Random map jail_sebastian
L 10/29/2022 - 11:20:45: -------- Mapchange to jail_sebastian --------
L 10/29/2022 - 11:20:47: [gamecms_api.amxx] Reading GameCMS settings file... OK
L 10/29/2022 - 11:20:47: [AMXX] Failed to open dictionary file: cstrike/addons/amxmodx/data/lang/jb_blockct.txt
L 10/29/2022 - 11:20:47: [gamecms_api.amxx] Connection to the GameCMS database is established
L 10/29/2022 - 11:20:47: [gamecms_api.amxx] "61" services was 'Loaded' from database. Total on server: "61" services.
L 10/29/2022 - 11:20:48: [pluginmenu.amxx] Can't add menu item "Plugin Cvars" from plugin "pluginmenu.amxx" to menu set because the Menus Front-End plugin itself is not loaded!
L 10/29/2022 - 11:20:48: [pluginmenu.amxx] Can't add menu item "Plugin Commands" from plugin "pluginmenu.amxx" to menu set because the Menus Front-End plugin itself is not loaded!
L 10/29/2022 - 12:05:48: [lite_mapchooser.amxx] Vote: Voting for the nextmap started
L 10/29/2022 - 12:05:58: [lite_mapchooser.amxx] [End VoteMap] Voting for the nextmap finished. The nextmap will be jail_buyuklise
L 10/29/2022 - 12:06:02: -------- Mapchange to jail_buyuklise --------
L 10/29/2022 - 12:06:03: [gamecms_api.amxx] Reading GameCMS settings file... OK
L 10/29/2022 - 12:06:03: [AMXX] Failed to open dictionary file: cstrike/addons/amxmodx/data/lang/jb_blockct.txt
L 10/29/2022 - 12:06:03: [gamecms_api.amxx] Connection to the GameCMS database is established
L 10/29/2022 - 12:06:04: [gamecms_api.amxx] "61" services was 'Loaded' from database. Total on server: "61" services.
L 10/29/2022 - 12:06:04: [pluginmenu.amxx] Can't add menu item "Plugin Cvars" from plugin "pluginmenu.amxx" to menu set because the Menus Front-End plugin itself is not loaded!
L 10/29/2022 - 12:06:04: [pluginmenu.amxx] Can't add menu item "Plugin Commands" from plugin "pluginmenu.amxx" to menu set because the Menus Front-End plugin itself is not loaded!
L 10/29/2022 - 12:26:25: [lite_mapchooser.amxx] Vote: Voting for the nextmap started
L 10/29/2022 - 12:26:35: [lite_mapchooser.amxx] [End VoteMap] Nobody voted for the nextmap. Random map jail_alayinaisyan_b5
L 10/29/2022 - 12:26:39: -------- Mapchange to jail_alayinaisyan_b5 --------
L 10/29/2022 - 12:26:40: [gamecms_api.amxx] Reading GameCMS settings file... OK
L 10/29/2022 - 12:26:40: [AMXX] Failed to open dictionary file: cstrike/addons/amxmodx/data/lang/jb_blockct.txt
L 10/29/2022 - 12:26:40: [gamecms_api.amxx] Connection to the GameCMS database is established
L 10/29/2022 - 12:26:40: [gamecms_api.amxx] "61" services was 'Loaded' from database. Total on server: "61" services.
L 10/29/2022 - 12:26:41: [pluginmenu.amxx] Can't add menu item "Plugin Cvars" from plugin "pluginmenu.amxx" to menu set because the Menus Front-End plugin itself is not loaded!
L 10/29/2022 - 12:26:41: [pluginmenu.amxx] Can't add menu item "Plugin Commands" from plugin "pluginmenu.amxx" to menu set because the Menus Front-End plugin itself is not loaded!
L 10/29/2022 - 12:46:48: [lite_mapchooser.amxx] Vote: Voting for the nextmap started
L 10/29/2022 - 12:46:58: [lite_mapchooser.amxx] [End VoteMap] Voting for the nextmap finished. The nextmap will be jail_west_v2
L 10/29/2022 - 12:47:01: -------- Mapchange to jail_west_v2 --------
L 10/29/2022 - 12:47:03: [gamecms_api.amxx] Reading GameCMS settings file... OK
L 10/29/2022 - 12:47:03: [AMXX] Failed to open dictionary file: cstrike/addons/amxmodx/data/lang/jb_blockct.txt
L 10/29/2022 - 12:47:03: [gamecms_api.amxx] Connection to the GameCMS database is established
L 10/29/2022 - 12:47:03: [gamecms_api.amxx] "61" services was 'Loaded' from database. Total on server: "61" services.
L 10/29/2022 - 12:47:04: [pluginmenu.amxx] Can't add menu item "Plugin Cvars" from plugin "pluginmenu.amxx" to menu set because the Menus Front-End plugin itself is not loaded!
L 10/29/2022 - 12:47:04: [pluginmenu.amxx] Can't add menu item "Plugin Commands" from plugin "pluginmenu.amxx" to menu set because the Menus Front-End plugin itself is not loaded!
L 10/29/2022 - 12:54:15: [gamecms_api.amxx] Authentication... "<SleNsyy><STEAM_2:1:1786400036>" (Account name "SleNsyy" / Admin index "30") (Service flags "tdsmcphufeqt") (Service name "Админ* + Президент")
L 10/29/2022 - 12:54:19: [gamecms_api.amxx] Authentication... "<SleNsyy><STEAM_2:1:1786400036>" (Account name "SleNsyy" / Admin index "30") (Service flags "tdsmcphufeqt") (Service name "Админ* + Президент")
L 10/29/2022 - 13:29:10: [gamecms_api.amxx] Authentication... "<maxik><STEAM_1:0:58613925>" (Account name "maxik" / Admin index "24") (Service flags "gstmcphufeqojwdt") (Service name "Анти граб* + Интеллектуал + Опер + Адм")
L 10/29/2022 - 13:29:13: [gamecms_api.amxx] Authentication... "<maxik><STEAM_1:0:58613925>" (Account name "maxik" / Admin index "24") (Service flags "gstmcphufeqojwdt") (Service name "Анти граб* + Интеллектуал + Опер + Адм")
L 10/29/2022 - 13:29:57: [lite_mapchooser.amxx] Vote: Voting for the nextmap started
L 10/29/2022 - 13:30:07: [lite_mapchooser.amxx] [End VoteMap] Voting for the nextmap finished. Map jail_west_v2 extended by 15 minutes
L 10/29/2022 - 13:30:41: [gamecms_api.amxx] Authentication... "<maxik><STEAM_1:0:58613925>" (Account name "maxik" / Admin index "24") (Service flags "gstmcphufeqojwdt") (Service name "Анти граб* + Интеллектуал + Опер + Адм")
L 10/29/2022 - 13:31:00: [gamecms_api.amxx] Authentication... "<maxik><STEAM_1:0:58613925>" (Account name "maxik" / Admin index "24") (Service flags "gstmcphufeqojwdt") (Service name "Анти граб* + Интеллектуал + Опер + Адм")
L 10/29/2022 - 13:31:22: -------- Mapchange to jail_reset_v2 --------
L 10/29/2022 - 13:31:23: [gamecms_api.amxx] Reading GameCMS settings file... OK
L 10/29/2022 - 13:31:23: [AMXX] Failed to open dictionary file: cstrike/addons/amxmodx/data/lang/jb_blockct.txt
L 10/29/2022 - 13:31:23: [gamecms_api.amxx] Connection to the GameCMS database is established
L 10/29/2022 - 13:31:24: [gamecms_api.amxx] "61" services was 'Loaded' from database. Total on server: "61" services.
L 10/29/2022 - 13:31:24: [pluginmenu.amxx] Can't add menu item "Plugin Cvars" from plugin "pluginmenu.amxx" to menu set because the Menus Front-End plugin itself is not loaded!
L 10/29/2022 - 13:31:24: [pluginmenu.amxx] Can't add menu item "Plugin Commands" from plugin "pluginmenu.amxx" to menu set because the Menus Front-End plugin itself is not loaded!
L 10/29/2022 - 13:31:24: [gamecms_api.amxx] Authentication... "<maxik><STEAM_1:0:58613925>" (Account name "maxik" / Admin index "24") (Service flags "gstmcphufeqojwdt") (Service name "Анти граб* + Интеллектуал + Опер + Адм")
L 10/29/2022 - 13:31:27: [gamecms_api.amxx] Authentication... "<maxik><STEAM_1:0:58613925>" (Account name "maxik" / Admin index "24") (Service flags "gstmcphufeqojwdt") (Service name "Анти граб* + Интеллектуал + Опер + Адм")
L 10/29/2022 - 13:53:13: [gamecms_api.amxx] Authentication... "<DoNt><STEAM_2:1:1115243388>" (Account name "DoNt" / Admin index "15") (Service flags "stmcpt") (Service name "Альфа")
L 10/29/2022 - 13:53:16: [gamecms_api.amxx] Authentication... "<DoNt><STEAM_2:1:1115243388>" (Account name "DoNt" / Admin index "15") (Service flags "stmcpt") (Service name "Альфа")
L 10/29/2022 - 13:56:14: [lite_mapchooser.amxx] Vote: Voting for the nextmap started
L 10/29/2022 - 13:56:24: [lite_mapchooser.amxx] [End VoteMap] Voting for the nextmap finished. The nextmap will be jb_mini
L 10/29/2022 - 13:56:27: -------- Mapchange to jb_mini --------
L 10/29/2022 - 13:56:28: [gamecms_api.amxx] Reading GameCMS settings file... OK
L 10/29/2022 - 13:56:28: [AMXX] Failed to open dictionary file: cstrike/addons/amxmodx/data/lang/jb_blockct.txt
L 10/29/2022 - 13:56:28: [gamecms_api.amxx] Connection to the GameCMS database is established
L 10/29/2022 - 13:56:29: [gamecms_api.amxx] "61" services was 'Loaded' from database. Total on server: "61" services.
L 10/29/2022 - 13:56:29: [pluginmenu.amxx] Can't add menu item "Plugin Cvars" from plugin "pluginmenu.amxx" to menu set because the Menus Front-End plugin itself is not loaded!
L 10/29/2022 - 13:56:29: [pluginmenu.amxx] Can't add menu item "Plugin Commands" from plugin "pluginmenu.amxx" to menu set because the Menus Front-End plugin itself is not loaded!
L 10/29/2022 - 13:56:29: [gamecms_api.amxx] Authentication... "<maxik><STEAM_1:0:58613925>" (Account name "maxik" / Admin index "24") (Service flags "gstmcphufeqojwdt") (Service name "Анти граб* + Интеллектуал + Опер + Адм")
L 10/29/2022 - 13:56:32: [gamecms_api.amxx] Authentication... "<maxik><STEAM_1:0:58613925>" (Account name "maxik" / Admin index "24") (Service flags "gstmcphufeqojwdt") (Service name "Анти граб* + Интеллектуал + Опер + Адм")
L 10/29/2022 - 14:36:43: [lite_mapchooser.amxx] Vote: Voting for the nextmap started
L 10/29/2022 - 14:36:53: [lite_mapchooser.amxx] [End VoteMap] Voting for the nextmap finished. Map jb_mini extended by 15 minutes
L 10/29/2022 - 14:37:05: -------- Mapchange to jail_west_v2 --------
L 10/29/2022 - 14:37:06: [gamecms_api.amxx] Reading GameCMS settings file... OK
L 10/29/2022 - 14:37:06: [AMXX] Failed to open dictionary file: cstrike/addons/amxmodx/data/lang/jb_blockct.txt
L 10/29/2022 - 14:37:06: [gamecms_api.amxx] Connection to the GameCMS database is established
L 10/29/2022 - 14:37:07: [gamecms_api.amxx] "61" services was 'Loaded' from database. Total on server: "61" services.
L 10/29/2022 - 14:37:07: [pluginmenu.amxx] Can't add menu item "Plugin Cvars" from plugin "pluginmenu.amxx" to menu set because the Menus Front-End plugin itself is not loaded!
L 10/29/2022 - 14:37:07: [pluginmenu.amxx] Can't add menu item "Plugin Commands" from plugin "pluginmenu.amxx" to menu set because the Menus Front-End plugin itself is not loaded!
L 10/29/2022 - 15:11:23: [gamecms_api.amxx] Authentication... "<HyPe><STEAM_1:0:312021417>" (Account name "STEAM_1:0:312021417" / Admin index "10") (Service flags "stmcphufeqojwdt") (Service name "Интеллектуал + Админ*")
L 10/29/2022 - 15:11:24: [gamecms_api.amxx] Authentication... "<HyPe><STEAM_1:0:312021417>" (Account name "STEAM_1:0:312021417" / Admin index "10") (Service flags "stmcphufeqojwdt") (Service name "Интеллектуал + Админ*")
L 10/29/2022 - 15:52:31: -------- Mapchange to jail_czone --------
L 10/29/2022 - 15:52:32: [gamecms_api.amxx] Reading GameCMS settings file... OK
L 10/29/2022 - 15:52:32: [AMXX] Failed to open dictionary file: cstrike/addons/amxmodx/data/lang/jb_blockct.txt
L 10/29/2022 - 15:52:32: [gamecms_api.amxx] Connection to the GameCMS database is established
L 10/29/2022 - 15:52:33: [gamecms_api.amxx] "61" services was 'Loaded' from database. Total on server: "61" services.
L 10/29/2022 - 15:52:33: [pluginmenu.amxx] Can't add menu item "Plugin Cvars" from plugin "pluginmenu.amxx" to menu set because the Menus Front-End plugin itself is not loaded!
L 10/29/2022 - 15:52:33: [pluginmenu.amxx] Can't add menu item "Plugin Commands" from plugin "pluginmenu.amxx" to menu set because the Menus Front-End plugin itself is not loaded!
L 10/29/2022 - 16:01:33: [gamecms_api.amxx] Authentication... "<DoNt><STEAM_2:1:1115243388>" (Account name "DoNt" / Admin index "15") (Service flags "stmcpt") (Service name "Альфа")
L 10/29/2022 - 16:01:36: [gamecms_api.amxx] Authentication... "<DoNt><STEAM_2:1:1115243388>" (Account name "DoNt" / Admin index "15") (Service flags "stmcpt") (Service name "Альфа")
L 10/29/2022 - 16:58:12: -------- Mapchange to jb_mini --------
L 10/29/2022 - 16:58:13: [gamecms_api.amxx] Reading GameCMS settings file... OK
L 10/29/2022 - 16:58:13: [AMXX] Failed to open dictionary file: cstrike/addons/amxmodx/data/lang/jb_blockct.txt
L 10/29/2022 - 16:58:13: [gamecms_api.amxx] Connection to the GameCMS database is established
L 10/29/2022 - 16:58:13: [gamecms_api.amxx] "61" services was 'Loaded' from database. Total on server: "61" services.
L 10/29/2022 - 16:58:14: [pluginmenu.amxx] Can't add menu item "Plugin Cvars" from plugin "pluginmenu.amxx" to menu set because the Menus Front-End plugin itself is not loaded!
L 10/29/2022 - 16:58:14: [pluginmenu.amxx] Can't add menu item "Plugin Commands" from plugin "pluginmenu.amxx" to menu set because the Menus Front-End plugin itself is not loaded!
L 10/29/2022 - 17:27:05: [gamecms_api.amxx] Authentication... "<Ту4ка><STEAM_2:0:224549487>" (Account name "Ту4ка" / Admin index "11") (Service flags "stmcphdt") (Service name "Хакер + Паутинка* + Админ*")
L 10/29/2022 - 17:27:07: [gamecms_api.amxx] Authentication... "<Ту4ка><STEAM_2:0:224549487>" (Account name "Ту4ка" / Admin index "11") (Service flags "stmcphdt") (Service name "Хакер + Паутинка* + Админ*")
L 10/29/2022 - 17:27:26: [lite_mapchooser.amxx] Vote: Voting for the nextmap started
L 10/29/2022 - 17:27:36: [lite_mapchooser.amxx] [End VoteMap] Nobody voted for the nextmap. Random map jail_alayinaisyan_b5
L 10/29/2022 - 17:27:40: -------- Mapchange to jail_alayinaisyan_b5 --------
L 10/29/2022 - 17:27:41: [gamecms_api.amxx] Reading GameCMS settings file... OK
L 10/29/2022 - 17:27:41: [AMXX] Failed to open dictionary file: cstrike/addons/amxmodx/data/lang/jb_blockct.txt
L 10/29/2022 - 17:27:41: [gamecms_api.amxx] Connection to the GameCMS database is established
L 10/29/2022 - 17:27:41: [gamecms_api.amxx] "61" services was 'Loaded' from database. Total on server: "61" services.
L 10/29/2022 - 17:27:42: [pluginmenu.amxx] Can't add menu item "Plugin Cvars" from plugin "pluginmenu.amxx" to menu set because the Menus Front-End plugin itself is not loaded!
L 10/29/2022 - 17:27:42: [pluginmenu.amxx] Can't add menu item "Plugin Commands" from plugin "pluginmenu.amxx" to menu set because the Menus Front-End plugin itself is not loaded!
L 10/29/2022 - 17:27:42: [gamecms_api.amxx] Authentication... "<Ту4ка><STEAM_2:0:224549487>" (Account name "Ту4ка" / Admin index "11") (Service flags "stmcphdt") (Service name "Хакер + Паутинка* + Админ*")
L 10/29/2022 - 17:27:44: [gamecms_api.amxx] Authentication... "<Ту4ка><STEAM_2:0:224549487>" (Account name "Ту4ка" / Admin index "11") (Service flags "stmcphdt") (Service name "Хакер + Паутинка* + Админ*")
L 10/29/2022 - 18:01:54: [lite_mapchooser.amxx] Vote: Voting for the nextmap started
L 10/29/2022 - 18:02:04: [lite_mapchooser.amxx] [End VoteMap] Nobody voted for the nextmap. Random map jail_buyukmekan_fix
L 10/29/2022 - 18:02:07: -------- Mapchange to jail_buyukmekan_fix --------
L 10/29/2022 - 18:02:09: [gamecms_api.amxx] Reading GameCMS settings file... OK
L 10/29/2022 - 18:02:09: [AMXX] Failed to open dictionary file: cstrike/addons/amxmodx/data/lang/jb_blockct.txt
L 10/29/2022 - 18:02:09: [gamecms_api.amxx] Connection to the GameCMS database is established
L 10/29/2022 - 18:02:09: [gamecms_api.amxx] "61" services was 'Loaded' from database. Total on server: "61" services.
L 10/29/2022 - 18:02:09: [pluginmenu.amxx] Can't add menu item "Plugin Cvars" from plugin "pluginmenu.amxx" to menu set because the Menus Front-End plugin itself is not loaded!
L 10/29/2022 - 18:02:09: [pluginmenu.amxx] Can't add menu item "Plugin Commands" from plugin "pluginmenu.amxx" to menu set because the Menus Front-End plugin itself is not loaded!
L 10/29/2022 - 18:04:24: [gamecms_api.amxx] Authentication... "<Ту4ка><STEAM_2:0:224549487>" (Account name "Ту4ка" / Admin index "11") (Service flags "stmcphdt") (Service name "Хакер + Паутинка* + Админ*")
L 10/29/2022 - 18:04:26: [gamecms_api.amxx] Authentication... "<Ту4ка><STEAM_2:0:224549487>" (Account name "Ту4ка" / Admin index "11") (Service flags "stmcphdt") (Service name "Хакер + Паутинка* + Админ*")
L 10/29/2022 - 18:28:17: [lite_mapchooser.amxx] Vote: Voting for the nextmap started
L 10/29/2022 - 18:28:27: [lite_mapchooser.amxx] [End VoteMap] Nobody voted for the nextmap. Random map jail_reset_v2
L 10/29/2022 - 18:28:30: -------- Mapchange to jail_reset_v2 --------
L 10/29/2022 - 18:28:32: [gamecms_api.amxx] Reading GameCMS settings file... OK
L 10/29/2022 - 18:28:32: [AMXX] Failed to open dictionary file: cstrike/addons/amxmodx/data/lang/jb_blockct.txt
L 10/29/2022 - 18:28:32: [gamecms_api.amxx] Connection to the GameCMS database is established
L 10/29/2022 - 18:28:32: [gamecms_api.amxx] "61" services was 'Loaded' from database. Total on server: "61" services.
L 10/29/2022 - 18:28:32: [pluginmenu.amxx] Can't add menu item "Plugin Cvars" from plugin "pluginmenu.amxx" to menu set because the Menus Front-End plugin itself is not loaded!
L 10/29/2022 - 18:28:32: [pluginmenu.amxx] Can't add menu item "Plugin Commands" from plugin "pluginmenu.amxx" to menu set because the Menus Front-End plugin itself is not loaded!
L 10/29/2022 - 19:01:44: [lite_mapchooser.amxx] Vote: Voting for the nextmap started
L 10/29/2022 - 19:01:54: [lite_mapchooser.amxx] [End VoteMap] Voting for the nextmap finished. The nextmap will be jail_buyuklise
L 10/29/2022 - 19:01:58: -------- Mapchange to jail_buyuklise --------
L 10/29/2022 - 19:01:59: [gamecms_api.amxx] Reading GameCMS settings file... OK
L 10/29/2022 - 19:01:59: [AMXX] Failed to open dictionary file: cstrike/addons/amxmodx/data/lang/jb_blockct.txt
L 10/29/2022 - 19:01:59: [gamecms_api.amxx] Connection to the GameCMS database is established
L 10/29/2022 - 19:02:00: [gamecms_api.amxx] "61" services was 'Loaded' from database. Total on server: "61" services.
L 10/29/2022 - 19:02:00: [pluginmenu.amxx] Can't add menu item "Plugin Cvars" from plugin "pluginmenu.amxx" to menu set because the Menus Front-End plugin itself is not loaded!
L 10/29/2022 - 19:02:00: [pluginmenu.amxx] Can't add menu item "Plugin Commands" from plugin "pluginmenu.amxx" to menu set because the Menus Front-End plugin itself is not loaded!
L 10/29/2022 - 19:05:36: [gamecms_api.amxx] Authentication... "<Ту4ка><STEAM_2:0:224549487>" (Account name "Ту4ка" / Admin index "11") (Service flags "stmcphdt") (Service name "Хакер + Паутинка* + Админ*")
L 10/29/2022 - 19:05:42: [gamecms_api.amxx] Authentication... "<Ту4ка><STEAM_2:0:224549487>" (Account name "Ту4ка" / Admin index "11") (Service flags "stmcphdt") (Service name "Хакер + Паутинка* + Админ*")
L 10/29/2022 - 19:07:29: [gamecms_api.amxx] Authentication... "<Ту4ка><STEAM_2:0:224549487>" (Account name "Ту4ка" / Admin index "11") (Service flags "stmcphdt") (Service name "Хакер + Паутинка* + Админ*")
L 10/29/2022 - 19:07:30: [gamecms_api.amxx] Authentication... "<Ту4ка><STEAM_2:0:224549487>" (Account name "Ту4ка" / Admin index "11") (Service flags "stmcphdt") (Service name "Хакер + Паутинка* + Админ*")
L 10/29/2022 - 19:10:15: [plmenu.amxx] Cmd: "Ту4ка<528><STEAM_2:0:224549487><>" transfer "PAIN<521><STEAM_1:0:2113306653><>" (team "CT")
L 10/29/2022 - 19:36:16: [lite_mapchooser.amxx] Vote: Voting for the nextmap started
L 10/29/2022 - 19:36:26: [lite_mapchooser.amxx] [End VoteMap] Nobody voted for the nextmap. Random map jb_mini
L 10/29/2022 - 19:36:29: -------- Mapchange to jb_mini --------
L 10/29/2022 - 19:36:31: [gamecms_api.amxx] Reading GameCMS settings file... OK
L 10/29/2022 - 19:36:31: [AMXX] Failed to open dictionary file: cstrike/addons/amxmodx/data/lang/jb_blockct.txt
L 10/29/2022 - 19:36:31: [gamecms_api.amxx] Connection to the GameCMS database is established
L 10/29/2022 - 19:36:31: [gamecms_api.amxx] "61" services was 'Loaded' from database. Total on server: "61" services.
L 10/29/2022 - 19:36:31: [pluginmenu.amxx] Can't add menu item "Plugin Cvars" from plugin "pluginmenu.amxx" to menu set because the Menus Front-End plugin itself is not loaded!
L 10/29/2022 - 19:36:31: [pluginmenu.amxx] Can't add menu item "Plugin Commands" from plugin "pluginmenu.amxx" to menu set because the Menus Front-End plugin itself is not loaded!
L 10/29/2022 - 19:57:39: [lite_mapchooser.amxx] Vote: Voting for the nextmap started
L 10/29/2022 - 19:57:49: [lite_mapchooser.amxx] [End VoteMap] Voting for the nextmap finished. The nextmap will be jail_sebastian
L 10/29/2022 - 19:57:52: -------- Mapchange to jail_sebastian --------
L 10/29/2022 - 19:57:54: [gamecms_api.amxx] Reading GameCMS settings file... OK
L 10/29/2022 - 19:57:54: [AMXX] Failed to open dictionary file: cstrike/addons/amxmodx/data/lang/jb_blockct.txt
L 10/29/2022 - 19:57:54: [gamecms_api.amxx] Connection to the GameCMS database is established
L 10/29/2022 - 19:57:54: [gamecms_api.amxx] "61" services was 'Loaded' from database. Total on server: "61" services.
L 10/29/2022 - 19:57:55: [pluginmenu.amxx] Can't add menu item "Plugin Cvars" from plugin "pluginmenu.amxx" to menu set because the Menus Front-End plugin itself is not loaded!
L 10/29/2022 - 19:57:55: [pluginmenu.amxx] Can't add menu item "Plugin Commands" from plugin "pluginmenu.amxx" to menu set because the Menus Front-End plugin itself is not loaded!
L 10/29/2022 - 20:56:14: -------- Mapchange to jail_buyuklise --------
L 10/29/2022 - 20:56:16: [gamecms_api.amxx] Reading GameCMS settings file... OK
L 10/29/2022 - 20:56:16: [AMXX] Failed to open dictionary file: cstrike/addons/amxmodx/data/lang/jb_blockct.txt
L 10/29/2022 - 20:56:16: [gamecms_api.amxx] Connection to the GameCMS database is established
L 10/29/2022 - 20:56:16: [gamecms_api.amxx] "61" services was 'Loaded' from database. Total on server: "61" services.
L 10/29/2022 - 20:56:16: [pluginmenu.amxx] Can't add menu item "Plugin Cvars" from plugin "pluginmenu.amxx" to menu set because the Menus Front-End plugin itself is not loaded!
L 10/29/2022 - 20:56:16: [pluginmenu.amxx] Can't add menu item "Plugin Commands" from plugin "pluginmenu.amxx" to menu set because the Menus Front-End plugin itself is not loaded!
L 10/29/2022 - 21:40:36: [lite_mapchooser.amxx] Vote: Voting for the nextmap started
L 10/29/2022 - 21:40:46: [lite_mapchooser.amxx] [End VoteMap] Voting for the nextmap finished. Map jail_buyuklise extended by 15 minutes
L 10/29/2022 - 22:51:52: -------- Mapchange to jail_sebastian --------
L 10/29/2022 - 22:51:54: [gamecms_api.amxx] Reading GameCMS settings file... OK
L 10/29/2022 - 22:51:54: [AMXX] Failed to open dictionary file: cstrike/addons/amxmodx/data/lang/jb_blockct.txt
L 10/29/2022 - 22:51:54: [gamecms_api.amxx] Connection to the GameCMS database is established
L 10/29/2022 - 22:51:54: [gamecms_api.amxx] "61" services was 'Loaded' from database. Total on server: "61" services.
L 10/29/2022 - 22:51:55: [pluginmenu.amxx] Can't add menu item "Plugin Cvars" from plugin "pluginmenu.amxx" to menu set because the Menus Front-End plugin itself is not loaded!
L 10/29/2022 - 22:51:55: [pluginmenu.amxx] Can't add menu item "Plugin Commands" from plugin "pluginmenu.amxx" to menu set because the Menus Front-End plugin itself is not loaded!
