L 11/01/2022 - 16:31:36: -------- Mapchange to jaiI_xmf_v2 --------
L 11/01/2022 - 16:31:38: [gamecms_api.amxx] Reading GameCMS settings file... OK
L 11/01/2022 - 16:31:38: [AMXX] Failed to open dictionary file: cstrike/addons/amxmodx/data/lang/jb_blockct.txt
L 11/01/2022 - 16:31:38: [AdminsOnline.amxx] Файл addons/amxmodx/configs/AO/AO_01_11_2022.txt успешно создан!
L 11/01/2022 - 16:31:38: [gamecms_api.amxx] Connection to the GameCMS database is established
L 11/01/2022 - 16:31:38: [gamecms_api.amxx] "61" services was 'Loaded' from database. Total on server: "61" services.
L 11/01/2022 - 16:31:39: [pluginmenu.amxx] Can't add menu item "Plugin Cvars" from plugin "pluginmenu.amxx" to menu set because the Menus Front-End plugin itself is not loaded!
L 11/01/2022 - 16:31:39: [pluginmenu.amxx] Can't add menu item "Plugin Commands" from plugin "pluginmenu.amxx" to menu set because the Menus Front-End plugin itself is not loaded!
L 11/01/2022 - 17:23:23: [lite_mapchooser.amxx] Vote: Voting for the nextmap started
L 11/01/2022 - 17:23:33: [lite_mapchooser.amxx] [End VoteMap] Nobody voted for the nextmap. Random map jail_buyukmekan_fix
L 11/01/2022 - 17:23:36: -------- Mapchange to jail_buyukmekan_fix --------
L 11/01/2022 - 17:23:38: [gamecms_api.amxx] Reading GameCMS settings file... OK
L 11/01/2022 - 17:23:38: [AMXX] Failed to open dictionary file: cstrike/addons/amxmodx/data/lang/jb_blockct.txt
L 11/01/2022 - 17:23:38: [gamecms_api.amxx] Connection to the GameCMS database is established
L 11/01/2022 - 17:23:38: [gamecms_api.amxx] "61" services was 'Loaded' from database. Total on server: "61" services.
L 11/01/2022 - 17:23:39: [pluginmenu.amxx] Can't add menu item "Plugin Cvars" from plugin "pluginmenu.amxx" to menu set because the Menus Front-End plugin itself is not loaded!
L 11/01/2022 - 17:23:39: [pluginmenu.amxx] Can't add menu item "Plugin Commands" from plugin "pluginmenu.amxx" to menu set because the Menus Front-End plugin itself is not loaded!
L 11/01/2022 - 17:43:54: [gamecms_api.amxx] Authentication... "<ss0><STEAM_2:0:1952932635>" (Account name "ss0" / Admin index "32") (Service flags "tdsmcphufeqojwt") (Service name "Админ* + Интеллектуал")
L 11/01/2022 - 17:43:59: [gamecms_api.amxx] Authentication... "<ss0><STEAM_2:0:1952932635>" (Account name "ss0" / Admin index "32") (Service flags "tdsmcphufeqojwt") (Service name "Админ* + Интеллектуал")
L 11/01/2022 - 17:44:41: [lite_mapchooser.amxx] Vote: Voting for the nextmap started
L 11/01/2022 - 17:44:51: [lite_mapchooser.amxx] [End VoteMap] Voting for the nextmap finished. Map jail_buyukmekan_fix extended by 15 minutes
L 11/01/2022 - 18:23:42: [lite_mapchooser.amxx] Vote: Voting for the nextmap started
L 11/01/2022 - 18:23:52: [lite_mapchooser.amxx] [End VoteMap] Nobody voted for the nextmap. Random map jail_west_v2
L 11/01/2022 - 18:23:55: -------- Mapchange to jail_west_v2 --------
L 11/01/2022 - 18:23:57: [gamecms_api.amxx] Reading GameCMS settings file... OK
L 11/01/2022 - 18:23:57: [AMXX] Failed to open dictionary file: cstrike/addons/amxmodx/data/lang/jb_blockct.txt
L 11/01/2022 - 18:23:57: [gamecms_api.amxx] Connection to the GameCMS database is established
L 11/01/2022 - 18:23:57: [gamecms_api.amxx] "61" services was 'Loaded' from database. Total on server: "61" services.
L 11/01/2022 - 18:23:57: [pluginmenu.amxx] Can't add menu item "Plugin Cvars" from plugin "pluginmenu.amxx" to menu set because the Menus Front-End plugin itself is not loaded!
L 11/01/2022 - 18:23:57: [pluginmenu.amxx] Can't add menu item "Plugin Commands" from plugin "pluginmenu.amxx" to menu set because the Menus Front-End plugin itself is not loaded!
L 11/01/2022 - 18:35:49: [gamecms_api.amxx] Authentication... "<Ту4ка><STEAM_2:1:1601740687>" (Account name "Ту4ка" / Admin index "11") (Service flags "stmcphdt") (Service name "Хакер + Паутинка* + Админ*")
L 11/01/2022 - 19:32:27: -------- Mapchange to jail_alayinaisyan_b5 --------
L 11/01/2022 - 19:32:29: [gamecms_api.amxx] Reading GameCMS settings file... OK
L 11/01/2022 - 19:32:29: [AMXX] Failed to open dictionary file: cstrike/addons/amxmodx/data/lang/jb_blockct.txt
L 11/01/2022 - 19:32:29: [gamecms_api.amxx] Connection to the GameCMS database is established
L 11/01/2022 - 19:32:29: [gamecms_api.amxx] "61" services was 'Loaded' from database. Total on server: "61" services.
L 11/01/2022 - 19:32:29: [pluginmenu.amxx] Can't add menu item "Plugin Cvars" from plugin "pluginmenu.amxx" to menu set because the Menus Front-End plugin itself is not loaded!
L 11/01/2022 - 19:32:29: [pluginmenu.amxx] Can't add menu item "Plugin Commands" from plugin "pluginmenu.amxx" to menu set because the Menus Front-End plugin itself is not loaded!
L 11/01/2022 - 20:10:36: [lite_mapchooser.amxx] Vote: Voting for the nextmap started
L 11/01/2022 - 20:10:46: [lite_mapchooser.amxx] [End VoteMap] Voting for the nextmap finished. The nextmap will be jail_west_v2
L 11/01/2022 - 20:10:49: -------- Mapchange to jail_west_v2 --------
L 11/01/2022 - 20:10:50: [gamecms_api.amxx] Reading GameCMS settings file... OK
L 11/01/2022 - 20:10:50: [AMXX] Failed to open dictionary file: cstrike/addons/amxmodx/data/lang/jb_blockct.txt
L 11/01/2022 - 20:10:50: [gamecms_api.amxx] Connection to the GameCMS database is established
L 11/01/2022 - 20:10:51: [gamecms_api.amxx] "61" services was 'Loaded' from database. Total on server: "61" services.
L 11/01/2022 - 20:10:51: [pluginmenu.amxx] Can't add menu item "Plugin Cvars" from plugin "pluginmenu.amxx" to menu set because the Menus Front-End plugin itself is not loaded!
L 11/01/2022 - 20:10:51: [pluginmenu.amxx] Can't add menu item "Plugin Commands" from plugin "pluginmenu.amxx" to menu set because the Menus Front-End plugin itself is not loaded!
L 11/01/2022 - 21:01:46: [lite_mapchooser.amxx] Vote: Voting for the nextmap started
L 11/01/2022 - 21:01:56: [lite_mapchooser.amxx] [End VoteMap] Voting for the nextmap finished. The nextmap will be jail_czone
L 11/01/2022 - 21:01:59: -------- Mapchange to jail_czone --------
L 11/01/2022 - 21:02:01: [gamecms_api.amxx] Reading GameCMS settings file... OK
L 11/01/2022 - 21:02:01: [AMXX] Failed to open dictionary file: cstrike/addons/amxmodx/data/lang/jb_blockct.txt
L 11/01/2022 - 21:02:01: [gamecms_api.amxx] Connection to the GameCMS database is established
L 11/01/2022 - 21:02:01: [gamecms_api.amxx] "61" services was 'Loaded' from database. Total on server: "61" services.
L 11/01/2022 - 21:02:02: [pluginmenu.amxx] Can't add menu item "Plugin Cvars" from plugin "pluginmenu.amxx" to menu set because the Menus Front-End plugin itself is not loaded!
L 11/01/2022 - 21:02:02: [pluginmenu.amxx] Can't add menu item "Plugin Commands" from plugin "pluginmenu.amxx" to menu set because the Menus Front-End plugin itself is not loaded!
L 11/01/2022 - 21:29:15: [lite_mapchooser.amxx] Vote: Voting for the nextmap started
L 11/01/2022 - 21:29:25: [lite_mapchooser.amxx] [End VoteMap] Nobody voted for the nextmap. Random map jaiI_xmf_v2
L 11/01/2022 - 21:29:28: -------- Mapchange to jaiI_xmf_v2 --------
L 11/01/2022 - 21:29:30: [gamecms_api.amxx] Reading GameCMS settings file... OK
L 11/01/2022 - 21:29:30: [AMXX] Failed to open dictionary file: cstrike/addons/amxmodx/data/lang/jb_blockct.txt
L 11/01/2022 - 21:29:30: [gamecms_api.amxx] Connection to the GameCMS database is established
L 11/01/2022 - 21:29:30: [gamecms_api.amxx] "61" services was 'Loaded' from database. Total on server: "61" services.
L 11/01/2022 - 21:29:31: [pluginmenu.amxx] Can't add menu item "Plugin Cvars" from plugin "pluginmenu.amxx" to menu set because the Menus Front-End plugin itself is not loaded!
L 11/01/2022 - 21:29:31: [pluginmenu.amxx] Can't add menu item "Plugin Commands" from plugin "pluginmenu.amxx" to menu set because the Menus Front-End plugin itself is not loaded!
L 11/01/2022 - 22:29:30: [gamecms_api.amxx] Authentication... "<hOLA><STEAM_1:1:1738163247>" (Account name "hOLA" / Admin index "6") (Service flags "stmcphufeqojwdt") (Service name "Интеллектуал + Админ*")
L 11/01/2022 - 22:29:44: [gamecms_api.amxx] Authentication... "<hOLA><STEAM_1:1:1738163247>" (Account name "hOLA" / Admin index "6") (Service flags "stmcphufeqojwdt") (Service name "Интеллектуал + Админ*")
L 11/01/2022 - 22:31:13: [lite_mapchooser.amxx] Vote: Voting for the nextmap started
L 11/01/2022 - 22:31:23: [lite_mapchooser.amxx] [End VoteMap] Voting for the nextmap finished. Map jaiI_xmf_v2 extended by 15 minutes
L 11/01/2022 - 23:26:26: [lite_mapchooser.amxx] Vote: Voting for the nextmap started
L 11/01/2022 - 23:26:36: [lite_mapchooser.amxx] [End VoteMap] Nobody voted for the nextmap. Random map jail_sebastian
L 11/01/2022 - 23:26:39: -------- Mapchange to jail_sebastian --------
L 11/01/2022 - 23:26:41: [gamecms_api.amxx] Reading GameCMS settings file... OK
L 11/01/2022 - 23:26:41: [AMXX] Failed to open dictionary file: cstrike/addons/amxmodx/data/lang/jb_blockct.txt
L 11/01/2022 - 23:26:41: [gamecms_api.amxx] Connection to the GameCMS database is established
L 11/01/2022 - 23:26:41: [gamecms_api.amxx] "61" services was 'Loaded' from database. Total on server: "61" services.
L 11/01/2022 - 23:26:42: [pluginmenu.amxx] Can't add menu item "Plugin Cvars" from plugin "pluginmenu.amxx" to menu set because the Menus Front-End plugin itself is not loaded!
L 11/01/2022 - 23:26:42: [pluginmenu.amxx] Can't add menu item "Plugin Commands" from plugin "pluginmenu.amxx" to menu set because the Menus Front-End plugin itself is not loaded!
