L 10/28/2022 - 00:08:11: -------- Mapchange to jail_west_v2 --------
L 10/28/2022 - 00:08:12: [gamecms_api.amxx] Reading GameCMS settings file... OK
L 10/28/2022 - 00:08:12: [AMXX] Failed to open dictionary file: cstrike/addons/amxmodx/data/lang/jb_blockct.txt
L 10/28/2022 - 00:08:12: [AdminsOnline.amxx] Файл addons/amxmodx/configs/AO/AO_28_10_2022.txt успешно создан!
L 10/28/2022 - 00:08:12: [gamecms_api.amxx] Connection to the GameCMS database is established
L 10/28/2022 - 00:08:13: [gamecms_api.amxx] "61" services was 'Loaded' from database. Total on server: "61" services.
L 10/28/2022 - 00:08:13: [pluginmenu.amxx] Can't add menu item "Plugin Cvars" from plugin "pluginmenu.amxx" to menu set because the Menus Front-End plugin itself is not loaded!
L 10/28/2022 - 00:08:13: [pluginmenu.amxx] Can't add menu item "Plugin Commands" from plugin "pluginmenu.amxx" to menu set because the Menus Front-End plugin itself is not loaded!
L 10/28/2022 - 01:13:53: -------- Mapchange to jail_czone --------
L 10/28/2022 - 01:13:54: [gamecms_api.amxx] Reading GameCMS settings file... OK
L 10/28/2022 - 01:13:54: [AMXX] Failed to open dictionary file: cstrike/addons/amxmodx/data/lang/jb_blockct.txt
L 10/28/2022 - 01:13:54: [gamecms_api.amxx] Connection to the GameCMS database is established
L 10/28/2022 - 01:13:55: [gamecms_api.amxx] "61" services was 'Loaded' from database. Total on server: "61" services.
L 10/28/2022 - 01:13:55: [pluginmenu.amxx] Can't add menu item "Plugin Cvars" from plugin "pluginmenu.amxx" to menu set because the Menus Front-End plugin itself is not loaded!
L 10/28/2022 - 01:13:55: [pluginmenu.amxx] Can't add menu item "Plugin Commands" from plugin "pluginmenu.amxx" to menu set because the Menus Front-End plugin itself is not loaded!
L 10/28/2022 - 02:19:35: -------- Mapchange to jb_mini --------
L 10/28/2022 - 02:19:36: [gamecms_api.amxx] Reading GameCMS settings file... OK
L 10/28/2022 - 02:19:36: [AMXX] Failed to open dictionary file: cstrike/addons/amxmodx/data/lang/jb_blockct.txt
L 10/28/2022 - 02:19:36: [gamecms_api.amxx] Connection to the GameCMS database is established
L 10/28/2022 - 02:19:36: [gamecms_api.amxx] "61" services was 'Loaded' from database. Total on server: "61" services.
L 10/28/2022 - 02:19:37: [pluginmenu.amxx] Can't add menu item "Plugin Cvars" from plugin "pluginmenu.amxx" to menu set because the Menus Front-End plugin itself is not loaded!
L 10/28/2022 - 02:19:37: [pluginmenu.amxx] Can't add menu item "Plugin Commands" from plugin "pluginmenu.amxx" to menu set because the Menus Front-End plugin itself is not loaded!
L 10/28/2022 - 02:42:52: [lite_mapchooser.amxx] Vote: Voting for the nextmap started
L 10/28/2022 - 02:43:02: [lite_mapchooser.amxx] [End VoteMap] Voting for the nextmap finished. The nextmap will be jail_sebastian
L 10/28/2022 - 02:43:05: -------- Mapchange to jail_sebastian --------
L 10/28/2022 - 02:43:07: [gamecms_api.amxx] Reading GameCMS settings file... OK
L 10/28/2022 - 02:43:07: [AMXX] Failed to open dictionary file: cstrike/addons/amxmodx/data/lang/jb_blockct.txt
L 10/28/2022 - 02:43:07: [gamecms_api.amxx] Connection to the GameCMS database is established
L 10/28/2022 - 02:43:08: [gamecms_api.amxx] "61" services was 'Loaded' from database. Total on server: "61" services.
L 10/28/2022 - 02:43:08: [pluginmenu.amxx] Can't add menu item "Plugin Cvars" from plugin "pluginmenu.amxx" to menu set because the Menus Front-End plugin itself is not loaded!
L 10/28/2022 - 02:43:08: [pluginmenu.amxx] Can't add menu item "Plugin Commands" from plugin "pluginmenu.amxx" to menu set because the Menus Front-End plugin itself is not loaded!
L 10/28/2022 - 04:02:39: -------- Mapchange to jail_buyuklise --------
L 10/28/2022 - 04:02:41: [gamecms_api.amxx] Reading GameCMS settings file... OK
L 10/28/2022 - 04:02:41: [AMXX] Failed to open dictionary file: cstrike/addons/amxmodx/data/lang/jb_blockct.txt
L 10/28/2022 - 04:02:41: [gamecms_api.amxx] Connection to the GameCMS database is established
L 10/28/2022 - 04:02:41: [gamecms_api.amxx] "61" services was 'Loaded' from database. Total on server: "61" services.
L 10/28/2022 - 04:02:41: [pluginmenu.amxx] Can't add menu item "Plugin Cvars" from plugin "pluginmenu.amxx" to menu set because the Menus Front-End plugin itself is not loaded!
L 10/28/2022 - 04:02:41: [pluginmenu.amxx] Can't add menu item "Plugin Commands" from plugin "pluginmenu.amxx" to menu set because the Menus Front-End plugin itself is not loaded!
L 10/28/2022 - 05:22:12: -------- Mapchange to jail_sebastian --------
L 10/28/2022 - 05:22:14: [gamecms_api.amxx] Reading GameCMS settings file... OK
L 10/28/2022 - 05:22:14: [AMXX] Failed to open dictionary file: cstrike/addons/amxmodx/data/lang/jb_blockct.txt
L 10/28/2022 - 05:22:14: [gamecms_api.amxx] Connection to the GameCMS database is established
L 10/28/2022 - 05:22:14: [gamecms_api.amxx] "61" services was 'Loaded' from database. Total on server: "61" services.
L 10/28/2022 - 05:22:15: [pluginmenu.amxx] Can't add menu item "Plugin Cvars" from plugin "pluginmenu.amxx" to menu set because the Menus Front-End plugin itself is not loaded!
L 10/28/2022 - 05:22:15: [pluginmenu.amxx] Can't add menu item "Plugin Commands" from plugin "pluginmenu.amxx" to menu set because the Menus Front-End plugin itself is not loaded!
L 10/28/2022 - 06:41:46: -------- Mapchange to jail_buyukmekan_fix --------
L 10/28/2022 - 06:41:47: [gamecms_api.amxx] Reading GameCMS settings file... OK
L 10/28/2022 - 06:41:47: [AMXX] Failed to open dictionary file: cstrike/addons/amxmodx/data/lang/jb_blockct.txt
L 10/28/2022 - 06:41:47: [gamecms_api.amxx] Connection to the GameCMS database is established
L 10/28/2022 - 06:41:48: [gamecms_api.amxx] "61" services was 'Loaded' from database. Total on server: "61" services.
L 10/28/2022 - 06:41:48: [pluginmenu.amxx] Can't add menu item "Plugin Cvars" from plugin "pluginmenu.amxx" to menu set because the Menus Front-End plugin itself is not loaded!
L 10/28/2022 - 06:41:48: [pluginmenu.amxx] Can't add menu item "Plugin Commands" from plugin "pluginmenu.amxx" to menu set because the Menus Front-End plugin itself is not loaded!
L 10/28/2022 - 07:11:23: [lite_mapchooser.amxx] Vote: Voting for the nextmap started
L 10/28/2022 - 07:11:33: [lite_mapchooser.amxx] [End VoteMap] Voting for the nextmap finished. The nextmap will be jb_mini
L 10/28/2022 - 07:11:36: -------- Mapchange to jb_mini --------
L 10/28/2022 - 07:11:38: [gamecms_api.amxx] Reading GameCMS settings file... OK
L 10/28/2022 - 07:11:38: [AMXX] Failed to open dictionary file: cstrike/addons/amxmodx/data/lang/jb_blockct.txt
L 10/28/2022 - 07:11:38: [gamecms_api.amxx] Connection to the GameCMS database is established
L 10/28/2022 - 07:11:38: [gamecms_api.amxx] "61" services was 'Loaded' from database. Total on server: "61" services.
L 10/28/2022 - 07:11:39: [pluginmenu.amxx] Can't add menu item "Plugin Cvars" from plugin "pluginmenu.amxx" to menu set because the Menus Front-End plugin itself is not loaded!
L 10/28/2022 - 07:11:39: [pluginmenu.amxx] Can't add menu item "Plugin Commands" from plugin "pluginmenu.amxx" to menu set because the Menus Front-End plugin itself is not loaded!
L 10/28/2022 - 08:37:30: -------- Mapchange to jail_buyukinfaz --------
L 10/28/2022 - 08:37:32: [gamecms_api.amxx] Reading GameCMS settings file... OK
L 10/28/2022 - 08:37:32: [AMXX] Failed to open dictionary file: cstrike/addons/amxmodx/data/lang/jb_blockct.txt
L 10/28/2022 - 08:37:32: [gamecms_api.amxx] Connection to the GameCMS database is established
L 10/28/2022 - 08:37:32: [gamecms_api.amxx] "61" services was 'Loaded' from database. Total on server: "61" services.
L 10/28/2022 - 08:37:32: [pluginmenu.amxx] Can't add menu item "Plugin Cvars" from plugin "pluginmenu.amxx" to menu set because the Menus Front-End plugin itself is not loaded!
L 10/28/2022 - 08:37:32: [pluginmenu.amxx] Can't add menu item "Plugin Commands" from plugin "pluginmenu.amxx" to menu set because the Menus Front-End plugin itself is not loaded!
L 10/28/2022 - 09:44:42: [lite_mapchooser.amxx] Vote: Voting for the nextmap started
L 10/28/2022 - 09:44:52: [lite_mapchooser.amxx] [End VoteMap] Nobody voted for the nextmap. Random map jail_reset_v2
L 10/28/2022 - 09:44:55: -------- Mapchange to jail_reset_v2 --------
L 10/28/2022 - 09:44:57: [gamecms_api.amxx] Reading GameCMS settings file... OK
L 10/28/2022 - 09:44:57: [AMXX] Failed to open dictionary file: cstrike/addons/amxmodx/data/lang/jb_blockct.txt
L 10/28/2022 - 09:44:57: [gamecms_api.amxx] Connection to the GameCMS database is established
L 10/28/2022 - 09:44:57: [gamecms_api.amxx] "61" services was 'Loaded' from database. Total on server: "61" services.
L 10/28/2022 - 09:44:57: [pluginmenu.amxx] Can't add menu item "Plugin Cvars" from plugin "pluginmenu.amxx" to menu set because the Menus Front-End plugin itself is not loaded!
L 10/28/2022 - 09:44:57: [pluginmenu.amxx] Can't add menu item "Plugin Commands" from plugin "pluginmenu.amxx" to menu set because the Menus Front-End plugin itself is not loaded!
L 10/28/2022 - 10:13:19: [lite_mapchooser.amxx] Vote: Voting for the nextmap started
L 10/28/2022 - 10:13:29: [lite_mapchooser.amxx] [End VoteMap] Nobody voted for the nextmap. Random map jail_buyukmekan_fix
L 10/28/2022 - 10:13:32: -------- Mapchange to jail_buyukmekan_fix --------
L 10/28/2022 - 10:13:34: [gamecms_api.amxx] Reading GameCMS settings file... OK
L 10/28/2022 - 10:13:34: [AMXX] Failed to open dictionary file: cstrike/addons/amxmodx/data/lang/jb_blockct.txt
L 10/28/2022 - 10:13:34: [gamecms_api.amxx] Connection to the GameCMS database is established
L 10/28/2022 - 10:13:34: [gamecms_api.amxx] "61" services was 'Loaded' from database. Total on server: "61" services.
L 10/28/2022 - 10:13:34: [pluginmenu.amxx] Can't add menu item "Plugin Cvars" from plugin "pluginmenu.amxx" to menu set because the Menus Front-End plugin itself is not loaded!
L 10/28/2022 - 10:13:34: [pluginmenu.amxx] Can't add menu item "Plugin Commands" from plugin "pluginmenu.amxx" to menu set because the Menus Front-End plugin itself is not loaded!
L 10/28/2022 - 10:55:35: [lite_mapchooser.amxx] Vote: Voting for the nextmap started
L 10/28/2022 - 10:55:45: [lite_mapchooser.amxx] [End VoteMap] Nobody voted for the nextmap. Random map jail_sebastian
L 10/28/2022 - 10:55:48: -------- Mapchange to jail_sebastian --------
L 10/28/2022 - 10:55:50: [gamecms_api.amxx] Reading GameCMS settings file... OK
L 10/28/2022 - 10:55:50: [AMXX] Failed to open dictionary file: cstrike/addons/amxmodx/data/lang/jb_blockct.txt
L 10/28/2022 - 10:55:50: [gamecms_api.amxx] Connection to the GameCMS database is established
L 10/28/2022 - 10:55:50: [gamecms_api.amxx] "61" services was 'Loaded' from database. Total on server: "61" services.
L 10/28/2022 - 10:55:51: [pluginmenu.amxx] Can't add menu item "Plugin Cvars" from plugin "pluginmenu.amxx" to menu set because the Menus Front-End plugin itself is not loaded!
L 10/28/2022 - 10:55:51: [pluginmenu.amxx] Can't add menu item "Plugin Commands" from plugin "pluginmenu.amxx" to menu set because the Menus Front-End plugin itself is not loaded!
L 10/28/2022 - 12:05:45: -------- Mapchange to jail_alayinaisyan_b5 --------
L 10/28/2022 - 12:05:46: [gamecms_api.amxx] Reading GameCMS settings file... OK
L 10/28/2022 - 12:05:46: [AMXX] Failed to open dictionary file: cstrike/addons/amxmodx/data/lang/jb_blockct.txt
L 10/28/2022 - 12:05:46: [gamecms_api.amxx] Connection to the GameCMS database is established
L 10/28/2022 - 12:05:47: [gamecms_api.amxx] "61" services was 'Loaded' from database. Total on server: "61" services.
L 10/28/2022 - 12:05:47: [pluginmenu.amxx] Can't add menu item "Plugin Cvars" from plugin "pluginmenu.amxx" to menu set because the Menus Front-End plugin itself is not loaded!
L 10/28/2022 - 12:05:47: [pluginmenu.amxx] Can't add menu item "Plugin Commands" from plugin "pluginmenu.amxx" to menu set because the Menus Front-End plugin itself is not loaded!
L 10/28/2022 - 13:11:19: -------- Mapchange to jail_reset_v2 --------
L 10/28/2022 - 13:11:20: [gamecms_api.amxx] Reading GameCMS settings file... OK
L 10/28/2022 - 13:11:20: [AMXX] Failed to open dictionary file: cstrike/addons/amxmodx/data/lang/jb_blockct.txt
L 10/28/2022 - 13:11:20: [gamecms_api.amxx] Connection to the GameCMS database is established
L 10/28/2022 - 13:11:20: [gamecms_api.amxx] "61" services was 'Loaded' from database. Total on server: "61" services.
L 10/28/2022 - 13:11:21: [pluginmenu.amxx] Can't add menu item "Plugin Cvars" from plugin "pluginmenu.amxx" to menu set because the Menus Front-End plugin itself is not loaded!
L 10/28/2022 - 13:11:21: [pluginmenu.amxx] Can't add menu item "Plugin Commands" from plugin "pluginmenu.amxx" to menu set because the Menus Front-End plugin itself is not loaded!
L 10/28/2022 - 13:32:17: [lite_mapchooser.amxx] Vote: Voting for the nextmap started
L 10/28/2022 - 13:32:27: [lite_mapchooser.amxx] [End VoteMap] Nobody voted for the nextmap. Random map jail_sebastian
L 10/28/2022 - 13:32:30: -------- Mapchange to jail_sebastian --------
L 10/28/2022 - 13:32:32: [gamecms_api.amxx] Reading GameCMS settings file... OK
L 10/28/2022 - 13:32:32: [AMXX] Failed to open dictionary file: cstrike/addons/amxmodx/data/lang/jb_blockct.txt
L 10/28/2022 - 13:32:32: [gamecms_api.amxx] Connection to the GameCMS database is established
L 10/28/2022 - 13:32:33: [gamecms_api.amxx] "61" services was 'Loaded' from database. Total on server: "61" services.
L 10/28/2022 - 13:32:33: [pluginmenu.amxx] Can't add menu item "Plugin Cvars" from plugin "pluginmenu.amxx" to menu set because the Menus Front-End plugin itself is not loaded!
L 10/28/2022 - 13:32:33: [pluginmenu.amxx] Can't add menu item "Plugin Commands" from plugin "pluginmenu.amxx" to menu set because the Menus Front-End plugin itself is not loaded!
L 10/28/2022 - 13:38:04: [gamecms_api.amxx] Authentication... "<HyPe><STEAM_1:0:312021417>" (Account name "STEAM_1:0:312021417" / Admin index "10") (Service flags "stmcphufeqojwdt") (Service name "Интеллектуал + Админ*")
L 10/28/2022 - 13:38:12: [gamecms_api.amxx] Authentication... "<HyPe><STEAM_1:0:312021417>" (Account name "STEAM_1:0:312021417" / Admin index "10") (Service flags "stmcphufeqojwdt") (Service name "Интеллектуал + Админ*")
L 10/28/2022 - 13:45:34: [gamecms_api.amxx] Authentication... "<Player><STEAM_0:0:632569382>" (Account name "STEAM_0:0:632569382" / Admin index "4") (Service flags "abcdefghijklmnopqrstuvwt") (Service name "Руководство")
L 10/28/2022 - 13:45:39: [gamecms_api.amxx] Authentication... "<Player><STEAM_0:0:632569382>" (Account name "STEAM_0:0:632569382" / Admin index "4") (Service flags "abcdefghijklmnopqrstuvwt") (Service name "Руководство")
L 10/28/2022 - 13:45:54: [gamecms_api.amxx] Authentication... "<Player><STEAM_0:0:632569382>" (Account name "STEAM_0:0:632569382" / Admin index "4") (Service flags "abcdefghijklmnopqrstuvwt") (Service name "Руководство")
L 10/28/2022 - 14:06:20: [lite_mapchooser.amxx] Vote: Voting for the nextmap started
L 10/28/2022 - 14:06:30: [lite_mapchooser.amxx] [End VoteMap] Nobody voted for the nextmap. Random map jail_buyukmekan_fix
L 10/28/2022 - 14:06:33: -------- Mapchange to jail_buyukmekan_fix --------
L 10/28/2022 - 14:06:35: [gamecms_api.amxx] Reading GameCMS settings file... OK
L 10/28/2022 - 14:06:35: [AMXX] Failed to open dictionary file: cstrike/addons/amxmodx/data/lang/jb_blockct.txt
L 10/28/2022 - 14:06:35: [gamecms_api.amxx] Connection to the GameCMS database is established
L 10/28/2022 - 14:06:35: [gamecms_api.amxx] "61" services was 'Loaded' from database. Total on server: "61" services.
L 10/28/2022 - 14:06:36: [pluginmenu.amxx] Can't add menu item "Plugin Cvars" from plugin "pluginmenu.amxx" to menu set because the Menus Front-End plugin itself is not loaded!
L 10/28/2022 - 14:06:36: [pluginmenu.amxx] Can't add menu item "Plugin Commands" from plugin "pluginmenu.amxx" to menu set because the Menus Front-End plugin itself is not loaded!
L 10/28/2022 - 14:15:06: [gamecms_api.amxx] Authentication... "<maxik><STEAM_1:0:58613925>" (Account name "maxik" / Admin index "24") (Service flags "gstmcphufeqojwdt") (Service name "Анти граб* + Интеллектуал + Опер + Адм")
L 10/28/2022 - 14:15:10: [gamecms_api.amxx] Authentication... "<maxik><STEAM_1:0:58613925>" (Account name "maxik" / Admin index "24") (Service flags "gstmcphufeqojwdt") (Service name "Анти граб* + Интеллектуал + Опер + Адм")
L 10/28/2022 - 14:21:32: [gamecms_api.amxx] Authentication... "<maxik><STEAM_1:0:58613925>" (Account name "maxik" / Admin index "24") (Service flags "gstmcphufeqojwdt") (Service name "Анти граб* + Интеллектуал + Опер + Адм")
L 10/28/2022 - 14:21:37: [gamecms_api.amxx] Authentication... "<maxik><STEAM_1:0:58613925>" (Account name "maxik" / Admin index "24") (Service flags "gstmcphufeqojwdt") (Service name "Анти граб* + Интеллектуал + Опер + Адм")
L 10/28/2022 - 14:30:00: [plmenu.amxx] Cmd: "maxik<227><STEAM_1:0:58613925><>" slay "KuSka_KuPIla_BiskaS<225><STEAM_1:1:417712716><>"
L 10/28/2022 - 14:37:56: [plmenu.amxx] Cmd: "maxik<227><STEAM_1:0:58613925><>" slay "KuSka_KuPIla_BiskaS<225><STEAM_1:1:417712716><>"
L 10/28/2022 - 15:04:45: [lite_mapchooser.amxx] Vote: Voting for the nextmap started
L 10/28/2022 - 15:04:55: [lite_mapchooser.amxx] [End VoteMap] Voting for the nextmap finished. The nextmap will be jb_mini
L 10/28/2022 - 15:04:58: -------- Mapchange to jb_mini --------
L 10/28/2022 - 15:04:59: [gamecms_api.amxx] Reading GameCMS settings file... OK
L 10/28/2022 - 15:04:59: [AMXX] Failed to open dictionary file: cstrike/addons/amxmodx/data/lang/jb_blockct.txt
L 10/28/2022 - 15:04:59: [gamecms_api.amxx] Connection to the GameCMS database is established
L 10/28/2022 - 15:05:00: [gamecms_api.amxx] "61" services was 'Loaded' from database. Total on server: "61" services.
L 10/28/2022 - 15:05:00: [pluginmenu.amxx] Can't add menu item "Plugin Cvars" from plugin "pluginmenu.amxx" to menu set because the Menus Front-End plugin itself is not loaded!
L 10/28/2022 - 15:05:00: [pluginmenu.amxx] Can't add menu item "Plugin Commands" from plugin "pluginmenu.amxx" to menu set because the Menus Front-End plugin itself is not loaded!
L 10/28/2022 - 15:05:00: [gamecms_api.amxx] Authentication... "<maxik><STEAM_1:0:58613925>" (Account name "maxik" / Admin index "24") (Service flags "gstmcphufeqojwdt") (Service name "Анти граб* + Интеллектуал + Опер + Адм")
L 10/28/2022 - 15:05:04: [gamecms_api.amxx] Authentication... "<maxik><STEAM_1:0:58613925>" (Account name "maxik" / Admin index "24") (Service flags "gstmcphufeqojwdt") (Service name "Анти граб* + Интеллектуал + Опер + Адм")
L 10/28/2022 - 15:05:33: [gamecms_api.amxx] Authentication... "<HyPe><STEAM_1:0:312021417>" (Account name "STEAM_1:0:312021417" / Admin index "10") (Service flags "stmcphufeqojwdt") (Service name "Интеллектуал + Админ*")
L 10/28/2022 - 15:05:35: [gamecms_api.amxx] Authentication... "<HyPe><STEAM_1:0:312021417>" (Account name "STEAM_1:0:312021417" / Admin index "10") (Service flags "stmcphufeqojwdt") (Service name "Интеллектуал + Админ*")
L 10/28/2022 - 15:16:07: [gamecms_api.amxx] Authentication... "<HyPe><STEAM_1:0:312021417>" (Account name "STEAM_1:0:312021417" / Admin index "10") (Service flags "stmcphufeqojwdt") (Service name "Интеллектуал + Админ*")
L 10/28/2022 - 15:16:09: [gamecms_api.amxx] Authentication... "<HyPe><STEAM_1:0:312021417>" (Account name "STEAM_1:0:312021417" / Admin index "10") (Service flags "stmcphufeqojwdt") (Service name "Интеллектуал + Админ*")
L 10/28/2022 - 15:28:15: [plmenu.amxx] Cmd: "maxik<233><STEAM_1:0:58613925><>" slay "CAJIAT<234><STEAM_1:1:417712716><>"
L 10/28/2022 - 15:29:07: [gamecms_api.amxx] Authentication... "<maxik><STEAM_1:0:58613925>" (Account name "maxik" / Admin index "24") (Service flags "gstmcphufeqojwdt") (Service name "Анти граб* + Интеллектуал + Опер + Адм")
L 10/28/2022 - 15:29:58: [gamecms_api.amxx] Authentication... "<maxik><STEAM_1:0:58613925>" (Account name "maxik" / Admin index "24") (Service flags "gstmcphufeqojwdt") (Service name "Анти граб* + Интеллектуал + Опер + Адм")
L 10/28/2022 - 15:34:05: [plmenu.amxx] Cmd: "maxik<245><STEAM_1:0:58613925><>" transfer "K P A C U B O<247><STEAM_1:1:929586921><>" (team "CT")
L 10/28/2022 - 16:22:20: [gamecms_api.amxx] Authentication... "<Hentai><STEAM_1:0:1463331990>" (Account name "Hentai" / Admin index "22") (Service flags "tdsmcphuft") (Service name "Админ* + Опер")
L 10/28/2022 - 16:22:31: [gamecms_api.amxx] Authentication... "<Hentai><STEAM_1:0:1463331990>" (Account name "Hentai" / Admin index "22") (Service flags "tdsmcphuft") (Service name "Админ* + Опер")
L 10/28/2022 - 16:28:37: [gamecms_api.amxx] Authentication... "<Hentai><STEAM_1:0:1463331990>" (Account name "Hentai" / Admin index "22") (Service flags "tdsmcphuft") (Service name "Админ* + Опер")
L 10/28/2022 - 16:28:44: [gamecms_api.amxx] Authentication... "<Hentai><STEAM_1:0:1463331990>" (Account name "Hentai" / Admin index "22") (Service flags "tdsmcphuft") (Service name "Админ* + Опер")
L 10/28/2022 - 16:29:57: [gamecms_api.amxx] Authentication... "<Hentai><STEAM_1:0:1463331990>" (Account name "Hentai" / Admin index "22") (Service flags "tdsmcphuft") (Service name "Админ* + Опер")
L 10/28/2022 - 16:30:09: [gamecms_api.amxx] Authentication... "<Hentai><STEAM_1:0:1463331990>" (Account name "Hentai" / Admin index "22") (Service flags "tdsmcphuft") (Service name "Админ* + Опер")
L 10/28/2022 - 16:32:50: [gamecms_api.amxx] Authentication... "<Hentai><STEAM_2:0:1809962572>" (Account name "Hentai" / Admin index "22") (Service flags "tdsmcphuft") (Service name "Админ* + Опер")
L 10/28/2022 - 16:35:15: [gamecms_api.amxx] Authentication... "<Hentai><STEAM_2:0:1370544238>" (Account name "Hentai" / Admin index "22") (Service flags "tdsmcphuft") (Service name "Админ* + Опер")
L 10/28/2022 - 16:35:18: [lite_mapchooser.amxx] Hentai проголосовал за смену карты. Осталось: 2 голосов.
L 10/28/2022 - 16:40:00: [lite_mapchooser.amxx] Vote: Voting for the nextmap started
L 10/28/2022 - 16:40:10: [lite_mapchooser.amxx] [End VoteMap] Voting for the nextmap finished. The nextmap will be jaiI_xmf_v2
L 10/28/2022 - 16:40:14: -------- Mapchange to jaiI_xmf_v2 --------
L 10/28/2022 - 16:40:15: [gamecms_api.amxx] Reading GameCMS settings file... OK
L 10/28/2022 - 16:40:15: [AMXX] Failed to open dictionary file: cstrike/addons/amxmodx/data/lang/jb_blockct.txt
L 10/28/2022 - 16:40:15: [gamecms_api.amxx] Connection to the GameCMS database is established
L 10/28/2022 - 16:40:16: [gamecms_api.amxx] "61" services was 'Loaded' from database. Total on server: "61" services.
L 10/28/2022 - 16:40:16: [pluginmenu.amxx] Can't add menu item "Plugin Cvars" from plugin "pluginmenu.amxx" to menu set because the Menus Front-End plugin itself is not loaded!
L 10/28/2022 - 16:40:16: [pluginmenu.amxx] Can't add menu item "Plugin Commands" from plugin "pluginmenu.amxx" to menu set because the Menus Front-End plugin itself is not loaded!
L 10/28/2022 - 16:40:16: [gamecms_api.amxx] Authentication... "<Hentai><STEAM_2:0:1370544238>" (Account name "Hentai" / Admin index "22") (Service flags "tdsmcphuft") (Service name "Админ* + Опер")
L 10/28/2022 - 16:40:22: [gamecms_api.amxx] Authentication... "<Hentai><STEAM_2:0:1370544238>" (Account name "Hentai" / Admin index "22") (Service flags "tdsmcphuft") (Service name "Админ* + Опер")
L 10/28/2022 - 16:55:29: [gamecms_api.amxx] Authentication: "<Kykylllka><STEAM_1:1:133049805>" wrong password (Account name "Kykylllka") (Password "" ("artemka2017")
L 10/28/2022 - 16:55:29: [gamecms_api.amxx] Authentication: "<Kykylllka><STEAM_1:1:133049805>" wrong password (Account name "Kykylllka") (Password "" ("artemka2017")
L 10/28/2022 - 16:55:29: [gamecms_api.amxx] Authentication: "<Kykylllka><STEAM_1:1:133049805>" wrong password (Account name "Kykylllka") (Password "" ("artemka2017")
L 10/28/2022 - 16:55:47: [gamecms_api.amxx] Authentication... "<Kykylllka><STEAM_1:1:133049805>" (Account name "Kykylllka" / Admin index "31") (Service flags "stdmcphut") (Service name "Паутинка* + Админ* + Смерть")
L 10/28/2022 - 16:55:51: [gamecms_api.amxx] Authentication... "<Kykylllka><STEAM_1:1:133049805>" (Account name "Kykylllka" / Admin index "31") (Service flags "stdmcphut") (Service name "Паутинка* + Админ* + Смерть")
L 10/28/2022 - 17:28:55: [lite_mapchooser.amxx] Vote: Voting for the nextmap started
L 10/28/2022 - 17:29:05: [lite_mapchooser.amxx] [End VoteMap] Voting for the nextmap finished. The nextmap will be jail_sebastian
L 10/28/2022 - 17:29:08: -------- Mapchange to jail_sebastian --------
L 10/28/2022 - 17:29:10: [gamecms_api.amxx] Reading GameCMS settings file... OK
L 10/28/2022 - 17:29:10: [AMXX] Failed to open dictionary file: cstrike/addons/amxmodx/data/lang/jb_blockct.txt
L 10/28/2022 - 17:29:10: [gamecms_api.amxx] Connection to the GameCMS database is established
L 10/28/2022 - 17:29:11: [gamecms_api.amxx] "61" services was 'Loaded' from database. Total on server: "61" services.
L 10/28/2022 - 17:29:11: [pluginmenu.amxx] Can't add menu item "Plugin Cvars" from plugin "pluginmenu.amxx" to menu set because the Menus Front-End plugin itself is not loaded!
L 10/28/2022 - 17:29:11: [pluginmenu.amxx] Can't add menu item "Plugin Commands" from plugin "pluginmenu.amxx" to menu set because the Menus Front-End plugin itself is not loaded!
L 10/28/2022 - 17:44:56: [gamecms_api.amxx] Authentication: "<ss0><STEAM_1:0:352927001>" wrong password (Account name "ss0") (Password "" ("2765qw11")
L 10/28/2022 - 17:44:56: [gamecms_api.amxx] Authentication: "<ss0><STEAM_1:0:352927001>" wrong password (Account name "ss0") (Password "" ("2765qw11")
L 10/28/2022 - 17:45:11: [gamecms_api.amxx] Authentication: "<ss0><STEAM_1:0:352927001>" wrong password (Account name "ss0") (Password "123" ("2765qw11")
L 10/28/2022 - 17:45:11: [gamecms_api.amxx] Authentication: "<ss0><STEAM_1:0:352927001>" wrong password (Account name "ss0") (Password "123" ("2765qw11")
L 10/28/2022 - 17:49:40: [lite_mapchooser.amxx] Vote: Voting for the nextmap started
L 10/28/2022 - 17:49:50: [lite_mapchooser.amxx] [End VoteMap] Voting for the nextmap finished. The nextmap will be jail_west_v2
L 10/28/2022 - 17:49:53: -------- Mapchange to jail_west_v2 --------
L 10/28/2022 - 17:49:54: [gamecms_api.amxx] Reading GameCMS settings file... OK
L 10/28/2022 - 17:49:54: [AMXX] Failed to open dictionary file: cstrike/addons/amxmodx/data/lang/jb_blockct.txt
L 10/28/2022 - 17:49:54: [gamecms_api.amxx] Connection to the GameCMS database is established
L 10/28/2022 - 17:49:54: [gamecms_api.amxx] "61" services was 'Loaded' from database. Total on server: "61" services.
L 10/28/2022 - 17:49:55: [pluginmenu.amxx] Can't add menu item "Plugin Cvars" from plugin "pluginmenu.amxx" to menu set because the Menus Front-End plugin itself is not loaded!
L 10/28/2022 - 17:49:55: [pluginmenu.amxx] Can't add menu item "Plugin Commands" from plugin "pluginmenu.amxx" to menu set because the Menus Front-End plugin itself is not loaded!
L 10/28/2022 - 18:14:17: [lite_mapchooser.amxx] Vote: Voting for the nextmap started
L 10/28/2022 - 18:14:27: [lite_mapchooser.amxx] [End VoteMap] Nobody voted for the nextmap. Random map jail_buyuklise
L 10/28/2022 - 18:14:30: -------- Mapchange to jail_buyuklise --------
L 10/28/2022 - 18:14:32: [gamecms_api.amxx] Reading GameCMS settings file... OK
L 10/28/2022 - 18:14:32: [AMXX] Failed to open dictionary file: cstrike/addons/amxmodx/data/lang/jb_blockct.txt
L 10/28/2022 - 18:14:32: [gamecms_api.amxx] Connection to the GameCMS database is established
L 10/28/2022 - 18:14:32: [gamecms_api.amxx] "61" services was 'Loaded' from database. Total on server: "61" services.
L 10/28/2022 - 18:14:33: [pluginmenu.amxx] Can't add menu item "Plugin Cvars" from plugin "pluginmenu.amxx" to menu set because the Menus Front-End plugin itself is not loaded!
L 10/28/2022 - 18:14:33: [pluginmenu.amxx] Can't add menu item "Plugin Commands" from plugin "pluginmenu.amxx" to menu set because the Menus Front-End plugin itself is not loaded!
L 10/28/2022 - 18:27:09: [gamecms_api.amxx] Authentication: "<ne bebra><STEAM_1:1:1931980404>" wrong password (Account name "ne bebra") (Password "" ("NIGGA")
L 10/28/2022 - 18:27:09: [gamecms_api.amxx] Authentication: "<ne bebra><STEAM_1:1:1931980404>" wrong password (Account name "ne bebra") (Password "" ("NIGGA")
L 10/28/2022 - 18:27:09: [gamecms_api.amxx] Authentication: "<ne bebra><STEAM_1:1:1931980404>" wrong password (Account name "ne bebra") (Password "" ("NIGGA")
L 10/28/2022 - 18:27:09: [gamecms_api.amxx] Authentication: "<ne bebra><STEAM_1:1:1931980404>" wrong password (Account name "ne bebra") (Password "" ("NIGGA")
L 10/28/2022 - 18:28:31: [gamecms_api.amxx] Authentication... "<Star Platinum><STEAM_2:0:1262329417>" (Account name "Star Platinum" / Admin index "13") (Service flags "stmcphufeqojwt") (Service name "Интеллектуал")
L 10/28/2022 - 18:28:45: [gamecms_api.amxx] Authentication... "<Star Platinum><STEAM_2:0:1262329417>" (Account name "Star Platinum" / Admin index "13") (Service flags "stmcphufeqojwt") (Service name "Интеллектуал")
L 10/28/2022 - 18:29:16: [gamecms_api.amxx] Authentication... "<ne bebra><STEAM_1:1:1931980404>" (Account name "ne bebra" / Admin index "18") (Service flags "tdsmcpht") (Service name "Админ* + Хакер + Паутинка* + Ультра")
L 10/28/2022 - 18:30:05: [gamecms_api.amxx] Authentication... "<ne bebra><STEAM_1:1:1931980404>" (Account name "ne bebra" / Admin index "18") (Service flags "tdsmcpht") (Service name "Админ* + Хакер + Паутинка* + Ультра")
L 10/28/2022 - 18:31:07: [gamecms_api.amxx] Authentication... "<ne bebra><STEAM_1:1:1931980404>" (Account name "ne bebra" / Admin index "18") (Service flags "tdsmcpht") (Service name "Админ* + Хакер + Паутинка* + Ультра")
L 10/28/2022 - 18:31:11: [gamecms_api.amxx] Authentication... "<ne bebra><STEAM_1:1:1931980404>" (Account name "ne bebra" / Admin index "18") (Service flags "tdsmcpht") (Service name "Админ* + Хакер + Паутинка* + Ультра")
L 10/28/2022 - 18:31:11: [gamecms_api.amxx] Authentication... "<ne bebra><STEAM_1:1:1931980404>" (Account name "ne bebra" / Admin index "18") (Service flags "tdsmcpht") (Service name "Админ* + Хакер + Паутинка* + Ультра")
L 10/28/2022 - 18:32:12: [gamecms_api.amxx] Authentication... "<ne bebra><STEAM_1:1:1931980404>" (Account name "ne bebra" / Admin index "18") (Service flags "tdsmcpht") (Service name "Админ* + Хакер + Паутинка* + Ультра")
L 10/28/2022 - 18:32:16: [gamecms_api.amxx] Authentication... "<ne bebra><STEAM_1:1:1931980404>" (Account name "ne bebra" / Admin index "18") (Service flags "tdsmcpht") (Service name "Админ* + Хакер + Паутинка* + Ультра")
L 10/28/2022 - 18:32:16: [gamecms_api.amxx] Authentication... "<ne bebra><STEAM_1:1:1931980404>" (Account name "ne bebra" / Admin index "18") (Service flags "tdsmcpht") (Service name "Админ* + Хакер + Паутинка* + Ультра")
L 10/28/2022 - 18:36:23: [lite_mapchooser.amxx] Vote: Voting for the nextmap started
L 10/28/2022 - 18:36:33: [lite_mapchooser.amxx] [End VoteMap] Nobody voted for the nextmap. Random map jaiI_xmf_v2
L 10/28/2022 - 18:36:36: -------- Mapchange to jaiI_xmf_v2 --------
L 10/28/2022 - 18:36:38: [gamecms_api.amxx] Reading GameCMS settings file... OK
L 10/28/2022 - 18:36:38: [AMXX] Failed to open dictionary file: cstrike/addons/amxmodx/data/lang/jb_blockct.txt
L 10/28/2022 - 18:36:38: [gamecms_api.amxx] Connection to the GameCMS database is established
L 10/28/2022 - 18:36:38: [gamecms_api.amxx] "61" services was 'Loaded' from database. Total on server: "61" services.
L 10/28/2022 - 18:36:38: [pluginmenu.amxx] Can't add menu item "Plugin Cvars" from plugin "pluginmenu.amxx" to menu set because the Menus Front-End plugin itself is not loaded!
L 10/28/2022 - 18:36:38: [pluginmenu.amxx] Can't add menu item "Plugin Commands" from plugin "pluginmenu.amxx" to menu set because the Menus Front-End plugin itself is not loaded!
L 10/28/2022 - 18:36:39: [gamecms_api.amxx] Authentication... "<ne bebra><STEAM_1:1:1931980404>" (Account name "ne bebra" / Admin index "18") (Service flags "tdsmcpht") (Service name "Админ* + Хакер + Паутинка* + Ультра")
L 10/28/2022 - 18:36:43: [gamecms_api.amxx] Authentication... "<ne bebra><STEAM_1:1:1931980404>" (Account name "ne bebra" / Admin index "18") (Service flags "tdsmcpht") (Service name "Админ* + Хакер + Паутинка* + Ультра")
L 10/28/2022 - 19:04:37: [lite_mapchooser.amxx] Vote: Voting for the nextmap started
L 10/28/2022 - 19:04:44: [gamecms_api.amxx] Authentication... "<ne bebra><STEAM_1:1:1931980404>" (Account name "ne bebra" / Admin index "18") (Service flags "tdsmcpht") (Service name "Админ* + Хакер + Паутинка* + Ультра")
L 10/28/2022 - 19:04:47: [lite_mapchooser.amxx] [End VoteMap] Nobody voted for the nextmap. Random map jb_mini
L 10/28/2022 - 19:04:50: -------- Mapchange to jb_mini --------
L 10/28/2022 - 19:04:52: [gamecms_api.amxx] Reading GameCMS settings file... OK
L 10/28/2022 - 19:04:52: [AMXX] Failed to open dictionary file: cstrike/addons/amxmodx/data/lang/jb_blockct.txt
L 10/28/2022 - 19:04:52: [gamecms_api.amxx] Connection to the GameCMS database is established
L 10/28/2022 - 19:04:52: [gamecms_api.amxx] "61" services was 'Loaded' from database. Total on server: "61" services.
L 10/28/2022 - 19:04:53: [pluginmenu.amxx] Can't add menu item "Plugin Cvars" from plugin "pluginmenu.amxx" to menu set because the Menus Front-End plugin itself is not loaded!
L 10/28/2022 - 19:04:53: [pluginmenu.amxx] Can't add menu item "Plugin Commands" from plugin "pluginmenu.amxx" to menu set because the Menus Front-End plugin itself is not loaded!
L 10/28/2022 - 19:04:53: [gamecms_api.amxx] Authentication... "<ne bebra><STEAM_1:1:1931980404>" (Account name "ne bebra" / Admin index "18") (Service flags "tdsmcpht") (Service name "Админ* + Хакер + Паутинка* + Ультра")
L 10/28/2022 - 19:04:57: [gamecms_api.amxx] Authentication... "<ne bebra><STEAM_1:1:1931980404>" (Account name "ne bebra" / Admin index "18") (Service flags "tdsmcpht") (Service name "Админ* + Хакер + Паутинка* + Ультра")
L 10/28/2022 - 19:05:17: [gamecms_api.amxx] Authentication... "<Hentai><STEAM_2:0:1809962572>" (Account name "Hentai" / Admin index "22") (Service flags "tdsmcphuft") (Service name "Админ* + Опер")
L 10/28/2022 - 19:05:20: [gamecms_api.amxx] Authentication... "<Hentai><STEAM_2:0:1809962572>" (Account name "Hentai" / Admin index "22") (Service flags "tdsmcphuft") (Service name "Админ* + Опер")
L 10/28/2022 - 19:29:42: [lite_mapchooser.amxx] Vote: Voting for the nextmap started
L 10/28/2022 - 19:29:52: [lite_mapchooser.amxx] [End VoteMap] Voting for the nextmap finished. The nextmap will be jail_buyukmekan_fix
L 10/28/2022 - 19:29:55: -------- Mapchange to jail_buyukmekan_fix --------
L 10/28/2022 - 19:29:57: [gamecms_api.amxx] Reading GameCMS settings file... OK
L 10/28/2022 - 19:29:57: [AMXX] Failed to open dictionary file: cstrike/addons/amxmodx/data/lang/jb_blockct.txt
L 10/28/2022 - 19:29:57: [gamecms_api.amxx] Connection to the GameCMS database is established
L 10/28/2022 - 19:29:57: [gamecms_api.amxx] "61" services was 'Loaded' from database. Total on server: "61" services.
L 10/28/2022 - 19:29:57: [pluginmenu.amxx] Can't add menu item "Plugin Cvars" from plugin "pluginmenu.amxx" to menu set because the Menus Front-End plugin itself is not loaded!
L 10/28/2022 - 19:29:57: [pluginmenu.amxx] Can't add menu item "Plugin Commands" from plugin "pluginmenu.amxx" to menu set because the Menus Front-End plugin itself is not loaded!
L 10/28/2022 - 19:29:58: [gamecms_api.amxx] Authentication... "<ne bebra><STEAM_1:1:1931980404>" (Account name "ne bebra" / Admin index "18") (Service flags "tdsmcpht") (Service name "Админ* + Хакер + Паутинка* + Ультра")
L 10/28/2022 - 19:29:58: [gamecms_api.amxx] Authentication... "<Hentai><STEAM_2:0:1809962572>" (Account name "Hentai" / Admin index "22") (Service flags "tdsmcphuft") (Service name "Админ* + Опер")
L 10/28/2022 - 19:30:02: [gamecms_api.amxx] Authentication... "<Hentai><STEAM_2:0:1809962572>" (Account name "Hentai" / Admin index "22") (Service flags "tdsmcphuft") (Service name "Админ* + Опер")
L 10/28/2022 - 19:30:02: [gamecms_api.amxx] Authentication... "<ne bebra><STEAM_1:1:1931980404>" (Account name "ne bebra" / Admin index "18") (Service flags "tdsmcpht") (Service name "Админ* + Хакер + Паутинка* + Ультра")
L 10/28/2022 - 19:53:25: [gamecms_api.amxx] Authentication... "<DoNt><STEAM_2:1:1115243388>" (Account name "DoNt" / Admin index "15") (Service flags "stmcpt") (Service name "Альфа")
L 10/28/2022 - 19:53:29: [gamecms_api.amxx] Authentication... "<DoNt><STEAM_2:1:1115243388>" (Account name "DoNt" / Admin index "15") (Service flags "stmcpt") (Service name "Альфа")
L 10/28/2022 - 19:53:31: [lite_mapchooser.amxx] Vote: Voting for the nextmap started
L 10/28/2022 - 19:53:41: [lite_mapchooser.amxx] [End VoteMap] Voting for the nextmap finished. The nextmap will be jaiI_xmf_v2
L 10/28/2022 - 19:53:44: -------- Mapchange to jaiI_xmf_v2 --------
L 10/28/2022 - 19:53:45: [gamecms_api.amxx] Reading GameCMS settings file... OK
L 10/28/2022 - 19:53:45: [AMXX] Failed to open dictionary file: cstrike/addons/amxmodx/data/lang/jb_blockct.txt
L 10/28/2022 - 19:53:45: [gamecms_api.amxx] Connection to the GameCMS database is established
L 10/28/2022 - 19:53:46: [gamecms_api.amxx] "61" services was 'Loaded' from database. Total on server: "61" services.
L 10/28/2022 - 19:53:46: [pluginmenu.amxx] Can't add menu item "Plugin Cvars" from plugin "pluginmenu.amxx" to menu set because the Menus Front-End plugin itself is not loaded!
L 10/28/2022 - 19:53:46: [pluginmenu.amxx] Can't add menu item "Plugin Commands" from plugin "pluginmenu.amxx" to menu set because the Menus Front-End plugin itself is not loaded!
L 10/28/2022 - 19:58:40: [gamecms_api.amxx] Authentication... "<DoNt><STEAM_2:1:1115243388>" (Account name "DoNt" / Admin index "15") (Service flags "stmcpt") (Service name "Альфа")
L 10/28/2022 - 19:58:42: [gamecms_api.amxx] Authentication... "<DoNt><STEAM_2:1:1115243388>" (Account name "DoNt" / Admin index "15") (Service flags "stmcpt") (Service name "Альфа")
L 10/28/2022 - 20:10:02: [gamecms_api.amxx] Authentication... "<Ту4ка><STEAM_2:0:224549487>" (Account name "Ту4ка" / Admin index "11") (Service flags "stmcphdt") (Service name "Хакер + Паутинка* + Админ*")
L 10/28/2022 - 20:10:05: [gamecms_api.amxx] Authentication... "<Ту4ка><STEAM_2:0:224549487>" (Account name "Ту4ка" / Admin index "11") (Service flags "stmcphdt") (Service name "Хакер + Паутинка* + Админ*")
L 10/28/2022 - 20:12:44: [gamecms_api.amxx] Authentication... "<Hentai><STEAM_2:0:1809962572>" (Account name "Hentai" / Admin index "22") (Service flags "tdsmcphuft") (Service name "Админ* + Опер")
L 10/28/2022 - 20:12:49: [gamecms_api.amxx] Authentication... "<Hentai><STEAM_2:0:1809962572>" (Account name "Hentai" / Admin index "22") (Service flags "tdsmcphuft") (Service name "Админ* + Опер")
L 10/28/2022 - 20:38:17: [gamecms_api.amxx] Authentication... "<SleNsyy><STEAM_2:1:1786400036>" (Account name "SleNsyy" / Admin index "30") (Service flags "tdsmcphufeqt") (Service name "Админ* + Президент")
L 10/28/2022 - 20:38:20: [gamecms_api.amxx] Authentication... "<SleNsyy><STEAM_2:1:1786400036>" (Account name "SleNsyy" / Admin index "30") (Service flags "tdsmcphufeqt") (Service name "Админ* + Президент")
L 10/28/2022 - 20:38:38: [lite_mapchooser.amxx] Vote: Voting for the nextmap started
L 10/28/2022 - 20:38:48: [lite_mapchooser.amxx] [End VoteMap] Nobody voted for the nextmap. Random map jail_west_v2
L 10/28/2022 - 20:38:52: -------- Mapchange to jail_west_v2 --------
L 10/28/2022 - 20:38:53: [gamecms_api.amxx] Reading GameCMS settings file... OK
L 10/28/2022 - 20:38:53: [AMXX] Failed to open dictionary file: cstrike/addons/amxmodx/data/lang/jb_blockct.txt
L 10/28/2022 - 20:38:53: [gamecms_api.amxx] Connection to the GameCMS database is established
L 10/28/2022 - 20:38:53: [gamecms_api.amxx] "61" services was 'Loaded' from database. Total on server: "61" services.
L 10/28/2022 - 20:38:54: [pluginmenu.amxx] Can't add menu item "Plugin Cvars" from plugin "pluginmenu.amxx" to menu set because the Menus Front-End plugin itself is not loaded!
L 10/28/2022 - 20:38:54: [pluginmenu.amxx] Can't add menu item "Plugin Commands" from plugin "pluginmenu.amxx" to menu set because the Menus Front-End plugin itself is not loaded!
L 10/28/2022 - 21:01:36: [lite_mapchooser.amxx] Vote: Voting for the nextmap started
L 10/28/2022 - 21:01:46: [lite_mapchooser.amxx] [End VoteMap] Voting for the nextmap finished. The nextmap will be jail_reset_v2
L 10/28/2022 - 21:01:49: -------- Mapchange to jail_reset_v2 --------
L 10/28/2022 - 21:01:50: [gamecms_api.amxx] Reading GameCMS settings file... OK
L 10/28/2022 - 21:01:50: [AMXX] Failed to open dictionary file: cstrike/addons/amxmodx/data/lang/jb_blockct.txt
L 10/28/2022 - 21:01:50: [gamecms_api.amxx] Connection to the GameCMS database is established
L 10/28/2022 - 21:01:51: [gamecms_api.amxx] "61" services was 'Loaded' from database. Total on server: "61" services.
L 10/28/2022 - 21:01:51: [pluginmenu.amxx] Can't add menu item "Plugin Cvars" from plugin "pluginmenu.amxx" to menu set because the Menus Front-End plugin itself is not loaded!
L 10/28/2022 - 21:01:51: [pluginmenu.amxx] Can't add menu item "Plugin Commands" from plugin "pluginmenu.amxx" to menu set because the Menus Front-End plugin itself is not loaded!
L 10/28/2022 - 21:25:43: [gamecms_api.amxx] Authentication... "<Hentai><STEAM_1:0:1463331990>" (Account name "Hentai" / Admin index "22") (Service flags "tdsmcphuft") (Service name "Админ* + Опер")
L 10/28/2022 - 21:25:49: [gamecms_api.amxx] Authentication... "<Hentai><STEAM_1:0:1463331990>" (Account name "Hentai" / Admin index "22") (Service flags "tdsmcphuft") (Service name "Админ* + Опер")
L 10/28/2022 - 21:26:16: [lite_mapchooser.amxx] Vote: Voting for the nextmap started
L 10/28/2022 - 21:26:26: [lite_mapchooser.amxx] [End VoteMap] Voting for the nextmap finished. Map jail_reset_v2 extended by 15 minutes
L 10/28/2022 - 21:50:34: [lite_mapchooser.amxx] Vote: Voting for the nextmap started
L 10/28/2022 - 21:50:44: [lite_mapchooser.amxx] [End VoteMap] Nobody voted for the nextmap. Random map jaiI_xmf_v2
L 10/28/2022 - 21:50:47: -------- Mapchange to jaiI_xmf_v2 --------
L 10/28/2022 - 21:50:49: [gamecms_api.amxx] Reading GameCMS settings file... OK
L 10/28/2022 - 21:50:49: [AMXX] Failed to open dictionary file: cstrike/addons/amxmodx/data/lang/jb_blockct.txt
L 10/28/2022 - 21:50:49: [gamecms_api.amxx] Connection to the GameCMS database is established
L 10/28/2022 - 21:50:49: [gamecms_api.amxx] "61" services was 'Loaded' from database. Total on server: "61" services.
L 10/28/2022 - 21:50:50: [pluginmenu.amxx] Can't add menu item "Plugin Cvars" from plugin "pluginmenu.amxx" to menu set because the Menus Front-End plugin itself is not loaded!
L 10/28/2022 - 21:50:50: [pluginmenu.amxx] Can't add menu item "Plugin Commands" from plugin "pluginmenu.amxx" to menu set because the Menus Front-End plugin itself is not loaded!
L 10/28/2022 - 21:51:18: [gamecms_api.amxx] Authentication... "<Hentai><STEAM_1:0:1463331990>" (Account name "Hentai" / Admin index "22") (Service flags "tdsmcphuft") (Service name "Админ* + Опер")
L 10/28/2022 - 21:51:24: [gamecms_api.amxx] Authentication... "<Hentai><STEAM_1:0:1463331990>" (Account name "Hentai" / Admin index "22") (Service flags "tdsmcphuft") (Service name "Админ* + Опер")
L 10/28/2022 - 22:34:19: [gamecms_api.amxx] Authentication... "<Star Platinum><STEAM_2:0:1262329417>" (Account name "Star Platinum" / Admin index "13") (Service flags "stmcphufeqojwt") (Service name "Интеллектуал")
L 10/28/2022 - 22:34:27: [gamecms_api.amxx] Authentication... "<Star Platinum><STEAM_2:0:1262329417>" (Account name "Star Platinum" / Admin index "13") (Service flags "stmcphufeqojwt") (Service name "Интеллектуал")
L 10/28/2022 - 22:34:50: [lite_mapchooser.amxx] Vote: Voting for the nextmap started
L 10/28/2022 - 22:35:00: [lite_mapchooser.amxx] [End VoteMap] Voting for the nextmap finished. Map jaiI_xmf_v2 extended by 15 minutes
L 10/28/2022 - 22:35:28: -------- Mapchange to jail_west_v2 --------
L 10/28/2022 - 22:35:30: [gamecms_api.amxx] Reading GameCMS settings file... OK
L 10/28/2022 - 22:35:30: [AMXX] Failed to open dictionary file: cstrike/addons/amxmodx/data/lang/jb_blockct.txt
L 10/28/2022 - 22:35:30: [gamecms_api.amxx] Connection to the GameCMS database is established
L 10/28/2022 - 22:35:30: [gamecms_api.amxx] "61" services was 'Loaded' from database. Total on server: "61" services.
L 10/28/2022 - 22:35:30: [pluginmenu.amxx] Can't add menu item "Plugin Cvars" from plugin "pluginmenu.amxx" to menu set because the Menus Front-End plugin itself is not loaded!
L 10/28/2022 - 22:35:30: [pluginmenu.amxx] Can't add menu item "Plugin Commands" from plugin "pluginmenu.amxx" to menu set because the Menus Front-End plugin itself is not loaded!
L 10/28/2022 - 22:35:30: [gamecms_api.amxx] Authentication... "<Star Platinum><STEAM_2:0:1262329417>" (Account name "Star Platinum" / Admin index "13") (Service flags "stmcphufeqojwt") (Service name "Интеллектуал")
L 10/28/2022 - 22:35:34: [gamecms_api.amxx] Authentication... "<Star Platinum><STEAM_2:0:1262329417>" (Account name "Star Platinum" / Admin index "13") (Service flags "stmcphufeqojwt") (Service name "Интеллектуал")
L 10/28/2022 - 23:03:20: [gamecms_api.amxx] Authentication... "<SleNsyy><STEAM_2:1:1786400036>" (Account name "SleNsyy" / Admin index "30") (Service flags "tdsmcphufeqt") (Service name "Админ* + Президент")
L 10/28/2022 - 23:03:23: [gamecms_api.amxx] Authentication... "<SleNsyy><STEAM_2:1:1786400036>" (Account name "SleNsyy" / Admin index "30") (Service flags "tdsmcphufeqt") (Service name "Админ* + Президент")
L 10/28/2022 - 23:06:20: [plmenu.amxx] Cmd: "SleNsyy<410><STEAM_2:1:1786400036><>" transfer "j.flapix<408><STEAM_1:1:1093222629><>" (team "CT")
